[0.321s] Invoking command in '/home/rudra/bharatforge/abhiroop/build/communication_msgs': CMAKE_PREFIX_PATH=/home/rudra/bharatforge/abhiroop/install/communication_msgs:/home/rudra/abhiroop/install/communication_msgs:/home/rudra/ws_offboard_control/install/px4_ros_com:/home/rudra/ws_offboard_control/install/px4_msgs:/home/rudra/bharatforge/abhiroop/install/autobot_recog:/home/rudra/abhiroop/install/autobot_recog:/opt/ros/humble:/home/rudra/ws_offboard_control/install/lidar_bridge /usr/bin/cmake --build /home/rudra/bharatforge/abhiroop/build/communication_msgs -- -j12 -l12
[0.431s] [  2%] Built target communication_msgs__cpp
[0.439s] [ 12%] Built target communication_msgs__rosidl_generator_c
[0.443s] [ 12%] Built target ament_cmake_python_symlink_communication_msgs
[0.477s] [ 55%] Built target communication_msgs__rosidl_typesupport_fastrtps_cpp
[0.477s] [ 55%] Built target communication_msgs__rosidl_typesupport_introspection_cpp
[0.477s] [ 55%] Built target communication_msgs__rosidl_typesupport_c
[0.477s] [ 55%] Built target communication_msgs__rosidl_typesupport_cpp
[0.478s] [ 76%] Built target communication_msgs__rosidl_typesupport_introspection_c
[0.478s] [ 76%] Built target communication_msgs__rosidl_typesupport_fastrtps_c
[0.505s] [ 76%] Built target communication_msgs
[0.536s] [ 78%] Built target communication_msgs__py
[0.573s] [ 87%] Built target communication_msgs__rosidl_generator_py
[0.605s] [100%] Built target communication_msgs__rosidl_typesupport_c__pyext
[0.606s] [100%] Built target communication_msgs__rosidl_typesupport_fastrtps_c__pyext
[0.606s] [100%] Built target communication_msgs__rosidl_typesupport_introspection_c__pyext
[0.761s] running egg_info
[0.761s] writing communication_msgs.egg-info/PKG-INFO
[0.762s] writing dependency_links to communication_msgs.egg-info/dependency_links.txt
[0.762s] writing top-level names to communication_msgs.egg-info/top_level.txt
[0.765s] reading manifest file 'communication_msgs.egg-info/SOURCES.txt'
[0.771s] writing manifest file 'communication_msgs.egg-info/SOURCES.txt'
[0.809s] [100%] Built target ament_cmake_python_build_communication_msgs_egg
[0.830s] Invoked command in '/home/rudra/bharatforge/abhiroop/build/communication_msgs' returned '0': CMAKE_PREFIX_PATH=/home/rudra/bharatforge/abhiroop/install/communication_msgs:/home/rudra/abhiroop/install/communication_msgs:/home/rudra/ws_offboard_control/install/px4_ros_com:/home/rudra/ws_offboard_control/install/px4_msgs:/home/rudra/bharatforge/abhiroop/install/autobot_recog:/home/rudra/abhiroop/install/autobot_recog:/opt/ros/humble:/home/rudra/ws_offboard_control/install/lidar_bridge /usr/bin/cmake --build /home/rudra/bharatforge/abhiroop/build/communication_msgs -- -j12 -l12
[0.844s] Invoking command in '/home/rudra/bharatforge/abhiroop/build/communication_msgs': CMAKE_PREFIX_PATH=/home/rudra/bharatforge/abhiroop/install/communication_msgs:/home/rudra/abhiroop/install/communication_msgs:/home/rudra/ws_offboard_control/install/px4_ros_com:/home/rudra/ws_offboard_control/install/px4_msgs:/home/rudra/bharatforge/abhiroop/install/autobot_recog:/home/rudra/abhiroop/install/autobot_recog:/opt/ros/humble:/home/rudra/ws_offboard_control/install/lidar_bridge /usr/bin/cmake --install /home/rudra/bharatforge/abhiroop/build/communication_msgs
[0.855s] -- Install configuration: ""
[0.856s] -- Execute custom install script
[0.856s] -- Up-to-date symlink: /home/rudra/bharatforge/abhiroop/install/communication_msgs/share/ament_index/resource_index/rosidl_interfaces/communication_msgs
[0.857s] -- Up-to-date symlink: /home/rudra/bharatforge/abhiroop/install/communication_msgs/include/communication_msgs/communication_msgs/msg/rosidl_generator_c__visibility_control.h
[0.858s] -- Up-to-date symlink: /home/rudra/bharatforge/abhiroop/install/communication_msgs/include/communication_msgs/communication_msgs/srv/detail/liveliness__functions.h
[0.858s] -- Up-to-date symlink: /home/rudra/bharatforge/abhiroop/install/communication_msgs/include/communication_msgs/communication_msgs/srv/detail/liveliness__struct.h
[0.858s] -- Up-to-date symlink: /home/rudra/bharatforge/abhiroop/install/communication_msgs/include/communication_msgs/communication_msgs/srv/detail/liveliness__type_support.h
[0.858s] -- Up-to-date symlink: /home/rudra/bharatforge/abhiroop/install/communication_msgs/include/communication_msgs/communication_msgs/srv/detail/task_assignment__functions.h
[0.858s] -- Up-to-date symlink: /home/rudra/bharatforge/abhiroop/install/communication_msgs/include/communication_msgs/communication_msgs/srv/detail/task_assignment__struct.h
[0.859s] -- Up-to-date symlink: /home/rudra/bharatforge/abhiroop/install/communication_msgs/include/communication_msgs/communication_msgs/srv/detail/task_assignment__type_support.h
[0.859s] -- Up-to-date symlink: /home/rudra/bharatforge/abhiroop/install/communication_msgs/include/communication_msgs/communication_msgs/srv/detail/task_completion__functions.h
[0.859s] -- Up-to-date symlink: /home/rudra/bharatforge/abhiroop/install/communication_msgs/include/communication_msgs/communication_msgs/srv/detail/task_completion__struct.h
[0.859s] -- Up-to-date symlink: /home/rudra/bharatforge/abhiroop/install/communication_msgs/include/communication_msgs/communication_msgs/srv/detail/task_completion__type_support.h
[0.859s] -- Up-to-date symlink: /home/rudra/bharatforge/abhiroop/install/communication_msgs/include/communication_msgs/communication_msgs/srv/liveliness.h
[0.859s] -- Up-to-date symlink: /home/rudra/bharatforge/abhiroop/install/communication_msgs/include/communication_msgs/communication_msgs/srv/task_assignment.h
[0.860s] -- Up-to-date symlink: /home/rudra/bharatforge/abhiroop/install/communication_msgs/include/communication_msgs/communication_msgs/srv/task_completion.h
[0.860s] -- Up-to-date symlink: /home/rudra/bharatforge/abhiroop/install/communication_msgs/share/communication_msgs/environment/library_path.sh
[0.860s] -- Up-to-date symlink: /home/rudra/bharatforge/abhiroop/install/communication_msgs/share/communication_msgs/environment/library_path.dsv
[0.860s] -- Up-to-date symlink: /home/rudra/bharatforge/abhiroop/install/communication_msgs/include/communication_msgs/communication_msgs/msg/rosidl_typesupport_fastrtps_c__visibility_control.h
[0.861s] -- Up-to-date symlink: /home/rudra/bharatforge/abhiroop/install/communication_msgs/include/communication_msgs/communication_msgs/srv/detail/liveliness__rosidl_typesupport_fastrtps_c.h
[0.861s] -- Up-to-date symlink: /home/rudra/bharatforge/abhiroop/install/communication_msgs/include/communication_msgs/communication_msgs/srv/detail/task_assignment__rosidl_typesupport_fastrtps_c.h
[0.861s] -- Up-to-date symlink: /home/rudra/bharatforge/abhiroop/install/communication_msgs/include/communication_msgs/communication_msgs/srv/detail/task_completion__rosidl_typesupport_fastrtps_c.h
[0.861s] -- Up-to-date symlink: /home/rudra/bharatforge/abhiroop/install/communication_msgs/include/communication_msgs/communication_msgs/msg/rosidl_generator_cpp__visibility_control.hpp
[0.862s] -- Up-to-date symlink: /home/rudra/bharatforge/abhiroop/install/communication_msgs/include/communication_msgs/communication_msgs/srv/detail/liveliness__builder.hpp
[0.862s] -- Up-to-date symlink: /home/rudra/bharatforge/abhiroop/install/communication_msgs/include/communication_msgs/communication_msgs/srv/detail/liveliness__struct.hpp
[0.862s] -- Up-to-date symlink: /home/rudra/bharatforge/abhiroop/install/communication_msgs/include/communication_msgs/communication_msgs/srv/detail/liveliness__traits.hpp
[0.862s] -- Up-to-date symlink: /home/rudra/bharatforge/abhiroop/install/communication_msgs/include/communication_msgs/communication_msgs/srv/detail/liveliness__type_support.hpp
[0.862s] -- Up-to-date symlink: /home/rudra/bharatforge/abhiroop/install/communication_msgs/include/communication_msgs/communication_msgs/srv/detail/task_assignment__builder.hpp
[0.863s] -- Up-to-date symlink: /home/rudra/bharatforge/abhiroop/install/communication_msgs/include/communication_msgs/communication_msgs/srv/detail/task_assignment__struct.hpp
[0.863s] -- Up-to-date symlink: /home/rudra/bharatforge/abhiroop/install/communication_msgs/include/communication_msgs/communication_msgs/srv/detail/task_assignment__traits.hpp
[0.863s] -- Up-to-date symlink: /home/rudra/bharatforge/abhiroop/install/communication_msgs/include/communication_msgs/communication_msgs/srv/detail/task_assignment__type_support.hpp
[0.863s] -- Up-to-date symlink: /home/rudra/bharatforge/abhiroop/install/communication_msgs/include/communication_msgs/communication_msgs/srv/detail/task_completion__builder.hpp
[0.863s] -- Up-to-date symlink: /home/rudra/bharatforge/abhiroop/install/communication_msgs/include/communication_msgs/communication_msgs/srv/detail/task_completion__struct.hpp
[0.863s] -- Up-to-date symlink: /home/rudra/bharatforge/abhiroop/install/communication_msgs/include/communication_msgs/communication_msgs/srv/detail/task_completion__traits.hpp
[0.864s] -- Up-to-date symlink: /home/rudra/bharatforge/abhiroop/install/communication_msgs/include/communication_msgs/communication_msgs/srv/detail/task_completion__type_support.hpp
[0.864s] -- Up-to-date symlink: /home/rudra/bharatforge/abhiroop/install/communication_msgs/include/communication_msgs/communication_msgs/srv/liveliness.hpp
[0.864s] -- Up-to-date symlink: /home/rudra/bharatforge/abhiroop/install/communication_msgs/include/communication_msgs/communication_msgs/srv/task_assignment.hpp
[0.864s] -- Up-to-date symlink: /home/rudra/bharatforge/abhiroop/install/communication_msgs/include/communication_msgs/communication_msgs/srv/task_completion.hpp
[0.865s] -- Up-to-date symlink: /home/rudra/bharatforge/abhiroop/install/communication_msgs/include/communication_msgs/communication_msgs/msg/rosidl_typesupport_fastrtps_cpp__visibility_control.h
[0.865s] -- Up-to-date symlink: /home/rudra/bharatforge/abhiroop/install/communication_msgs/include/communication_msgs/communication_msgs/srv/detail/liveliness__rosidl_typesupport_fastrtps_cpp.hpp
[0.865s] -- Up-to-date symlink: /home/rudra/bharatforge/abhiroop/install/communication_msgs/include/communication_msgs/communication_msgs/srv/detail/task_assignment__rosidl_typesupport_fastrtps_cpp.hpp
[0.865s] -- Up-to-date symlink: /home/rudra/bharatforge/abhiroop/install/communication_msgs/include/communication_msgs/communication_msgs/srv/detail/task_completion__rosidl_typesupport_fastrtps_cpp.hpp
[0.866s] -- Up-to-date symlink: /home/rudra/bharatforge/abhiroop/install/communication_msgs/include/communication_msgs/communication_msgs/msg/rosidl_typesupport_introspection_c__visibility_control.h
[0.866s] -- Up-to-date symlink: /home/rudra/bharatforge/abhiroop/install/communication_msgs/include/communication_msgs/communication_msgs/srv/detail/liveliness__rosidl_typesupport_introspection_c.h
[0.866s] -- Up-to-date symlink: /home/rudra/bharatforge/abhiroop/install/communication_msgs/include/communication_msgs/communication_msgs/srv/detail/task_assignment__rosidl_typesupport_introspection_c.h
[0.866s] -- Up-to-date symlink: /home/rudra/bharatforge/abhiroop/install/communication_msgs/include/communication_msgs/communication_msgs/srv/detail/task_completion__rosidl_typesupport_introspection_c.h
[0.866s] -- Up-to-date symlink: /home/rudra/bharatforge/abhiroop/install/communication_msgs/include/communication_msgs/communication_msgs/srv/detail/liveliness__rosidl_typesupport_introspection_cpp.hpp
[0.867s] -- Up-to-date symlink: /home/rudra/bharatforge/abhiroop/install/communication_msgs/include/communication_msgs/communication_msgs/srv/detail/task_assignment__rosidl_typesupport_introspection_cpp.hpp
[0.867s] -- Up-to-date symlink: /home/rudra/bharatforge/abhiroop/install/communication_msgs/include/communication_msgs/communication_msgs/srv/detail/task_completion__rosidl_typesupport_introspection_cpp.hpp
[0.867s] -- Up-to-date symlink: /home/rudra/bharatforge/abhiroop/install/communication_msgs/share/communication_msgs/environment/pythonpath.sh
[0.867s] -- Up-to-date symlink: /home/rudra/bharatforge/abhiroop/install/communication_msgs/share/communication_msgs/environment/pythonpath.dsv
[0.868s] -- Up-to-date symlink: /home/rudra/bharatforge/abhiroop/install/communication_msgs/local/lib/python3.10/dist-packages/communication_msgs-0.0.0-py3.10.egg-info/PKG-INFO
[0.868s] -- Up-to-date symlink: /home/rudra/bharatforge/abhiroop/install/communication_msgs/local/lib/python3.10/dist-packages/communication_msgs-0.0.0-py3.10.egg-info/SOURCES.txt
[0.868s] -- Up-to-date symlink: /home/rudra/bharatforge/abhiroop/install/communication_msgs/local/lib/python3.10/dist-packages/communication_msgs-0.0.0-py3.10.egg-info/dependency_links.txt
[0.868s] -- Up-to-date symlink: /home/rudra/bharatforge/abhiroop/install/communication_msgs/local/lib/python3.10/dist-packages/communication_msgs-0.0.0-py3.10.egg-info/top_level.txt
[0.869s] -- Up-to-date symlink: /home/rudra/bharatforge/abhiroop/install/communication_msgs/local/lib/python3.10/dist-packages/communication_msgs/__init__.py
[0.869s] -- Up-to-date symlink: /home/rudra/bharatforge/abhiroop/install/communication_msgs/local/lib/python3.10/dist-packages/communication_msgs/_communication_msgs_s.ep.rosidl_typesupport_c.c
[0.869s] -- Up-to-date symlink: /home/rudra/bharatforge/abhiroop/install/communication_msgs/local/lib/python3.10/dist-packages/communication_msgs/_communication_msgs_s.ep.rosidl_typesupport_fastrtps_c.c
[0.869s] -- Up-to-date symlink: /home/rudra/bharatforge/abhiroop/install/communication_msgs/local/lib/python3.10/dist-packages/communication_msgs/_communication_msgs_s.ep.rosidl_typesupport_introspection_c.c
[0.870s] -- Up-to-date symlink: /home/rudra/bharatforge/abhiroop/install/communication_msgs/local/lib/python3.10/dist-packages/communication_msgs/communication_msgs_s__rosidl_typesupport_c.cpython-310-x86_64-linux-gnu.so
[0.870s] -- Up-to-date symlink: /home/rudra/bharatforge/abhiroop/install/communication_msgs/local/lib/python3.10/dist-packages/communication_msgs/communication_msgs_s__rosidl_typesupport_fastrtps_c.cpython-310-x86_64-linux-gnu.so
[0.870s] -- Up-to-date symlink: /home/rudra/bharatforge/abhiroop/install/communication_msgs/local/lib/python3.10/dist-packages/communication_msgs/communication_msgs_s__rosidl_typesupport_introspection_c.cpython-310-x86_64-linux-gnu.so
[0.870s] -- Up-to-date symlink: /home/rudra/bharatforge/abhiroop/install/communication_msgs/local/lib/python3.10/dist-packages/communication_msgs/libcommunication_msgs__rosidl_generator_py.so
[0.870s] -- Up-to-date symlink: /home/rudra/bharatforge/abhiroop/install/communication_msgs/local/lib/python3.10/dist-packages/communication_msgs/srv/__init__.py
[0.870s] -- Up-to-date symlink: /home/rudra/bharatforge/abhiroop/install/communication_msgs/local/lib/python3.10/dist-packages/communication_msgs/srv/_liveliness.py
[0.871s] -- Up-to-date symlink: /home/rudra/bharatforge/abhiroop/install/communication_msgs/local/lib/python3.10/dist-packages/communication_msgs/srv/_liveliness_s.c
[0.871s] -- Up-to-date symlink: /home/rudra/bharatforge/abhiroop/install/communication_msgs/local/lib/python3.10/dist-packages/communication_msgs/srv/_task_assignment.py
[0.871s] -- Up-to-date symlink: /home/rudra/bharatforge/abhiroop/install/communication_msgs/local/lib/python3.10/dist-packages/communication_msgs/srv/_task_assignment_s.c
[0.871s] -- Up-to-date symlink: /home/rudra/bharatforge/abhiroop/install/communication_msgs/local/lib/python3.10/dist-packages/communication_msgs/srv/_task_completion.py
[0.871s] -- Up-to-date symlink: /home/rudra/bharatforge/abhiroop/install/communication_msgs/local/lib/python3.10/dist-packages/communication_msgs/srv/_task_completion_s.c
[0.872s] -- Up-to-date symlink: /home/rudra/bharatforge/abhiroop/install/communication_msgs/local/lib/python3.10/dist-packages/communication_msgs/communication_msgs_s__rosidl_typesupport_fastrtps_c.cpython-310-x86_64-linux-gnu.so
[0.872s] -- Up-to-date symlink: /home/rudra/bharatforge/abhiroop/install/communication_msgs/local/lib/python3.10/dist-packages/communication_msgs/communication_msgs_s__rosidl_typesupport_introspection_c.cpython-310-x86_64-linux-gnu.so
[0.873s] -- Up-to-date symlink: /home/rudra/bharatforge/abhiroop/install/communication_msgs/local/lib/python3.10/dist-packages/communication_msgs/communication_msgs_s__rosidl_typesupport_c.cpython-310-x86_64-linux-gnu.so
[0.873s] -- Up-to-date symlink: /home/rudra/bharatforge/abhiroop/install/communication_msgs/share/communication_msgs/srv/TaskAssignment.idl
[0.873s] -- Up-to-date symlink: /home/rudra/bharatforge/abhiroop/install/communication_msgs/share/communication_msgs/srv/TaskCompletion.idl
[0.874s] -- Up-to-date symlink: /home/rudra/bharatforge/abhiroop/install/communication_msgs/share/communication_msgs/srv/Liveliness.idl
[0.874s] -- Up-to-date symlink: /home/rudra/bharatforge/abhiroop/install/communication_msgs/share/communication_msgs/srv/TaskAssignment.srv
[0.874s] -- Up-to-date symlink: /home/rudra/bharatforge/abhiroop/install/communication_msgs/share/communication_msgs/srv/TaskAssignment_Request.msg
[0.874s] -- Up-to-date symlink: /home/rudra/bharatforge/abhiroop/install/communication_msgs/share/communication_msgs/srv/TaskAssignment_Response.msg
[0.875s] -- Up-to-date symlink: /home/rudra/bharatforge/abhiroop/install/communication_msgs/share/communication_msgs/srv/TaskCompletion.srv
[0.875s] -- Up-to-date symlink: /home/rudra/bharatforge/abhiroop/install/communication_msgs/share/communication_msgs/srv/TaskCompletion_Request.msg
[0.875s] -- Up-to-date symlink: /home/rudra/bharatforge/abhiroop/install/communication_msgs/share/communication_msgs/srv/TaskCompletion_Response.msg
[0.875s] -- Up-to-date symlink: /home/rudra/bharatforge/abhiroop/install/communication_msgs/share/communication_msgs/srv/Liveliness.srv
[0.875s] -- Up-to-date symlink: /home/rudra/bharatforge/abhiroop/install/communication_msgs/share/communication_msgs/srv/Liveliness_Request.msg
[0.876s] -- Up-to-date symlink: /home/rudra/bharatforge/abhiroop/install/communication_msgs/share/communication_msgs/srv/Liveliness_Response.msg
[0.876s] -- Up-to-date symlink: /home/rudra/bharatforge/abhiroop/install/communication_msgs/share/ament_index/resource_index/package_run_dependencies/communication_msgs
[0.876s] -- Up-to-date symlink: /home/rudra/bharatforge/abhiroop/install/communication_msgs/share/ament_index/resource_index/parent_prefix_path/communication_msgs
[0.876s] -- Up-to-date symlink: /home/rudra/bharatforge/abhiroop/install/communication_msgs/share/communication_msgs/environment/ament_prefix_path.sh
[0.877s] -- Up-to-date symlink: /home/rudra/bharatforge/abhiroop/install/communication_msgs/share/communication_msgs/environment/ament_prefix_path.dsv
[0.877s] -- Up-to-date symlink: /home/rudra/bharatforge/abhiroop/install/communication_msgs/share/communication_msgs/environment/path.sh
[0.877s] -- Up-to-date symlink: /home/rudra/bharatforge/abhiroop/install/communication_msgs/share/communication_msgs/environment/path.dsv
[0.877s] -- Up-to-date symlink: /home/rudra/bharatforge/abhiroop/install/communication_msgs/share/communication_msgs/local_setup.bash
[0.877s] -- Up-to-date symlink: /home/rudra/bharatforge/abhiroop/install/communication_msgs/share/communication_msgs/local_setup.sh
[0.878s] -- Up-to-date symlink: /home/rudra/bharatforge/abhiroop/install/communication_msgs/share/communication_msgs/local_setup.zsh
[0.878s] -- Up-to-date symlink: /home/rudra/bharatforge/abhiroop/install/communication_msgs/share/communication_msgs/local_setup.dsv
[0.878s] -- Symlinking: /home/rudra/bharatforge/abhiroop/install/communication_msgs/share/communication_msgs/package.dsv
[0.892s] -- Up-to-date symlink: /home/rudra/bharatforge/abhiroop/install/communication_msgs/share/ament_index/resource_index/packages/communication_msgs
[0.892s] -- Up-to-date symlink: /home/rudra/bharatforge/abhiroop/install/communication_msgs/share/communication_msgs/cmake/rosidl_cmake-extras.cmake
[0.892s] -- Up-to-date symlink: /home/rudra/bharatforge/abhiroop/install/communication_msgs/share/communication_msgs/cmake/ament_cmake_export_dependencies-extras.cmake
[0.893s] -- Up-to-date symlink: /home/rudra/bharatforge/abhiroop/install/communication_msgs/share/communication_msgs/cmake/ament_cmake_export_include_directories-extras.cmake
[0.893s] -- Up-to-date symlink: /home/rudra/bharatforge/abhiroop/install/communication_msgs/share/communication_msgs/cmake/ament_cmake_export_libraries-extras.cmake
[0.893s] -- Up-to-date symlink: /home/rudra/bharatforge/abhiroop/install/communication_msgs/share/communication_msgs/cmake/ament_cmake_export_targets-extras.cmake
[0.893s] -- Up-to-date symlink: /home/rudra/bharatforge/abhiroop/install/communication_msgs/share/communication_msgs/cmake/rosidl_cmake_export_typesupport_targets-extras.cmake
[0.893s] -- Up-to-date symlink: /home/rudra/bharatforge/abhiroop/install/communication_msgs/share/communication_msgs/cmake/rosidl_cmake_export_typesupport_libraries-extras.cmake
[0.894s] -- Up-to-date symlink: /home/rudra/bharatforge/abhiroop/install/communication_msgs/share/communication_msgs/cmake/communication_msgsConfig.cmake
[0.894s] -- Up-to-date symlink: /home/rudra/bharatforge/abhiroop/install/communication_msgs/share/communication_msgs/cmake/communication_msgsConfig-version.cmake
[0.894s] -- Up-to-date symlink: /home/rudra/bharatforge/abhiroop/install/communication_msgs/share/communication_msgs/package.xml
[0.895s] -- Up-to-date: /home/rudra/bharatforge/abhiroop/install/communication_msgs/lib/libcommunication_msgs__rosidl_generator_c.so
[0.895s] -- Up-to-date: /home/rudra/bharatforge/abhiroop/install/communication_msgs/lib/libcommunication_msgs__rosidl_typesupport_fastrtps_c.so
[0.896s] -- Up-to-date: /home/rudra/bharatforge/abhiroop/install/communication_msgs/lib/libcommunication_msgs__rosidl_typesupport_fastrtps_cpp.so
[0.896s] -- Up-to-date: /home/rudra/bharatforge/abhiroop/install/communication_msgs/lib/libcommunication_msgs__rosidl_typesupport_introspection_c.so
[0.897s] -- Up-to-date: /home/rudra/bharatforge/abhiroop/install/communication_msgs/lib/libcommunication_msgs__rosidl_typesupport_c.so
[0.897s] -- Up-to-date: /home/rudra/bharatforge/abhiroop/install/communication_msgs/lib/libcommunication_msgs__rosidl_typesupport_introspection_cpp.so
[0.897s] -- Up-to-date: /home/rudra/bharatforge/abhiroop/install/communication_msgs/lib/libcommunication_msgs__rosidl_typesupport_cpp.so
[0.935s] Listing '/home/rudra/bharatforge/abhiroop/install/communication_msgs/local/lib/python3.10/dist-packages/communication_msgs'...
[0.936s] Listing '/home/rudra/bharatforge/abhiroop/install/communication_msgs/local/lib/python3.10/dist-packages/communication_msgs/srv'...
[0.941s] -- Up-to-date: /home/rudra/bharatforge/abhiroop/install/communication_msgs/lib/libcommunication_msgs__rosidl_generator_py.so
[0.941s] -- Up-to-date: /home/rudra/bharatforge/abhiroop/install/communication_msgs/share/communication_msgs/cmake/export_communication_msgs__rosidl_generator_cExport.cmake
[0.941s] -- Up-to-date: /home/rudra/bharatforge/abhiroop/install/communication_msgs/share/communication_msgs/cmake/export_communication_msgs__rosidl_generator_cExport-noconfig.cmake
[0.942s] -- Up-to-date: /home/rudra/bharatforge/abhiroop/install/communication_msgs/share/communication_msgs/cmake/export_communication_msgs__rosidl_typesupport_fastrtps_cExport.cmake
[0.942s] -- Up-to-date: /home/rudra/bharatforge/abhiroop/install/communication_msgs/share/communication_msgs/cmake/export_communication_msgs__rosidl_typesupport_fastrtps_cExport-noconfig.cmake
[0.942s] -- Up-to-date: /home/rudra/bharatforge/abhiroop/install/communication_msgs/share/communication_msgs/cmake/export_communication_msgs__rosidl_generator_cppExport.cmake
[0.943s] -- Up-to-date: /home/rudra/bharatforge/abhiroop/install/communication_msgs/share/communication_msgs/cmake/export_communication_msgs__rosidl_typesupport_fastrtps_cppExport.cmake
[0.943s] -- Up-to-date: /home/rudra/bharatforge/abhiroop/install/communication_msgs/share/communication_msgs/cmake/export_communication_msgs__rosidl_typesupport_fastrtps_cppExport-noconfig.cmake
[0.943s] -- Up-to-date: /home/rudra/bharatforge/abhiroop/install/communication_msgs/share/communication_msgs/cmake/communication_msgs__rosidl_typesupport_introspection_cExport.cmake
[0.943s] -- Up-to-date: /home/rudra/bharatforge/abhiroop/install/communication_msgs/share/communication_msgs/cmake/communication_msgs__rosidl_typesupport_introspection_cExport-noconfig.cmake
[0.944s] -- Up-to-date: /home/rudra/bharatforge/abhiroop/install/communication_msgs/share/communication_msgs/cmake/communication_msgs__rosidl_typesupport_cExport.cmake
[0.944s] -- Up-to-date: /home/rudra/bharatforge/abhiroop/install/communication_msgs/share/communication_msgs/cmake/communication_msgs__rosidl_typesupport_cExport-noconfig.cmake
[0.944s] -- Up-to-date: /home/rudra/bharatforge/abhiroop/install/communication_msgs/share/communication_msgs/cmake/communication_msgs__rosidl_typesupport_introspection_cppExport.cmake
[0.944s] -- Up-to-date: /home/rudra/bharatforge/abhiroop/install/communication_msgs/share/communication_msgs/cmake/communication_msgs__rosidl_typesupport_introspection_cppExport-noconfig.cmake
[0.944s] -- Up-to-date: /home/rudra/bharatforge/abhiroop/install/communication_msgs/share/communication_msgs/cmake/communication_msgs__rosidl_typesupport_cppExport.cmake
[0.944s] -- Up-to-date: /home/rudra/bharatforge/abhiroop/install/communication_msgs/share/communication_msgs/cmake/communication_msgs__rosidl_typesupport_cppExport-noconfig.cmake
[0.945s] -- Up-to-date: /home/rudra/bharatforge/abhiroop/install/communication_msgs/share/communication_msgs/cmake/export_communication_msgs__rosidl_generator_pyExport.cmake
[0.945s] -- Up-to-date: /home/rudra/bharatforge/abhiroop/install/communication_msgs/share/communication_msgs/cmake/export_communication_msgs__rosidl_generator_pyExport-noconfig.cmake
[0.949s] Invoked command in '/home/rudra/bharatforge/abhiroop/build/communication_msgs' returned '0': CMAKE_PREFIX_PATH=/home/rudra/bharatforge/abhiroop/install/communication_msgs:/home/rudra/abhiroop/install/communication_msgs:/home/rudra/ws_offboard_control/install/px4_ros_com:/home/rudra/ws_offboard_control/install/px4_msgs:/home/rudra/bharatforge/abhiroop/install/autobot_recog:/home/rudra/abhiroop/install/autobot_recog:/opt/ros/humble:/home/rudra/ws_offboard_control/install/lidar_bridge /usr/bin/cmake --install /home/rudra/bharatforge/abhiroop/build/communication_msgs
