[0.092s] DEBUG:colcon:Command line arguments: ['/usr/bin/colcon', 'build', '--symlink-install']
[0.092s] DEBUG:colcon:Parsed command line arguments: Namespace(log_base=None, log_level=None, verb_name='build', build_base='build', install_base='install', merge_install=False, symlink_install=True, test_result_base=None, continue_on_error=False, executor='parallel', parallel_workers=12, event_handlers=None, ignore_user_meta=False, metas=['./colcon.meta'], base_paths=['.'], packages_ignore=None, packages_ignore_regex=None, paths=None, packages_up_to=None, packages_up_to_regex=None, packages_above=None, packages_above_and_dependencies=None, packages_above_depth=None, packages_select_by_dep=None, packages_skip_by_dep=None, packages_skip_up_to=None, packages_select_build_failed=False, packages_skip_build_finished=False, packages_select_test_failures=False, packages_skip_test_passed=False, packages_select=None, packages_skip=None, packages_select_regex=None, packages_skip_regex=None, packages_start=None, packages_end=None, allow_overriding=[], cmake_args=None, cmake_target=None, cmake_target_skip_unavailable=False, cmake_clean_cache=False, cmake_clean_first=False, cmake_force_configure=False, ament_cmake_args=None, catkin_cmake_args=None, catkin_skip_building_tests=False, mixin_files=None, mixin=None, verb_parser=<colcon_mixin.mixin.mixin_argument.MixinArgumentDecorator object at 0x7d1346f40ac0>, verb_extension=<colcon_core.verb.build.BuildVerb object at 0x7d1346ec8fa0>, main=<bound method BuildVerb.main of <colcon_core.verb.build.BuildVerb object at 0x7d1346ec8fa0>>, mixin_verb=('build',))
[0.267s] Level 1:colcon.colcon_core.package_discovery:discover_packages(colcon_meta) check parameters
[0.267s] Level 1:colcon.colcon_core.package_discovery:discover_packages(recursive) check parameters
[0.267s] Level 1:colcon.colcon_core.package_discovery:discover_packages(ignore) check parameters
[0.267s] Level 1:colcon.colcon_core.package_discovery:discover_packages(path) check parameters
[0.267s] Level 1:colcon.colcon_core.package_discovery:discover_packages(colcon_meta) discover
[0.267s] Level 1:colcon.colcon_core.package_discovery:discover_packages(recursive) discover
[0.267s] INFO:colcon.colcon_core.package_discovery:Crawling recursively for packages in '/home/rudra/bharatforge/abhiroop'
[0.267s] Level 1:colcon.colcon_core.package_identification:_identify(.) by extensions ['ignore', 'ignore_ament_install']
[0.267s] Level 1:colcon.colcon_core.package_identification:_identify(.) by extension 'ignore'
[0.267s] Level 1:colcon.colcon_core.package_identification:_identify(.) by extension 'ignore_ament_install'
[0.267s] Level 1:colcon.colcon_core.package_identification:_identify(.) by extensions ['colcon_pkg']
[0.267s] Level 1:colcon.colcon_core.package_identification:_identify(.) by extension 'colcon_pkg'
[0.267s] Level 1:colcon.colcon_core.package_identification:_identify(.) by extensions ['colcon_meta']
[0.267s] Level 1:colcon.colcon_core.package_identification:_identify(.) by extension 'colcon_meta'
[0.267s] Level 1:colcon.colcon_core.package_identification:_identify(.) by extensions ['ros']
[0.267s] Level 1:colcon.colcon_core.package_identification:_identify(.) by extension 'ros'
[0.283s] Level 1:colcon.colcon_core.package_identification:_identify(.) by extensions ['cmake', 'python']
[0.283s] Level 1:colcon.colcon_core.package_identification:_identify(.) by extension 'cmake'
[0.283s] Level 1:colcon.colcon_core.package_identification:_identify(.) by extension 'python'
[0.283s] Level 1:colcon.colcon_core.package_identification:_identify(.) by extensions ['python_setup_py']
[0.283s] Level 1:colcon.colcon_core.package_identification:_identify(.) by extension 'python_setup_py'
[0.283s] Level 1:colcon.colcon_core.package_identification:_identify(build) by extensions ['ignore', 'ignore_ament_install']
[0.283s] Level 1:colcon.colcon_core.package_identification:_identify(build) by extension 'ignore'
[0.283s] Level 1:colcon.colcon_core.package_identification:_identify(build) ignored
[0.283s] Level 1:colcon.colcon_core.package_identification:_identify(install) by extensions ['ignore', 'ignore_ament_install']
[0.283s] Level 1:colcon.colcon_core.package_identification:_identify(install) by extension 'ignore'
[0.283s] Level 1:colcon.colcon_core.package_identification:_identify(install) ignored
[0.283s] Level 1:colcon.colcon_core.package_identification:_identify(log) by extensions ['ignore', 'ignore_ament_install']
[0.284s] Level 1:colcon.colcon_core.package_identification:_identify(log) by extension 'ignore'
[0.284s] Level 1:colcon.colcon_core.package_identification:_identify(log) ignored
[0.284s] Level 1:colcon.colcon_core.package_identification:_identify(src) by extensions ['ignore', 'ignore_ament_install']
[0.284s] Level 1:colcon.colcon_core.package_identification:_identify(src) by extension 'ignore'
[0.284s] Level 1:colcon.colcon_core.package_identification:_identify(src) by extension 'ignore_ament_install'
[0.284s] Level 1:colcon.colcon_core.package_identification:_identify(src) by extensions ['colcon_pkg']
[0.284s] Level 1:colcon.colcon_core.package_identification:_identify(src) by extension 'colcon_pkg'
[0.284s] Level 1:colcon.colcon_core.package_identification:_identify(src) by extensions ['colcon_meta']
[0.284s] Level 1:colcon.colcon_core.package_identification:_identify(src) by extension 'colcon_meta'
[0.284s] Level 1:colcon.colcon_core.package_identification:_identify(src) by extensions ['ros']
[0.284s] Level 1:colcon.colcon_core.package_identification:_identify(src) by extension 'ros'
[0.284s] Level 1:colcon.colcon_core.package_identification:_identify(src) by extensions ['cmake', 'python']
[0.284s] Level 1:colcon.colcon_core.package_identification:_identify(src) by extension 'cmake'
[0.284s] Level 1:colcon.colcon_core.package_identification:_identify(src) by extension 'python'
[0.284s] Level 1:colcon.colcon_core.package_identification:_identify(src) by extensions ['python_setup_py']
[0.284s] Level 1:colcon.colcon_core.package_identification:_identify(src) by extension 'python_setup_py'
[0.284s] Level 1:colcon.colcon_core.package_identification:_identify(src/RL) by extensions ['ignore', 'ignore_ament_install']
[0.284s] Level 1:colcon.colcon_core.package_identification:_identify(src/RL) by extension 'ignore'
[0.284s] Level 1:colcon.colcon_core.package_identification:_identify(src/RL) by extension 'ignore_ament_install'
[0.284s] Level 1:colcon.colcon_core.package_identification:_identify(src/RL) by extensions ['colcon_pkg']
[0.284s] Level 1:colcon.colcon_core.package_identification:_identify(src/RL) by extension 'colcon_pkg'
[0.284s] Level 1:colcon.colcon_core.package_identification:_identify(src/RL) by extensions ['colcon_meta']
[0.284s] Level 1:colcon.colcon_core.package_identification:_identify(src/RL) by extension 'colcon_meta'
[0.284s] Level 1:colcon.colcon_core.package_identification:_identify(src/RL) by extensions ['ros']
[0.284s] Level 1:colcon.colcon_core.package_identification:_identify(src/RL) by extension 'ros'
[0.284s] Level 1:colcon.colcon_core.package_identification:_identify(src/RL) by extensions ['cmake', 'python']
[0.284s] Level 1:colcon.colcon_core.package_identification:_identify(src/RL) by extension 'cmake'
[0.285s] Level 1:colcon.colcon_core.package_identification:_identify(src/RL) by extension 'python'
[0.285s] Level 1:colcon.colcon_core.package_identification:_identify(src/RL) by extensions ['python_setup_py']
[0.285s] Level 1:colcon.colcon_core.package_identification:_identify(src/RL) by extension 'python_setup_py'
[0.285s] Level 1:colcon.colcon_core.package_identification:_identify(src/RL/DRL_robot_navigation_ros2) by extensions ['ignore', 'ignore_ament_install']
[0.285s] Level 1:colcon.colcon_core.package_identification:_identify(src/RL/DRL_robot_navigation_ros2) by extension 'ignore'
[0.285s] Level 1:colcon.colcon_core.package_identification:_identify(src/RL/DRL_robot_navigation_ros2) by extension 'ignore_ament_install'
[0.285s] Level 1:colcon.colcon_core.package_identification:_identify(src/RL/DRL_robot_navigation_ros2) by extensions ['colcon_pkg']
[0.285s] Level 1:colcon.colcon_core.package_identification:_identify(src/RL/DRL_robot_navigation_ros2) by extension 'colcon_pkg'
[0.285s] Level 1:colcon.colcon_core.package_identification:_identify(src/RL/DRL_robot_navigation_ros2) by extensions ['colcon_meta']
[0.285s] Level 1:colcon.colcon_core.package_identification:_identify(src/RL/DRL_robot_navigation_ros2) by extension 'colcon_meta'
[0.285s] Level 1:colcon.colcon_core.package_identification:_identify(src/RL/DRL_robot_navigation_ros2) by extensions ['ros']
[0.285s] Level 1:colcon.colcon_core.package_identification:_identify(src/RL/DRL_robot_navigation_ros2) by extension 'ros'
[0.285s] Level 1:colcon.colcon_core.package_identification:_identify(src/RL/DRL_robot_navigation_ros2) by extensions ['cmake', 'python']
[0.285s] Level 1:colcon.colcon_core.package_identification:_identify(src/RL/DRL_robot_navigation_ros2) by extension 'cmake'
[0.285s] Level 1:colcon.colcon_core.package_identification:_identify(src/RL/DRL_robot_navigation_ros2) by extension 'python'
[0.285s] Level 1:colcon.colcon_core.package_identification:_identify(src/RL/DRL_robot_navigation_ros2) by extensions ['python_setup_py']
[0.285s] Level 1:colcon.colcon_core.package_identification:_identify(src/RL/DRL_robot_navigation_ros2) by extension 'python_setup_py'
[0.285s] Level 1:colcon.colcon_core.package_identification:_identify(src/RL/DRL_robot_navigation_ros2/src) by extensions ['ignore', 'ignore_ament_install']
[0.285s] Level 1:colcon.colcon_core.package_identification:_identify(src/RL/DRL_robot_navigation_ros2/src) by extension 'ignore'
[0.285s] Level 1:colcon.colcon_core.package_identification:_identify(src/RL/DRL_robot_navigation_ros2/src) by extension 'ignore_ament_install'
[0.285s] Level 1:colcon.colcon_core.package_identification:_identify(src/RL/DRL_robot_navigation_ros2/src) by extensions ['colcon_pkg']
[0.285s] Level 1:colcon.colcon_core.package_identification:_identify(src/RL/DRL_robot_navigation_ros2/src) by extension 'colcon_pkg'
[0.285s] Level 1:colcon.colcon_core.package_identification:_identify(src/RL/DRL_robot_navigation_ros2/src) by extensions ['colcon_meta']
[0.285s] Level 1:colcon.colcon_core.package_identification:_identify(src/RL/DRL_robot_navigation_ros2/src) by extension 'colcon_meta'
[0.285s] Level 1:colcon.colcon_core.package_identification:_identify(src/RL/DRL_robot_navigation_ros2/src) by extensions ['ros']
[0.285s] Level 1:colcon.colcon_core.package_identification:_identify(src/RL/DRL_robot_navigation_ros2/src) by extension 'ros'
[0.286s] Level 1:colcon.colcon_core.package_identification:_identify(src/RL/DRL_robot_navigation_ros2/src) by extensions ['cmake', 'python']
[0.286s] Level 1:colcon.colcon_core.package_identification:_identify(src/RL/DRL_robot_navigation_ros2/src) by extension 'cmake'
[0.286s] Level 1:colcon.colcon_core.package_identification:_identify(src/RL/DRL_robot_navigation_ros2/src) by extension 'python'
[0.286s] Level 1:colcon.colcon_core.package_identification:_identify(src/RL/DRL_robot_navigation_ros2/src) by extensions ['python_setup_py']
[0.286s] Level 1:colcon.colcon_core.package_identification:_identify(src/RL/DRL_robot_navigation_ros2/src) by extension 'python_setup_py'
[0.286s] Level 1:colcon.colcon_core.package_identification:_identify(src/RL/DRL_robot_navigation_ros2/src/td3) by extensions ['ignore', 'ignore_ament_install']
[0.286s] Level 1:colcon.colcon_core.package_identification:_identify(src/RL/DRL_robot_navigation_ros2/src/td3) by extension 'ignore'
[0.286s] Level 1:colcon.colcon_core.package_identification:_identify(src/RL/DRL_robot_navigation_ros2/src/td3) by extension 'ignore_ament_install'
[0.286s] Level 1:colcon.colcon_core.package_identification:_identify(src/RL/DRL_robot_navigation_ros2/src/td3) by extensions ['colcon_pkg']
[0.286s] Level 1:colcon.colcon_core.package_identification:_identify(src/RL/DRL_robot_navigation_ros2/src/td3) by extension 'colcon_pkg'
[0.286s] Level 1:colcon.colcon_core.package_identification:_identify(src/RL/DRL_robot_navigation_ros2/src/td3) by extensions ['colcon_meta']
[0.286s] Level 1:colcon.colcon_core.package_identification:_identify(src/RL/DRL_robot_navigation_ros2/src/td3) by extension 'colcon_meta'
[0.286s] Level 1:colcon.colcon_core.package_identification:_identify(src/RL/DRL_robot_navigation_ros2/src/td3) by extensions ['ros']
[0.286s] Level 1:colcon.colcon_core.package_identification:_identify(src/RL/DRL_robot_navigation_ros2/src/td3) by extension 'ros'
[0.286s] Level 1:colcon.colcon_core.package_identification:_identify(src/RL/DRL_robot_navigation_ros2/src/td3) by extensions ['cmake', 'python']
[0.286s] Level 1:colcon.colcon_core.package_identification:_identify(src/RL/DRL_robot_navigation_ros2/src/td3) by extension 'cmake'
[0.286s] Level 1:colcon.colcon_core.package_identification:_identify(src/RL/DRL_robot_navigation_ros2/src/td3) by extension 'python'
[0.286s] Level 1:colcon.colcon_core.package_identification:_identify(src/RL/DRL_robot_navigation_ros2/src/td3) by extensions ['python_setup_py']
[0.286s] Level 1:colcon.colcon_core.package_identification:_identify(src/RL/DRL_robot_navigation_ros2/src/td3) by extension 'python_setup_py'
[0.286s] Level 1:colcon.colcon_core.package_identification:_identify(src/RL/DRL_robot_navigation_ros2/src/td3/scripts) by extensions ['ignore', 'ignore_ament_install']
[0.286s] Level 1:colcon.colcon_core.package_identification:_identify(src/RL/DRL_robot_navigation_ros2/src/td3/scripts) by extension 'ignore'
[0.286s] Level 1:colcon.colcon_core.package_identification:_identify(src/RL/DRL_robot_navigation_ros2/src/td3/scripts) by extension 'ignore_ament_install'
[0.286s] Level 1:colcon.colcon_core.package_identification:_identify(src/RL/DRL_robot_navigation_ros2/src/td3/scripts) by extensions ['colcon_pkg']
[0.286s] Level 1:colcon.colcon_core.package_identification:_identify(src/RL/DRL_robot_navigation_ros2/src/td3/scripts) by extension 'colcon_pkg'
[0.286s] Level 1:colcon.colcon_core.package_identification:_identify(src/RL/DRL_robot_navigation_ros2/src/td3/scripts) by extensions ['colcon_meta']
[0.286s] Level 1:colcon.colcon_core.package_identification:_identify(src/RL/DRL_robot_navigation_ros2/src/td3/scripts) by extension 'colcon_meta'
[0.286s] Level 1:colcon.colcon_core.package_identification:_identify(src/RL/DRL_robot_navigation_ros2/src/td3/scripts) by extensions ['ros']
[0.286s] Level 1:colcon.colcon_core.package_identification:_identify(src/RL/DRL_robot_navigation_ros2/src/td3/scripts) by extension 'ros'
[0.287s] Level 1:colcon.colcon_core.package_identification:_identify(src/RL/DRL_robot_navigation_ros2/src/td3/scripts) by extensions ['cmake', 'python']
[0.287s] Level 1:colcon.colcon_core.package_identification:_identify(src/RL/DRL_robot_navigation_ros2/src/td3/scripts) by extension 'cmake'
[0.287s] Level 1:colcon.colcon_core.package_identification:_identify(src/RL/DRL_robot_navigation_ros2/src/td3/scripts) by extension 'python'
[0.287s] Level 1:colcon.colcon_core.package_identification:_identify(src/RL/DRL_robot_navigation_ros2/src/td3/scripts) by extensions ['python_setup_py']
[0.287s] Level 1:colcon.colcon_core.package_identification:_identify(src/RL/DRL_robot_navigation_ros2/src/td3/scripts) by extension 'python_setup_py'
[0.287s] Level 1:colcon.colcon_core.package_identification:_identify(src/RL/DRL_robot_navigation_ros2/src/td3/scripts/runs) by extensions ['ignore', 'ignore_ament_install']
[0.287s] Level 1:colcon.colcon_core.package_identification:_identify(src/RL/DRL_robot_navigation_ros2/src/td3/scripts/runs) by extension 'ignore'
[0.287s] Level 1:colcon.colcon_core.package_identification:_identify(src/RL/DRL_robot_navigation_ros2/src/td3/scripts/runs) by extension 'ignore_ament_install'
[0.287s] Level 1:colcon.colcon_core.package_identification:_identify(src/RL/DRL_robot_navigation_ros2/src/td3/scripts/runs) by extensions ['colcon_pkg']
[0.287s] Level 1:colcon.colcon_core.package_identification:_identify(src/RL/DRL_robot_navigation_ros2/src/td3/scripts/runs) by extension 'colcon_pkg'
[0.287s] Level 1:colcon.colcon_core.package_identification:_identify(src/RL/DRL_robot_navigation_ros2/src/td3/scripts/runs) by extensions ['colcon_meta']
[0.287s] Level 1:colcon.colcon_core.package_identification:_identify(src/RL/DRL_robot_navigation_ros2/src/td3/scripts/runs) by extension 'colcon_meta'
[0.287s] Level 1:colcon.colcon_core.package_identification:_identify(src/RL/DRL_robot_navigation_ros2/src/td3/scripts/runs) by extensions ['ros']
[0.287s] Level 1:colcon.colcon_core.package_identification:_identify(src/RL/DRL_robot_navigation_ros2/src/td3/scripts/runs) by extension 'ros'
[0.287s] Level 1:colcon.colcon_core.package_identification:_identify(src/RL/DRL_robot_navigation_ros2/src/td3/scripts/runs) by extensions ['cmake', 'python']
[0.287s] Level 1:colcon.colcon_core.package_identification:_identify(src/RL/DRL_robot_navigation_ros2/src/td3/scripts/runs) by extension 'cmake'
[0.287s] Level 1:colcon.colcon_core.package_identification:_identify(src/RL/DRL_robot_navigation_ros2/src/td3/scripts/runs) by extension 'python'
[0.287s] Level 1:colcon.colcon_core.package_identification:_identify(src/RL/DRL_robot_navigation_ros2/src/td3/scripts/runs) by extensions ['python_setup_py']
[0.287s] Level 1:colcon.colcon_core.package_identification:_identify(src/RL/DRL_robot_navigation_ros2/src/td3/scripts/runs) by extension 'python_setup_py'
[0.287s] Level 1:colcon.colcon_core.package_identification:_identify(src/RL/__pycache__) by extensions ['ignore', 'ignore_ament_install']
[0.287s] Level 1:colcon.colcon_core.package_identification:_identify(src/RL/__pycache__) by extension 'ignore'
[0.287s] Level 1:colcon.colcon_core.package_identification:_identify(src/RL/__pycache__) by extension 'ignore_ament_install'
[0.287s] Level 1:colcon.colcon_core.package_identification:_identify(src/RL/__pycache__) by extensions ['colcon_pkg']
[0.287s] Level 1:colcon.colcon_core.package_identification:_identify(src/RL/__pycache__) by extension 'colcon_pkg'
[0.287s] Level 1:colcon.colcon_core.package_identification:_identify(src/RL/__pycache__) by extensions ['colcon_meta']
[0.287s] Level 1:colcon.colcon_core.package_identification:_identify(src/RL/__pycache__) by extension 'colcon_meta'
[0.287s] Level 1:colcon.colcon_core.package_identification:_identify(src/RL/__pycache__) by extensions ['ros']
[0.287s] Level 1:colcon.colcon_core.package_identification:_identify(src/RL/__pycache__) by extension 'ros'
[0.288s] Level 1:colcon.colcon_core.package_identification:_identify(src/RL/__pycache__) by extensions ['cmake', 'python']
[0.288s] Level 1:colcon.colcon_core.package_identification:_identify(src/RL/__pycache__) by extension 'cmake'
[0.288s] Level 1:colcon.colcon_core.package_identification:_identify(src/RL/__pycache__) by extension 'python'
[0.288s] Level 1:colcon.colcon_core.package_identification:_identify(src/RL/__pycache__) by extensions ['python_setup_py']
[0.288s] Level 1:colcon.colcon_core.package_identification:_identify(src/RL/__pycache__) by extension 'python_setup_py'
[0.288s] Level 1:colcon.colcon_core.package_identification:_identify(src/RL/pytorch_models) by extensions ['ignore', 'ignore_ament_install']
[0.288s] Level 1:colcon.colcon_core.package_identification:_identify(src/RL/pytorch_models) by extension 'ignore'
[0.288s] Level 1:colcon.colcon_core.package_identification:_identify(src/RL/pytorch_models) by extension 'ignore_ament_install'
[0.288s] Level 1:colcon.colcon_core.package_identification:_identify(src/RL/pytorch_models) by extensions ['colcon_pkg']
[0.288s] Level 1:colcon.colcon_core.package_identification:_identify(src/RL/pytorch_models) by extension 'colcon_pkg'
[0.288s] Level 1:colcon.colcon_core.package_identification:_identify(src/RL/pytorch_models) by extensions ['colcon_meta']
[0.288s] Level 1:colcon.colcon_core.package_identification:_identify(src/RL/pytorch_models) by extension 'colcon_meta'
[0.288s] Level 1:colcon.colcon_core.package_identification:_identify(src/RL/pytorch_models) by extensions ['ros']
[0.288s] Level 1:colcon.colcon_core.package_identification:_identify(src/RL/pytorch_models) by extension 'ros'
[0.288s] Level 1:colcon.colcon_core.package_identification:_identify(src/RL/pytorch_models) by extensions ['cmake', 'python']
[0.288s] Level 1:colcon.colcon_core.package_identification:_identify(src/RL/pytorch_models) by extension 'cmake'
[0.288s] Level 1:colcon.colcon_core.package_identification:_identify(src/RL/pytorch_models) by extension 'python'
[0.288s] Level 1:colcon.colcon_core.package_identification:_identify(src/RL/pytorch_models) by extensions ['python_setup_py']
[0.288s] Level 1:colcon.colcon_core.package_identification:_identify(src/RL/pytorch_models) by extension 'python_setup_py'
[0.288s] Level 1:colcon.colcon_core.package_identification:_identify(src/RL/results) by extensions ['ignore', 'ignore_ament_install']
[0.288s] Level 1:colcon.colcon_core.package_identification:_identify(src/RL/results) by extension 'ignore'
[0.288s] Level 1:colcon.colcon_core.package_identification:_identify(src/RL/results) by extension 'ignore_ament_install'
[0.288s] Level 1:colcon.colcon_core.package_identification:_identify(src/RL/results) by extensions ['colcon_pkg']
[0.288s] Level 1:colcon.colcon_core.package_identification:_identify(src/RL/results) by extension 'colcon_pkg'
[0.288s] Level 1:colcon.colcon_core.package_identification:_identify(src/RL/results) by extensions ['colcon_meta']
[0.288s] Level 1:colcon.colcon_core.package_identification:_identify(src/RL/results) by extension 'colcon_meta'
[0.288s] Level 1:colcon.colcon_core.package_identification:_identify(src/RL/results) by extensions ['ros']
[0.288s] Level 1:colcon.colcon_core.package_identification:_identify(src/RL/results) by extension 'ros'
[0.289s] Level 1:colcon.colcon_core.package_identification:_identify(src/RL/results) by extensions ['cmake', 'python']
[0.289s] Level 1:colcon.colcon_core.package_identification:_identify(src/RL/results) by extension 'cmake'
[0.289s] Level 1:colcon.colcon_core.package_identification:_identify(src/RL/results) by extension 'python'
[0.289s] Level 1:colcon.colcon_core.package_identification:_identify(src/RL/results) by extensions ['python_setup_py']
[0.289s] Level 1:colcon.colcon_core.package_identification:_identify(src/RL/results) by extension 'python_setup_py'
[0.289s] Level 1:colcon.colcon_core.package_identification:_identify(src/RL/runs) by extensions ['ignore', 'ignore_ament_install']
[0.289s] Level 1:colcon.colcon_core.package_identification:_identify(src/RL/runs) by extension 'ignore'
[0.289s] Level 1:colcon.colcon_core.package_identification:_identify(src/RL/runs) by extension 'ignore_ament_install'
[0.289s] Level 1:colcon.colcon_core.package_identification:_identify(src/RL/runs) by extensions ['colcon_pkg']
[0.289s] Level 1:colcon.colcon_core.package_identification:_identify(src/RL/runs) by extension 'colcon_pkg'
[0.289s] Level 1:colcon.colcon_core.package_identification:_identify(src/RL/runs) by extensions ['colcon_meta']
[0.289s] Level 1:colcon.colcon_core.package_identification:_identify(src/RL/runs) by extension 'colcon_meta'
[0.289s] Level 1:colcon.colcon_core.package_identification:_identify(src/RL/runs) by extensions ['ros']
[0.289s] Level 1:colcon.colcon_core.package_identification:_identify(src/RL/runs) by extension 'ros'
[0.289s] Level 1:colcon.colcon_core.package_identification:_identify(src/RL/runs) by extensions ['cmake', 'python']
[0.289s] Level 1:colcon.colcon_core.package_identification:_identify(src/RL/runs) by extension 'cmake'
[0.289s] Level 1:colcon.colcon_core.package_identification:_identify(src/RL/runs) by extension 'python'
[0.289s] Level 1:colcon.colcon_core.package_identification:_identify(src/RL/runs) by extensions ['python_setup_py']
[0.289s] Level 1:colcon.colcon_core.package_identification:_identify(src/RL/runs) by extension 'python_setup_py'
[0.289s] Level 1:colcon.colcon_core.package_identification:_identify(src/autobot_recog) by extensions ['ignore', 'ignore_ament_install']
[0.289s] Level 1:colcon.colcon_core.package_identification:_identify(src/autobot_recog) by extension 'ignore'
[0.289s] Level 1:colcon.colcon_core.package_identification:_identify(src/autobot_recog) by extension 'ignore_ament_install'
[0.289s] Level 1:colcon.colcon_core.package_identification:_identify(src/autobot_recog) by extensions ['colcon_pkg']
[0.289s] Level 1:colcon.colcon_core.package_identification:_identify(src/autobot_recog) by extension 'colcon_pkg'
[0.289s] Level 1:colcon.colcon_core.package_identification:_identify(src/autobot_recog) by extensions ['colcon_meta']
[0.289s] Level 1:colcon.colcon_core.package_identification:_identify(src/autobot_recog) by extension 'colcon_meta'
[0.289s] Level 1:colcon.colcon_core.package_identification:_identify(src/autobot_recog) by extensions ['ros']
[0.289s] Level 1:colcon.colcon_core.package_identification:_identify(src/autobot_recog) by extension 'ros'
[0.291s] DEBUG:colcon.colcon_core.package_identification:Package 'src/autobot_recog' with type 'ros.ament_python' and name 'autobot_recog'
[0.292s] Level 1:colcon.colcon_core.package_identification:_identify(src/communication_msgs) by extensions ['ignore', 'ignore_ament_install']
[0.292s] Level 1:colcon.colcon_core.package_identification:_identify(src/communication_msgs) by extension 'ignore'
[0.292s] Level 1:colcon.colcon_core.package_identification:_identify(src/communication_msgs) by extension 'ignore_ament_install'
[0.292s] Level 1:colcon.colcon_core.package_identification:_identify(src/communication_msgs) by extensions ['colcon_pkg']
[0.292s] Level 1:colcon.colcon_core.package_identification:_identify(src/communication_msgs) by extension 'colcon_pkg'
[0.292s] Level 1:colcon.colcon_core.package_identification:_identify(src/communication_msgs) by extensions ['colcon_meta']
[0.292s] Level 1:colcon.colcon_core.package_identification:_identify(src/communication_msgs) by extension 'colcon_meta'
[0.292s] Level 1:colcon.colcon_core.package_identification:_identify(src/communication_msgs) by extensions ['ros']
[0.292s] Level 1:colcon.colcon_core.package_identification:_identify(src/communication_msgs) by extension 'ros'
[0.292s] DEBUG:colcon.colcon_core.package_identification:Package 'src/communication_msgs' with type 'ros.ament_cmake' and name 'communication_msgs'
[0.292s] Level 1:colcon.colcon_core.package_identification:_identify(src/td3) by extensions ['ignore', 'ignore_ament_install']
[0.292s] Level 1:colcon.colcon_core.package_identification:_identify(src/td3) by extension 'ignore'
[0.293s] Level 1:colcon.colcon_core.package_identification:_identify(src/td3) by extension 'ignore_ament_install'
[0.293s] Level 1:colcon.colcon_core.package_identification:_identify(src/td3) by extensions ['colcon_pkg']
[0.293s] Level 1:colcon.colcon_core.package_identification:_identify(src/td3) by extension 'colcon_pkg'
[0.293s] Level 1:colcon.colcon_core.package_identification:_identify(src/td3) by extensions ['colcon_meta']
[0.293s] Level 1:colcon.colcon_core.package_identification:_identify(src/td3) by extension 'colcon_meta'
[0.293s] Level 1:colcon.colcon_core.package_identification:_identify(src/td3) by extensions ['ros']
[0.293s] Level 1:colcon.colcon_core.package_identification:_identify(src/td3) by extension 'ros'
[0.293s] Level 1:colcon.colcon_core.package_identification:_identify(src/td3) by extensions ['cmake', 'python']
[0.293s] Level 1:colcon.colcon_core.package_identification:_identify(src/td3) by extension 'cmake'
[0.293s] Level 1:colcon.colcon_core.package_identification:_identify(src/td3) by extension 'python'
[0.293s] Level 1:colcon.colcon_core.package_identification:_identify(src/td3) by extensions ['python_setup_py']
[0.293s] Level 1:colcon.colcon_core.package_identification:_identify(src/td3) by extension 'python_setup_py'
[0.293s] Level 1:colcon.colcon_core.package_identification:_identify(src/td3/__pycache__) by extensions ['ignore', 'ignore_ament_install']
[0.293s] Level 1:colcon.colcon_core.package_identification:_identify(src/td3/__pycache__) by extension 'ignore'
[0.293s] Level 1:colcon.colcon_core.package_identification:_identify(src/td3/__pycache__) by extension 'ignore_ament_install'
[0.293s] Level 1:colcon.colcon_core.package_identification:_identify(src/td3/__pycache__) by extensions ['colcon_pkg']
[0.293s] Level 1:colcon.colcon_core.package_identification:_identify(src/td3/__pycache__) by extension 'colcon_pkg'
[0.293s] Level 1:colcon.colcon_core.package_identification:_identify(src/td3/__pycache__) by extensions ['colcon_meta']
[0.293s] Level 1:colcon.colcon_core.package_identification:_identify(src/td3/__pycache__) by extension 'colcon_meta'
[0.293s] Level 1:colcon.colcon_core.package_identification:_identify(src/td3/__pycache__) by extensions ['ros']
[0.293s] Level 1:colcon.colcon_core.package_identification:_identify(src/td3/__pycache__) by extension 'ros'
[0.293s] Level 1:colcon.colcon_core.package_identification:_identify(src/td3/__pycache__) by extensions ['cmake', 'python']
[0.293s] Level 1:colcon.colcon_core.package_identification:_identify(src/td3/__pycache__) by extension 'cmake'
[0.293s] Level 1:colcon.colcon_core.package_identification:_identify(src/td3/__pycache__) by extension 'python'
[0.293s] Level 1:colcon.colcon_core.package_identification:_identify(src/td3/__pycache__) by extensions ['python_setup_py']
[0.293s] Level 1:colcon.colcon_core.package_identification:_identify(src/td3/__pycache__) by extension 'python_setup_py'
[0.293s] Level 1:colcon.colcon_core.package_identification:_identify(src/td3/pytorch_models) by extensions ['ignore', 'ignore_ament_install']
[0.293s] Level 1:colcon.colcon_core.package_identification:_identify(src/td3/pytorch_models) by extension 'ignore'
[0.294s] Level 1:colcon.colcon_core.package_identification:_identify(src/td3/pytorch_models) by extension 'ignore_ament_install'
[0.294s] Level 1:colcon.colcon_core.package_identification:_identify(src/td3/pytorch_models) by extensions ['colcon_pkg']
[0.294s] Level 1:colcon.colcon_core.package_identification:_identify(src/td3/pytorch_models) by extension 'colcon_pkg'
[0.294s] Level 1:colcon.colcon_core.package_identification:_identify(src/td3/pytorch_models) by extensions ['colcon_meta']
[0.294s] Level 1:colcon.colcon_core.package_identification:_identify(src/td3/pytorch_models) by extension 'colcon_meta'
[0.294s] Level 1:colcon.colcon_core.package_identification:_identify(src/td3/pytorch_models) by extensions ['ros']
[0.294s] Level 1:colcon.colcon_core.package_identification:_identify(src/td3/pytorch_models) by extension 'ros'
[0.294s] Level 1:colcon.colcon_core.package_identification:_identify(src/td3/pytorch_models) by extensions ['cmake', 'python']
[0.294s] Level 1:colcon.colcon_core.package_identification:_identify(src/td3/pytorch_models) by extension 'cmake'
[0.294s] Level 1:colcon.colcon_core.package_identification:_identify(src/td3/pytorch_models) by extension 'python'
[0.294s] Level 1:colcon.colcon_core.package_identification:_identify(src/td3/pytorch_models) by extensions ['python_setup_py']
[0.294s] Level 1:colcon.colcon_core.package_identification:_identify(src/td3/pytorch_models) by extension 'python_setup_py'
[0.294s] Level 1:colcon.colcon_core.package_identification:_identify(src/td3/results) by extensions ['ignore', 'ignore_ament_install']
[0.294s] Level 1:colcon.colcon_core.package_identification:_identify(src/td3/results) by extension 'ignore'
[0.294s] Level 1:colcon.colcon_core.package_identification:_identify(src/td3/results) by extension 'ignore_ament_install'
[0.294s] Level 1:colcon.colcon_core.package_identification:_identify(src/td3/results) by extensions ['colcon_pkg']
[0.294s] Level 1:colcon.colcon_core.package_identification:_identify(src/td3/results) by extension 'colcon_pkg'
[0.294s] Level 1:colcon.colcon_core.package_identification:_identify(src/td3/results) by extensions ['colcon_meta']
[0.294s] Level 1:colcon.colcon_core.package_identification:_identify(src/td3/results) by extension 'colcon_meta'
[0.294s] Level 1:colcon.colcon_core.package_identification:_identify(src/td3/results) by extensions ['ros']
[0.294s] Level 1:colcon.colcon_core.package_identification:_identify(src/td3/results) by extension 'ros'
[0.294s] Level 1:colcon.colcon_core.package_identification:_identify(src/td3/results) by extensions ['cmake', 'python']
[0.294s] Level 1:colcon.colcon_core.package_identification:_identify(src/td3/results) by extension 'cmake'
[0.294s] Level 1:colcon.colcon_core.package_identification:_identify(src/td3/results) by extension 'python'
[0.294s] Level 1:colcon.colcon_core.package_identification:_identify(src/td3/results) by extensions ['python_setup_py']
[0.294s] Level 1:colcon.colcon_core.package_identification:_identify(src/td3/results) by extension 'python_setup_py'
[0.294s] Level 1:colcon.colcon_core.package_identification:_identify(src/td3/runs) by extensions ['ignore', 'ignore_ament_install']
[0.294s] Level 1:colcon.colcon_core.package_identification:_identify(src/td3/runs) by extension 'ignore'
[0.295s] Level 1:colcon.colcon_core.package_identification:_identify(src/td3/runs) by extension 'ignore_ament_install'
[0.295s] Level 1:colcon.colcon_core.package_identification:_identify(src/td3/runs) by extensions ['colcon_pkg']
[0.295s] Level 1:colcon.colcon_core.package_identification:_identify(src/td3/runs) by extension 'colcon_pkg'
[0.295s] Level 1:colcon.colcon_core.package_identification:_identify(src/td3/runs) by extensions ['colcon_meta']
[0.295s] Level 1:colcon.colcon_core.package_identification:_identify(src/td3/runs) by extension 'colcon_meta'
[0.295s] Level 1:colcon.colcon_core.package_identification:_identify(src/td3/runs) by extensions ['ros']
[0.295s] Level 1:colcon.colcon_core.package_identification:_identify(src/td3/runs) by extension 'ros'
[0.295s] Level 1:colcon.colcon_core.package_identification:_identify(src/td3/runs) by extensions ['cmake', 'python']
[0.295s] Level 1:colcon.colcon_core.package_identification:_identify(src/td3/runs) by extension 'cmake'
[0.295s] Level 1:colcon.colcon_core.package_identification:_identify(src/td3/runs) by extension 'python'
[0.295s] Level 1:colcon.colcon_core.package_identification:_identify(src/td3/runs) by extensions ['python_setup_py']
[0.295s] Level 1:colcon.colcon_core.package_identification:_identify(src/td3/runs) by extension 'python_setup_py'
[0.295s] Level 1:colcon.colcon_core.package_discovery:discover_packages(recursive) using defaults
[0.295s] Level 1:colcon.colcon_core.package_discovery:discover_packages(ignore) discover
[0.295s] Level 1:colcon.colcon_core.package_discovery:discover_packages(ignore) using defaults
[0.295s] Level 1:colcon.colcon_core.package_discovery:discover_packages(path) discover
[0.295s] Level 1:colcon.colcon_core.package_discovery:discover_packages(path) using defaults
[0.310s] Level 1:colcon.colcon_core.package_discovery:discover_packages(prefix_path) check parameters
[0.310s] Level 1:colcon.colcon_core.package_discovery:discover_packages(prefix_path) discover
[0.312s] DEBUG:colcon.colcon_installed_package_information.package_discovery:Found 2 installed packages in /home/rudra/bharatforge/abhiroop/install
[0.312s] DEBUG:colcon.colcon_installed_package_information.package_discovery:Found 1 installed packages in /home/rudra/turtlebot3_ws/install
[0.312s] DEBUG:colcon.colcon_installed_package_information.package_discovery:Found 2 installed packages in /home/rudra/abhiroop/install
[0.313s] DEBUG:colcon.colcon_installed_package_information.package_discovery:Found 3 installed packages in /home/rudra/ws_offboard_control/install
[0.314s] DEBUG:colcon.colcon_installed_package_information.package_discovery:Found 406 installed packages in /opt/ros/humble
[0.316s] Level 1:colcon.colcon_core.package_discovery:discover_packages(prefix_path) using defaults
[0.356s] Level 5:colcon.colcon_core.verb:set package 'autobot_recog' build argument 'cmake_args' from command line to 'None'
[0.356s] Level 5:colcon.colcon_core.verb:set package 'autobot_recog' build argument 'cmake_target' from command line to 'None'
[0.356s] Level 5:colcon.colcon_core.verb:set package 'autobot_recog' build argument 'cmake_target_skip_unavailable' from command line to 'False'
[0.356s] Level 5:colcon.colcon_core.verb:set package 'autobot_recog' build argument 'cmake_clean_cache' from command line to 'False'
[0.356s] Level 5:colcon.colcon_core.verb:set package 'autobot_recog' build argument 'cmake_clean_first' from command line to 'False'
[0.356s] Level 5:colcon.colcon_core.verb:set package 'autobot_recog' build argument 'cmake_force_configure' from command line to 'False'
[0.356s] Level 5:colcon.colcon_core.verb:set package 'autobot_recog' build argument 'ament_cmake_args' from command line to 'None'
[0.356s] Level 5:colcon.colcon_core.verb:set package 'autobot_recog' build argument 'catkin_cmake_args' from command line to 'None'
[0.357s] Level 5:colcon.colcon_core.verb:set package 'autobot_recog' build argument 'catkin_skip_building_tests' from command line to 'False'
[0.357s] DEBUG:colcon.colcon_core.verb:Building package 'autobot_recog' with the following arguments: {'ament_cmake_args': None, 'build_base': '/home/rudra/bharatforge/abhiroop/build/autobot_recog', 'catkin_cmake_args': None, 'catkin_skip_building_tests': False, 'cmake_args': None, 'cmake_clean_cache': False, 'cmake_clean_first': False, 'cmake_force_configure': False, 'cmake_target': None, 'cmake_target_skip_unavailable': False, 'install_base': '/home/rudra/bharatforge/abhiroop/install/autobot_recog', 'merge_install': False, 'path': '/home/rudra/bharatforge/abhiroop/src/autobot_recog', 'symlink_install': True, 'test_result_base': None}
[0.357s] Level 5:colcon.colcon_core.verb:set package 'communication_msgs' build argument 'cmake_args' from command line to 'None'
[0.357s] Level 5:colcon.colcon_core.verb:set package 'communication_msgs' build argument 'cmake_target' from command line to 'None'
[0.357s] Level 5:colcon.colcon_core.verb:set package 'communication_msgs' build argument 'cmake_target_skip_unavailable' from command line to 'False'
[0.357s] Level 5:colcon.colcon_core.verb:set package 'communication_msgs' build argument 'cmake_clean_cache' from command line to 'False'
[0.357s] Level 5:colcon.colcon_core.verb:set package 'communication_msgs' build argument 'cmake_clean_first' from command line to 'False'
[0.357s] Level 5:colcon.colcon_core.verb:set package 'communication_msgs' build argument 'cmake_force_configure' from command line to 'False'
[0.357s] Level 5:colcon.colcon_core.verb:set package 'communication_msgs' build argument 'ament_cmake_args' from command line to 'None'
[0.357s] Level 5:colcon.colcon_core.verb:set package 'communication_msgs' build argument 'catkin_cmake_args' from command line to 'None'
[0.357s] Level 5:colcon.colcon_core.verb:set package 'communication_msgs' build argument 'catkin_skip_building_tests' from command line to 'False'
[0.357s] DEBUG:colcon.colcon_core.verb:Building package 'communication_msgs' with the following arguments: {'ament_cmake_args': None, 'build_base': '/home/rudra/bharatforge/abhiroop/build/communication_msgs', 'catkin_cmake_args': None, 'catkin_skip_building_tests': False, 'cmake_args': None, 'cmake_clean_cache': False, 'cmake_clean_first': False, 'cmake_force_configure': False, 'cmake_target': None, 'cmake_target_skip_unavailable': False, 'install_base': '/home/rudra/bharatforge/abhiroop/install/communication_msgs', 'merge_install': False, 'path': '/home/rudra/bharatforge/abhiroop/src/communication_msgs', 'symlink_install': True, 'test_result_base': None}
[0.357s] INFO:colcon.colcon_core.executor:Executing jobs using 'parallel' executor
[0.358s] DEBUG:colcon.colcon_parallel_executor.executor.parallel:run_until_complete
[0.358s] INFO:colcon.colcon_ros.task.ament_python.build:Building ROS package in '/home/rudra/bharatforge/abhiroop/src/autobot_recog' with build type 'ament_python'
[0.358s] Level 1:colcon.colcon_core.shell:create_environment_hook('autobot_recog', 'ament_prefix_path')
[0.360s] INFO:colcon.colcon_core.plugin_system:Skipping extension 'colcon_core.shell.bat': Not used on non-Windows systems
[0.360s] INFO:colcon.colcon_core.shell:Creating environment hook '/home/rudra/bharatforge/abhiroop/install/autobot_recog/share/autobot_recog/hook/ament_prefix_path.ps1'
[0.361s] INFO:colcon.colcon_core.shell:Creating environment descriptor '/home/rudra/bharatforge/abhiroop/install/autobot_recog/share/autobot_recog/hook/ament_prefix_path.dsv'
[0.361s] INFO:colcon.colcon_core.shell:Creating environment hook '/home/rudra/bharatforge/abhiroop/install/autobot_recog/share/autobot_recog/hook/ament_prefix_path.sh'
[0.361s] INFO:colcon.colcon_core.shell:Skip shell extension 'powershell' for command environment: Not usable outside of PowerShell
[0.361s] DEBUG:colcon.colcon_core.shell:Skip shell extension 'dsv' for command environment
[0.366s] INFO:colcon.colcon_ros.task.ament_cmake.build:Building ROS package in '/home/rudra/bharatforge/abhiroop/src/communication_msgs' with build type 'ament_cmake'
[0.366s] INFO:colcon.colcon_cmake.task.cmake.build:Building CMake package in '/home/rudra/bharatforge/abhiroop/src/communication_msgs'
[0.366s] INFO:colcon.colcon_core.shell:Skip shell extension 'powershell' for command environment: Not usable outside of PowerShell
[0.366s] DEBUG:colcon.colcon_core.shell:Skip shell extension 'dsv' for command environment
[0.612s] INFO:colcon.colcon_core.task.python.build:Building Python package in '/home/rudra/bharatforge/abhiroop/src/autobot_recog'
[0.613s] INFO:colcon.colcon_core.shell:Skip shell extension 'powershell' for command environment: Not usable outside of PowerShell
[0.613s] DEBUG:colcon.colcon_core.shell:Skip shell extension 'dsv' for command environment
[0.621s] DEBUG:colcon.colcon_core.event_handler.log_command:Invoking command in '/home/rudra/bharatforge/abhiroop/build/communication_msgs': CMAKE_PREFIX_PATH=/home/rudra/bharatforge/abhiroop/install/communication_msgs:/home/rudra/abhiroop/install/communication_msgs:/home/rudra/ws_offboard_control/install/px4_ros_com:/home/rudra/ws_offboard_control/install/px4_msgs:/home/rudra/bharatforge/abhiroop/install/autobot_recog:/home/rudra/abhiroop/install/autobot_recog:/opt/ros/humble:/home/rudra/ws_offboard_control/install/lidar_bridge /usr/bin/cmake --build /home/rudra/bharatforge/abhiroop/build/communication_msgs -- -j12 -l12
[0.976s] DEBUG:colcon.colcon_core.event_handler.log_command:Invoked command in '/home/rudra/bharatforge/abhiroop/build/communication_msgs' returned '0': CMAKE_PREFIX_PATH=/home/rudra/bharatforge/abhiroop/install/communication_msgs:/home/rudra/abhiroop/install/communication_msgs:/home/rudra/ws_offboard_control/install/px4_ros_com:/home/rudra/ws_offboard_control/install/px4_msgs:/home/rudra/bharatforge/abhiroop/install/autobot_recog:/home/rudra/abhiroop/install/autobot_recog:/opt/ros/humble:/home/rudra/ws_offboard_control/install/lidar_bridge /usr/bin/cmake --build /home/rudra/bharatforge/abhiroop/build/communication_msgs -- -j12 -l12
[0.986s] DEBUG:colcon.colcon_core.event_handler.log_command:Invoking command in '/home/rudra/bharatforge/abhiroop/build/communication_msgs': CMAKE_PREFIX_PATH=/home/rudra/bharatforge/abhiroop/install/communication_msgs:/home/rudra/abhiroop/install/communication_msgs:/home/rudra/ws_offboard_control/install/px4_ros_com:/home/rudra/ws_offboard_control/install/px4_msgs:/home/rudra/bharatforge/abhiroop/install/autobot_recog:/home/rudra/abhiroop/install/autobot_recog:/opt/ros/humble:/home/rudra/ws_offboard_control/install/lidar_bridge /usr/bin/cmake --install /home/rudra/bharatforge/abhiroop/build/communication_msgs
[0.989s] DEBUG:colcon.colcon_core.event_handler.log_command:Invoking command in '/home/rudra/bharatforge/abhiroop/build/autobot_recog': PYTHONPATH=/home/rudra/bharatforge/abhiroop/build/autobot_recog/prefix_override:/usr/lib/python3/dist-packages/colcon_core/task/python/colcon_distutils_commands:/home/rudra/bharatforge/abhiroop/install/autobot_recog/lib/python3.10/site-packages:${PYTHONPATH} /usr/bin/python3 -W ignore:setup.py install is deprecated -W ignore:easy_install command is deprecated setup.py develop --editable --build-directory /home/rudra/bharatforge/abhiroop/build/autobot_recog/build --no-deps symlink_data
[1.055s] Level 1:colcon.colcon_core.environment:create_environment_scripts_only(communication_msgs)
[1.055s] DEBUG:colcon.colcon_core.event_handler.log_command:Invoked command in '/home/rudra/bharatforge/abhiroop/build/communication_msgs' returned '0': CMAKE_PREFIX_PATH=/home/rudra/bharatforge/abhiroop/install/communication_msgs:/home/rudra/abhiroop/install/communication_msgs:/home/rudra/ws_offboard_control/install/px4_ros_com:/home/rudra/ws_offboard_control/install/px4_msgs:/home/rudra/bharatforge/abhiroop/install/autobot_recog:/home/rudra/abhiroop/install/autobot_recog:/opt/ros/humble:/home/rudra/ws_offboard_control/install/lidar_bridge /usr/bin/cmake --install /home/rudra/bharatforge/abhiroop/build/communication_msgs
[1.057s] Level 1:colcon.colcon_core.environment:checking '/home/rudra/bharatforge/abhiroop/install/communication_msgs' for CMake module files
[1.058s] Level 1:colcon.colcon_core.environment:checking '/home/rudra/bharatforge/abhiroop/install/communication_msgs' for CMake config files
[1.058s] Level 1:colcon.colcon_core.shell:create_environment_hook('communication_msgs', 'cmake_prefix_path')
[1.058s] INFO:colcon.colcon_core.shell:Creating environment hook '/home/rudra/bharatforge/abhiroop/install/communication_msgs/share/communication_msgs/hook/cmake_prefix_path.ps1'
[1.059s] INFO:colcon.colcon_core.shell:Creating environment descriptor '/home/rudra/bharatforge/abhiroop/install/communication_msgs/share/communication_msgs/hook/cmake_prefix_path.dsv'
[1.059s] INFO:colcon.colcon_core.shell:Creating environment hook '/home/rudra/bharatforge/abhiroop/install/communication_msgs/share/communication_msgs/hook/cmake_prefix_path.sh'
[1.060s] Level 1:colcon.colcon_core.environment:checking '/home/rudra/bharatforge/abhiroop/install/communication_msgs/lib'
[1.060s] Level 1:colcon.colcon_core.shell:create_environment_hook('communication_msgs', 'ld_library_path_lib')
[1.060s] INFO:colcon.colcon_core.shell:Creating environment hook '/home/rudra/bharatforge/abhiroop/install/communication_msgs/share/communication_msgs/hook/ld_library_path_lib.ps1'
[1.060s] INFO:colcon.colcon_core.shell:Creating environment descriptor '/home/rudra/bharatforge/abhiroop/install/communication_msgs/share/communication_msgs/hook/ld_library_path_lib.dsv'
[1.061s] INFO:colcon.colcon_core.shell:Creating environment hook '/home/rudra/bharatforge/abhiroop/install/communication_msgs/share/communication_msgs/hook/ld_library_path_lib.sh'
[1.061s] Level 1:colcon.colcon_core.environment:checking '/home/rudra/bharatforge/abhiroop/install/communication_msgs/bin'
[1.061s] Level 1:colcon.colcon_core.environment:checking '/home/rudra/bharatforge/abhiroop/install/communication_msgs/lib/pkgconfig/communication_msgs.pc'
[1.061s] Level 1:colcon.colcon_core.environment:checking '/home/rudra/bharatforge/abhiroop/install/communication_msgs/lib/python3.10/site-packages'
[1.061s] Level 1:colcon.colcon_core.environment:checking '/home/rudra/bharatforge/abhiroop/install/communication_msgs/bin'
[1.062s] INFO:colcon.colcon_core.shell:Creating package script '/home/rudra/bharatforge/abhiroop/install/communication_msgs/share/communication_msgs/package.ps1'
[1.062s] INFO:colcon.colcon_core.shell:Creating package descriptor '/home/rudra/bharatforge/abhiroop/install/communication_msgs/share/communication_msgs/package.dsv'
[1.063s] INFO:colcon.colcon_core.shell:Creating package script '/home/rudra/bharatforge/abhiroop/install/communication_msgs/share/communication_msgs/package.sh'
[1.063s] INFO:colcon.colcon_core.shell:Creating package script '/home/rudra/bharatforge/abhiroop/install/communication_msgs/share/communication_msgs/package.bash'
[1.064s] INFO:colcon.colcon_core.shell:Creating package script '/home/rudra/bharatforge/abhiroop/install/communication_msgs/share/communication_msgs/package.zsh'
[1.065s] Level 1:colcon.colcon_core.environment:create_file_with_runtime_dependencies(/home/rudra/bharatforge/abhiroop/install/communication_msgs/share/colcon-core/packages/communication_msgs)
[1.065s] Level 1:colcon.colcon_core.environment:create_environment_scripts_only(communication_msgs)
[1.065s] Level 1:colcon.colcon_core.environment:checking '/home/rudra/bharatforge/abhiroop/install/communication_msgs' for CMake module files
[1.066s] Level 1:colcon.colcon_core.environment:checking '/home/rudra/bharatforge/abhiroop/install/communication_msgs' for CMake config files
[1.066s] Level 1:colcon.colcon_core.shell:create_environment_hook('communication_msgs', 'cmake_prefix_path')
[1.066s] INFO:colcon.colcon_core.shell:Creating environment hook '/home/rudra/bharatforge/abhiroop/install/communication_msgs/share/communication_msgs/hook/cmake_prefix_path.ps1'
[1.067s] INFO:colcon.colcon_core.shell:Creating environment descriptor '/home/rudra/bharatforge/abhiroop/install/communication_msgs/share/communication_msgs/hook/cmake_prefix_path.dsv'
[1.067s] INFO:colcon.colcon_core.shell:Creating environment hook '/home/rudra/bharatforge/abhiroop/install/communication_msgs/share/communication_msgs/hook/cmake_prefix_path.sh'
[1.067s] Level 1:colcon.colcon_core.environment:checking '/home/rudra/bharatforge/abhiroop/install/communication_msgs/lib'
[1.067s] Level 1:colcon.colcon_core.shell:create_environment_hook('communication_msgs', 'ld_library_path_lib')
[1.067s] INFO:colcon.colcon_core.shell:Creating environment hook '/home/rudra/bharatforge/abhiroop/install/communication_msgs/share/communication_msgs/hook/ld_library_path_lib.ps1'
[1.068s] INFO:colcon.colcon_core.shell:Creating environment descriptor '/home/rudra/bharatforge/abhiroop/install/communication_msgs/share/communication_msgs/hook/ld_library_path_lib.dsv'
[1.068s] INFO:colcon.colcon_core.shell:Creating environment hook '/home/rudra/bharatforge/abhiroop/install/communication_msgs/share/communication_msgs/hook/ld_library_path_lib.sh'
[1.068s] Level 1:colcon.colcon_core.environment:checking '/home/rudra/bharatforge/abhiroop/install/communication_msgs/bin'
[1.068s] Level 1:colcon.colcon_core.environment:checking '/home/rudra/bharatforge/abhiroop/install/communication_msgs/lib/pkgconfig/communication_msgs.pc'
[1.069s] Level 1:colcon.colcon_core.environment:checking '/home/rudra/bharatforge/abhiroop/install/communication_msgs/lib/python3.10/site-packages'
[1.069s] Level 1:colcon.colcon_core.environment:checking '/home/rudra/bharatforge/abhiroop/install/communication_msgs/bin'
[1.069s] INFO:colcon.colcon_core.shell:Creating package script '/home/rudra/bharatforge/abhiroop/install/communication_msgs/share/communication_msgs/package.ps1'
[1.069s] INFO:colcon.colcon_core.shell:Creating package descriptor '/home/rudra/bharatforge/abhiroop/install/communication_msgs/share/communication_msgs/package.dsv'
[1.070s] INFO:colcon.colcon_core.shell:Creating package script '/home/rudra/bharatforge/abhiroop/install/communication_msgs/share/communication_msgs/package.sh'
[1.070s] INFO:colcon.colcon_core.shell:Creating package script '/home/rudra/bharatforge/abhiroop/install/communication_msgs/share/communication_msgs/package.bash'
[1.070s] INFO:colcon.colcon_core.shell:Creating package script '/home/rudra/bharatforge/abhiroop/install/communication_msgs/share/communication_msgs/package.zsh'
[1.071s] Level 1:colcon.colcon_core.environment:create_file_with_runtime_dependencies(/home/rudra/bharatforge/abhiroop/install/communication_msgs/share/colcon-core/packages/communication_msgs)
[1.442s] DEBUG:colcon.colcon_core.event_handler.log_command:Invoked command in '/home/rudra/bharatforge/abhiroop/build/autobot_recog' returned '1': PYTHONPATH=/home/rudra/bharatforge/abhiroop/build/autobot_recog/prefix_override:/usr/lib/python3/dist-packages/colcon_core/task/python/colcon_distutils_commands:/home/rudra/bharatforge/abhiroop/install/autobot_recog/lib/python3.10/site-packages:${PYTHONPATH} /usr/bin/python3 -W ignore:setup.py install is deprecated -W ignore:easy_install command is deprecated setup.py develop --editable --build-directory /home/rudra/bharatforge/abhiroop/build/autobot_recog/build --no-deps symlink_data
[1.451s] DEBUG:colcon.colcon_parallel_executor.executor.parallel:closing loop
[1.452s] DEBUG:colcon.colcon_parallel_executor.executor.parallel:loop closed
[1.452s] DEBUG:colcon.colcon_parallel_executor.executor.parallel:run_until_complete finished with '1'
[1.452s] DEBUG:colcon.colcon_core.event_reactor:joining thread
[1.457s] INFO:colcon.colcon_core.plugin_system:Skipping extension 'colcon_notification.desktop_notification.terminal_notifier': Not used on non-Darwin systems
[1.457s] INFO:colcon.colcon_core.plugin_system:Skipping extension 'colcon_notification.desktop_notification.win32': Not used on non-Windows systems
[1.457s] INFO:colcon.colcon_notification.desktop_notification:Sending desktop notification using 'notify2'
[1.465s] DEBUG:colcon.colcon_core.event_reactor:joined thread
[1.465s] INFO:colcon.colcon_core.shell:Creating prefix script '/home/rudra/bharatforge/abhiroop/install/local_setup.ps1'
[1.466s] INFO:colcon.colcon_core.shell:Creating prefix util module '/home/rudra/bharatforge/abhiroop/install/_local_setup_util_ps1.py'
[1.467s] INFO:colcon.colcon_core.shell:Creating prefix chain script '/home/rudra/bharatforge/abhiroop/install/setup.ps1'
[1.468s] INFO:colcon.colcon_core.shell:Creating prefix script '/home/rudra/bharatforge/abhiroop/install/local_setup.sh'
[1.469s] INFO:colcon.colcon_core.shell:Creating prefix util module '/home/rudra/bharatforge/abhiroop/install/_local_setup_util_sh.py'
[1.469s] INFO:colcon.colcon_core.shell:Creating prefix chain script '/home/rudra/bharatforge/abhiroop/install/setup.sh'
[1.470s] INFO:colcon.colcon_core.shell:Creating prefix script '/home/rudra/bharatforge/abhiroop/install/local_setup.bash'
[1.471s] INFO:colcon.colcon_core.shell:Creating prefix chain script '/home/rudra/bharatforge/abhiroop/install/setup.bash'
[1.471s] INFO:colcon.colcon_core.shell:Creating prefix script '/home/rudra/bharatforge/abhiroop/install/local_setup.zsh'
[1.472s] INFO:colcon.colcon_core.shell:Creating prefix chain script '/home/rudra/bharatforge/abhiroop/install/setup.zsh'
