[0.587s] Invoking command in '/home/rudra/bharatforge/abhiroop/src/autobot_recog': PYTHONPATH=/home/rudra/bharatforge/abhiroop/src/autobot_recog/build/autobot_recog/prefix_override:/usr/lib/python3/dist-packages/colcon_core/task/python/colcon_distutils_commands:/home/rudra/bharatforge/abhiroop/src/autobot_recog/install/autobot_recog/lib/python3.10/site-packages:${PYTHONPATH} /usr/bin/python3 -W ignore:setup.py install is deprecated -W ignore:easy_install command is deprecated setup.py egg_info --egg-base build/autobot_recog build --build-base /home/rudra/bharatforge/abhiroop/src/autobot_recog/build/autobot_recog/build install --record /home/rudra/bharatforge/abhiroop/src/autobot_recog/build/autobot_recog/install.log --single-version-externally-managed install_data
[0.810s] running egg_info
[0.811s] creating build/autobot_recog/autobot_recog.egg-info
[0.811s] writing build/autobot_recog/autobot_recog.egg-info/PKG-INFO
[0.811s] writing dependency_links to build/autobot_recog/autobot_recog.egg-info/dependency_links.txt
[0.811s] writing entry points to build/autobot_recog/autobot_recog.egg-info/entry_points.txt
[0.812s] writing requirements to build/autobot_recog/autobot_recog.egg-info/requires.txt
[0.812s] writing top-level names to build/autobot_recog/autobot_recog.egg-info/top_level.txt
[0.812s] writing manifest file 'build/autobot_recog/autobot_recog.egg-info/SOURCES.txt'
[0.814s] reading manifest file 'build/autobot_recog/autobot_recog.egg-info/SOURCES.txt'
[0.814s] writing manifest file 'build/autobot_recog/autobot_recog.egg-info/SOURCES.txt'
[0.814s] running build
[0.814s] running build_py
[0.815s] creating /home/rudra/bharatforge/abhiroop/src/autobot_recog/build/autobot_recog/build
[0.815s] creating /home/rudra/bharatforge/abhiroop/src/autobot_recog/build/autobot_recog/build/lib
[0.815s] creating /home/rudra/bharatforge/abhiroop/src/autobot_recog/build/autobot_recog/build/lib/autobot_recog
[0.815s] copying autobot_recog/__init__.py -> /home/rudra/bharatforge/abhiroop/src/autobot_recog/build/autobot_recog/build/lib/autobot_recog
[0.815s] running build_scripts
[0.815s] creating /home/rudra/bharatforge/abhiroop/src/autobot_recog/build/autobot_recog/build/scripts-3.10
[0.815s] copying and adjusting scripts/move.py -> /home/rudra/bharatforge/abhiroop/src/autobot_recog/build/autobot_recog/build/scripts-3.10
[0.815s] copying and adjusting scripts/image_save.py -> /home/rudra/bharatforge/abhiroop/src/autobot_recog/build/autobot_recog/build/scripts-3.10
[0.815s] copying scripts/agent_node.py -> /home/rudra/bharatforge/abhiroop/src/autobot_recog/build/autobot_recog/build/scripts-3.10
[0.815s] copying scripts/multi_move.py -> /home/rudra/bharatforge/abhiroop/src/autobot_recog/build/autobot_recog/build/scripts-3.10
[0.816s] changing mode of /home/rudra/bharatforge/abhiroop/src/autobot_recog/build/autobot_recog/build/scripts-3.10/move.py from 664 to 775
[0.816s] changing mode of /home/rudra/bharatforge/abhiroop/src/autobot_recog/build/autobot_recog/build/scripts-3.10/image_save.py from 664 to 775
[0.816s] changing mode of /home/rudra/bharatforge/abhiroop/src/autobot_recog/build/autobot_recog/build/scripts-3.10/agent_node.py from 644 to 755
[0.816s] changing mode of /home/rudra/bharatforge/abhiroop/src/autobot_recog/build/autobot_recog/build/scripts-3.10/multi_move.py from 644 to 755
[0.816s] running install
[0.816s] running install_lib
[0.816s] creating /home/rudra/bharatforge/abhiroop/src/autobot_recog/install/autobot_recog/lib/python3.10/site-packages/autobot_recog
[0.816s] copying /home/rudra/bharatforge/abhiroop/src/autobot_recog/build/autobot_recog/build/lib/autobot_recog/__init__.py -> /home/rudra/bharatforge/abhiroop/src/autobot_recog/install/autobot_recog/lib/python3.10/site-packages/autobot_recog
[0.817s] byte-compiling /home/rudra/bharatforge/abhiroop/src/autobot_recog/install/autobot_recog/lib/python3.10/site-packages/autobot_recog/__init__.py to __init__.cpython-310.pyc
[0.817s] running install_data
[0.817s] creating /home/rudra/bharatforge/abhiroop/src/autobot_recog/install/autobot_recog/share/ament_index
[0.817s] creating /home/rudra/bharatforge/abhiroop/src/autobot_recog/install/autobot_recog/share/ament_index/resource_index
[0.817s] creating /home/rudra/bharatforge/abhiroop/src/autobot_recog/install/autobot_recog/share/ament_index/resource_index/packages
[0.817s] copying resource/autobot_recog -> /home/rudra/bharatforge/abhiroop/src/autobot_recog/install/autobot_recog/share/ament_index/resource_index/packages
[0.817s] copying package.xml -> /home/rudra/bharatforge/abhiroop/src/autobot_recog/install/autobot_recog/share/autobot_recog
[0.818s] creating /home/rudra/bharatforge/abhiroop/src/autobot_recog/install/autobot_recog/share/autobot_recog/launch
[0.818s] copying launch/office_launch.launch.py -> /home/rudra/bharatforge/abhiroop/src/autobot_recog/install/autobot_recog/share/autobot_recog/launch
[0.818s] copying launch/warehouse_launch.launch.py -> /home/rudra/bharatforge/abhiroop/src/autobot_recog/install/autobot_recog/share/autobot_recog/launch
[0.818s] copying launch/spawn_turtlebot_with_realsense.launch.py -> /home/rudra/bharatforge/abhiroop/src/autobot_recog/install/autobot_recog/share/autobot_recog/launch
[0.818s] copying launch/multi_bot.launch.py -> /home/rudra/bharatforge/abhiroop/src/autobot_recog/install/autobot_recog/share/autobot_recog/launch
[0.818s] copying launch/robot_state_publisher.launch.py -> /home/rudra/bharatforge/abhiroop/src/autobot_recog/install/autobot_recog/share/autobot_recog/launch
[0.818s] copying launch/spawn_yolobot.py -> /home/rudra/bharatforge/abhiroop/src/autobot_recog/install/autobot_recog/share/autobot_recog/launch
[0.818s] copying launch/multi_turtlebot3.launch.py -> /home/rudra/bharatforge/abhiroop/src/autobot_recog/install/autobot_recog/share/autobot_recog/launch
[0.818s] copying launch/spawn_yolobot_launch.launch.py -> /home/rudra/bharatforge/abhiroop/src/autobot_recog/install/autobot_recog/share/autobot_recog/launch
[0.819s] copying launch/gazebo.launch.py -> /home/rudra/bharatforge/abhiroop/src/autobot_recog/install/autobot_recog/share/autobot_recog/launch
[0.819s] copying launch/actor.launch.py -> /home/rudra/bharatforge/abhiroop/src/autobot_recog/install/autobot_recog/share/autobot_recog/launch
[0.819s] copying launch/2.launch.py -> /home/rudra/bharatforge/abhiroop/src/autobot_recog/install/autobot_recog/share/autobot_recog/launch
[0.819s] copying launch/1.launch.py -> /home/rudra/bharatforge/abhiroop/src/autobot_recog/install/autobot_recog/share/autobot_recog/launch
[0.819s] copying launch/world_launch.launch.py -> /home/rudra/bharatforge/abhiroop/src/autobot_recog/install/autobot_recog/share/autobot_recog/launch
[0.819s] copying launch/4.launch.py -> /home/rudra/bharatforge/abhiroop/src/autobot_recog/install/autobot_recog/share/autobot_recog/launch
[0.819s] copying launch/rviz_gazebo_camera.launch.py -> /home/rudra/bharatforge/abhiroop/src/autobot_recog/install/autobot_recog/share/autobot_recog/launch
[0.819s] copying launch/multiple_bots.launch.py -> /home/rudra/bharatforge/abhiroop/src/autobot_recog/install/autobot_recog/share/autobot_recog/launch
[0.819s] copying launch/spawn_turtlebot3.launch.py -> /home/rudra/bharatforge/abhiroop/src/autobot_recog/install/autobot_recog/share/autobot_recog/launch
[0.819s] creating /home/rudra/bharatforge/abhiroop/src/autobot_recog/install/autobot_recog/share/autobot_recog/urdf
[0.819s] running install_egg_info
[0.821s] Copying build/autobot_recog/autobot_recog.egg-info to /home/rudra/bharatforge/abhiroop/src/autobot_recog/install/autobot_recog/lib/python3.10/site-packages/autobot_recog-0.0.0-py3.10.egg-info
[0.821s] running install_scripts
[0.836s] creating /home/rudra/bharatforge/abhiroop/src/autobot_recog/install/autobot_recog/lib/autobot_recog
[0.836s] copying /home/rudra/bharatforge/abhiroop/src/autobot_recog/build/autobot_recog/build/scripts-3.10/move.py -> /home/rudra/bharatforge/abhiroop/src/autobot_recog/install/autobot_recog/lib/autobot_recog
[0.836s] copying /home/rudra/bharatforge/abhiroop/src/autobot_recog/build/autobot_recog/build/scripts-3.10/multi_move.py -> /home/rudra/bharatforge/abhiroop/src/autobot_recog/install/autobot_recog/lib/autobot_recog
[0.836s] copying /home/rudra/bharatforge/abhiroop/src/autobot_recog/build/autobot_recog/build/scripts-3.10/image_save.py -> /home/rudra/bharatforge/abhiroop/src/autobot_recog/install/autobot_recog/lib/autobot_recog
[0.836s] copying /home/rudra/bharatforge/abhiroop/src/autobot_recog/build/autobot_recog/build/scripts-3.10/agent_node.py -> /home/rudra/bharatforge/abhiroop/src/autobot_recog/install/autobot_recog/lib/autobot_recog
[0.837s] changing mode of /home/rudra/bharatforge/abhiroop/src/autobot_recog/install/autobot_recog/lib/autobot_recog/move.py to 775
[0.837s] changing mode of /home/rudra/bharatforge/abhiroop/src/autobot_recog/install/autobot_recog/lib/autobot_recog/multi_move.py to 755
[0.837s] changing mode of /home/rudra/bharatforge/abhiroop/src/autobot_recog/install/autobot_recog/lib/autobot_recog/image_save.py to 775
[0.837s] changing mode of /home/rudra/bharatforge/abhiroop/src/autobot_recog/install/autobot_recog/lib/autobot_recog/agent_node.py to 755
[0.837s] Installing agent_node script to /home/rudra/bharatforge/abhiroop/src/autobot_recog/install/autobot_recog/lib/autobot_recog
[0.837s] Installing image_save script to /home/rudra/bharatforge/abhiroop/src/autobot_recog/install/autobot_recog/lib/autobot_recog
[0.838s] Installing move script to /home/rudra/bharatforge/abhiroop/src/autobot_recog/install/autobot_recog/lib/autobot_recog
[0.838s] Installing multi_move script to /home/rudra/bharatforge/abhiroop/src/autobot_recog/install/autobot_recog/lib/autobot_recog
[0.838s] writing list of installed files to '/home/rudra/bharatforge/abhiroop/src/autobot_recog/build/autobot_recog/install.log'
[0.856s] Invoked command in '/home/rudra/bharatforge/abhiroop/src/autobot_recog' returned '0': PYTHONPATH=/home/rudra/bharatforge/abhiroop/src/autobot_recog/build/autobot_recog/prefix_override:/usr/lib/python3/dist-packages/colcon_core/task/python/colcon_distutils_commands:/home/rudra/bharatforge/abhiroop/src/autobot_recog/install/autobot_recog/lib/python3.10/site-packages:${PYTHONPATH} /usr/bin/python3 -W ignore:setup.py install is deprecated -W ignore:easy_install command is deprecated setup.py egg_info --egg-base build/autobot_recog build --build-base /home/rudra/bharatforge/abhiroop/src/autobot_recog/build/autobot_recog/build install --record /home/rudra/bharatforge/abhiroop/src/autobot_recog/build/autobot_recog/install.log --single-version-externally-managed install_data
