[0.272s] Invoking command in '/home/rudra/bharatforge/abhiroop/build/communication_msgs': CMAKE_PREFIX_PATH=/home/rudra/bharatforge/abhiroop/install/communication_msgs:/home/rudra/abhiroop/install/communication_msgs:/home/rudra/ws_offboard_control/install/px4_ros_com:/home/rudra/ws_offboard_control/install/px4_msgs:/home/rudra/bharatforge/abhiroop/install/autobot_recog:/home/rudra/abhiroop/install/autobot_recog:/opt/ros/humble:/home/rudra/ws_offboard_control/install/lidar_bridge /usr/bin/cmake --build /home/rudra/bharatforge/abhiroop/build/communication_msgs -- -j12 -l12
[0.337s] [  6%] Built target communication_msgs__cpp
[0.338s] [ 12%] Built target communication_msgs__rosidl_generator_c
[0.352s] [ 12%] Built target ament_cmake_python_symlink_communication_msgs
[0.368s] [ 34%] Built target communication_msgs__rosidl_typesupport_fastrtps_c
[0.368s] [ 34%] Built target communication_msgs__rosidl_typesupport_cpp
[0.368s] [ 44%] Built target communication_msgs__rosidl_typesupport_c
[0.369s] [ 55%] Built target communication_msgs__rosidl_typesupport_introspection_c
[0.369s] [ 65%] Built target communication_msgs__rosidl_typesupport_fastrtps_cpp
[0.370s] [ 76%] Built target communication_msgs__rosidl_typesupport_introspection_cpp
[0.395s] [ 76%] Built target communication_msgs
[0.423s] [ 78%] Built target communication_msgs__py
[0.452s] [ 87%] Built target communication_msgs__rosidl_generator_py
[0.480s] [100%] Built target communication_msgs__rosidl_typesupport_fastrtps_c__pyext
[0.480s] [100%] Built target communication_msgs__rosidl_typesupport_c__pyext
[0.480s] [100%] Built target communication_msgs__rosidl_typesupport_introspection_c__pyext
[0.612s] running egg_info
[0.612s] writing communication_msgs.egg-info/PKG-INFO
[0.612s] writing dependency_links to communication_msgs.egg-info/dependency_links.txt
[0.612s] writing top-level names to communication_msgs.egg-info/top_level.txt
[0.614s] reading manifest file 'communication_msgs.egg-info/SOURCES.txt'
[0.615s] writing manifest file 'communication_msgs.egg-info/SOURCES.txt'
[0.653s] [100%] Built target ament_cmake_python_build_communication_msgs_egg
[0.670s] Invoked command in '/home/rudra/bharatforge/abhiroop/build/communication_msgs' returned '0': CMAKE_PREFIX_PATH=/home/rudra/bharatforge/abhiroop/install/communication_msgs:/home/rudra/abhiroop/install/communication_msgs:/home/rudra/ws_offboard_control/install/px4_ros_com:/home/rudra/ws_offboard_control/install/px4_msgs:/home/rudra/bharatforge/abhiroop/install/autobot_recog:/home/rudra/abhiroop/install/autobot_recog:/opt/ros/humble:/home/rudra/ws_offboard_control/install/lidar_bridge /usr/bin/cmake --build /home/rudra/bharatforge/abhiroop/build/communication_msgs -- -j12 -l12
[0.684s] Invoking command in '/home/rudra/bharatforge/abhiroop/build/communication_msgs': CMAKE_PREFIX_PATH=/home/rudra/bharatforge/abhiroop/install/communication_msgs:/home/rudra/abhiroop/install/communication_msgs:/home/rudra/ws_offboard_control/install/px4_ros_com:/home/rudra/ws_offboard_control/install/px4_msgs:/home/rudra/bharatforge/abhiroop/install/autobot_recog:/home/rudra/abhiroop/install/autobot_recog:/opt/ros/humble:/home/rudra/ws_offboard_control/install/lidar_bridge /usr/bin/cmake --install /home/rudra/bharatforge/abhiroop/build/communication_msgs
[0.694s] -- Install configuration: ""
[0.695s] -- Execute custom install script
[0.695s] -- Up-to-date symlink: /home/rudra/bharatforge/abhiroop/install/communication_msgs/share/ament_index/resource_index/rosidl_interfaces/communication_msgs
[0.696s] -- Up-to-date symlink: /home/rudra/bharatforge/abhiroop/install/communication_msgs/include/communication_msgs/communication_msgs/msg/rosidl_generator_c__visibility_control.h
[0.696s] -- Up-to-date symlink: /home/rudra/bharatforge/abhiroop/install/communication_msgs/include/communication_msgs/communication_msgs/srv/detail/liveliness__functions.h
[0.697s] -- Up-to-date symlink: /home/rudra/bharatforge/abhiroop/install/communication_msgs/include/communication_msgs/communication_msgs/srv/detail/liveliness__struct.h
[0.697s] -- Up-to-date symlink: /home/rudra/bharatforge/abhiroop/install/communication_msgs/include/communication_msgs/communication_msgs/srv/detail/liveliness__type_support.h
[0.697s] -- Up-to-date symlink: /home/rudra/bharatforge/abhiroop/install/communication_msgs/include/communication_msgs/communication_msgs/srv/detail/task_assignment__functions.h
[0.697s] -- Up-to-date symlink: /home/rudra/bharatforge/abhiroop/install/communication_msgs/include/communication_msgs/communication_msgs/srv/detail/task_assignment__struct.h
[0.697s] -- Up-to-date symlink: /home/rudra/bharatforge/abhiroop/install/communication_msgs/include/communication_msgs/communication_msgs/srv/detail/task_assignment__type_support.h
[0.698s] -- Up-to-date symlink: /home/rudra/bharatforge/abhiroop/install/communication_msgs/include/communication_msgs/communication_msgs/srv/detail/task_completion__functions.h
[0.698s] -- Up-to-date symlink: /home/rudra/bharatforge/abhiroop/install/communication_msgs/include/communication_msgs/communication_msgs/srv/detail/task_completion__struct.h
[0.698s] -- Up-to-date symlink: /home/rudra/bharatforge/abhiroop/install/communication_msgs/include/communication_msgs/communication_msgs/srv/detail/task_completion__type_support.h
[0.698s] -- Up-to-date symlink: /home/rudra/bharatforge/abhiroop/install/communication_msgs/include/communication_msgs/communication_msgs/srv/liveliness.h
[0.698s] -- Up-to-date symlink: /home/rudra/bharatforge/abhiroop/install/communication_msgs/include/communication_msgs/communication_msgs/srv/task_assignment.h
[0.698s] -- Up-to-date symlink: /home/rudra/bharatforge/abhiroop/install/communication_msgs/include/communication_msgs/communication_msgs/srv/task_completion.h
[0.698s] -- Up-to-date symlink: /home/rudra/bharatforge/abhiroop/install/communication_msgs/share/communication_msgs/environment/library_path.sh
[0.699s] -- Up-to-date symlink: /home/rudra/bharatforge/abhiroop/install/communication_msgs/share/communication_msgs/environment/library_path.dsv
[0.699s] -- Up-to-date symlink: /home/rudra/bharatforge/abhiroop/install/communication_msgs/include/communication_msgs/communication_msgs/msg/rosidl_typesupport_fastrtps_c__visibility_control.h
[0.699s] -- Up-to-date symlink: /home/rudra/bharatforge/abhiroop/install/communication_msgs/include/communication_msgs/communication_msgs/srv/detail/liveliness__rosidl_typesupport_fastrtps_c.h
[0.700s] -- Up-to-date symlink: /home/rudra/bharatforge/abhiroop/install/communication_msgs/include/communication_msgs/communication_msgs/srv/detail/task_assignment__rosidl_typesupport_fastrtps_c.h
[0.700s] -- Up-to-date symlink: /home/rudra/bharatforge/abhiroop/install/communication_msgs/include/communication_msgs/communication_msgs/srv/detail/task_completion__rosidl_typesupport_fastrtps_c.h
[0.700s] -- Up-to-date symlink: /home/rudra/bharatforge/abhiroop/install/communication_msgs/include/communication_msgs/communication_msgs/msg/rosidl_generator_cpp__visibility_control.hpp
[0.701s] -- Up-to-date symlink: /home/rudra/bharatforge/abhiroop/install/communication_msgs/include/communication_msgs/communication_msgs/srv/detail/liveliness__builder.hpp
[0.701s] -- Up-to-date symlink: /home/rudra/bharatforge/abhiroop/install/communication_msgs/include/communication_msgs/communication_msgs/srv/detail/liveliness__struct.hpp
[0.701s] -- Up-to-date symlink: /home/rudra/bharatforge/abhiroop/install/communication_msgs/include/communication_msgs/communication_msgs/srv/detail/liveliness__traits.hpp
[0.701s] -- Up-to-date symlink: /home/rudra/bharatforge/abhiroop/install/communication_msgs/include/communication_msgs/communication_msgs/srv/detail/liveliness__type_support.hpp
[0.701s] -- Up-to-date symlink: /home/rudra/bharatforge/abhiroop/install/communication_msgs/include/communication_msgs/communication_msgs/srv/detail/task_assignment__builder.hpp
[0.701s] -- Up-to-date symlink: /home/rudra/bharatforge/abhiroop/install/communication_msgs/include/communication_msgs/communication_msgs/srv/detail/task_assignment__struct.hpp
[0.702s] -- Up-to-date symlink: /home/rudra/bharatforge/abhiroop/install/communication_msgs/include/communication_msgs/communication_msgs/srv/detail/task_assignment__traits.hpp
[0.702s] -- Up-to-date symlink: /home/rudra/bharatforge/abhiroop/install/communication_msgs/include/communication_msgs/communication_msgs/srv/detail/task_assignment__type_support.hpp
[0.702s] -- Up-to-date symlink: /home/rudra/bharatforge/abhiroop/install/communication_msgs/include/communication_msgs/communication_msgs/srv/detail/task_completion__builder.hpp
[0.702s] -- Up-to-date symlink: /home/rudra/bharatforge/abhiroop/install/communication_msgs/include/communication_msgs/communication_msgs/srv/detail/task_completion__struct.hpp
[0.702s] -- Up-to-date symlink: /home/rudra/bharatforge/abhiroop/install/communication_msgs/include/communication_msgs/communication_msgs/srv/detail/task_completion__traits.hpp
[0.702s] -- Up-to-date symlink: /home/rudra/bharatforge/abhiroop/install/communication_msgs/include/communication_msgs/communication_msgs/srv/detail/task_completion__type_support.hpp
[0.702s] -- Up-to-date symlink: /home/rudra/bharatforge/abhiroop/install/communication_msgs/include/communication_msgs/communication_msgs/srv/liveliness.hpp
[0.703s] -- Up-to-date symlink: /home/rudra/bharatforge/abhiroop/install/communication_msgs/include/communication_msgs/communication_msgs/srv/task_assignment.hpp
[0.703s] -- Up-to-date symlink: /home/rudra/bharatforge/abhiroop/install/communication_msgs/include/communication_msgs/communication_msgs/srv/task_completion.hpp
[0.707s] -- Up-to-date symlink: /home/rudra/bharatforge/abhiroop/install/communication_msgs/include/communication_msgs/communication_msgs/msg/rosidl_typesupport_fastrtps_cpp__visibility_control.h
[0.707s] -- Up-to-date symlink: /home/rudra/bharatforge/abhiroop/install/communication_msgs/include/communication_msgs/communication_msgs/srv/detail/liveliness__rosidl_typesupport_fastrtps_cpp.hpp
[0.707s] -- Up-to-date symlink: /home/rudra/bharatforge/abhiroop/install/communication_msgs/include/communication_msgs/communication_msgs/srv/detail/task_assignment__rosidl_typesupport_fastrtps_cpp.hpp
[0.707s] -- Up-to-date symlink: /home/rudra/bharatforge/abhiroop/install/communication_msgs/include/communication_msgs/communication_msgs/srv/detail/task_completion__rosidl_typesupport_fastrtps_cpp.hpp
[0.707s] -- Up-to-date symlink: /home/rudra/bharatforge/abhiroop/install/communication_msgs/include/communication_msgs/communication_msgs/msg/rosidl_typesupport_introspection_c__visibility_control.h
[0.707s] -- Up-to-date symlink: /home/rudra/bharatforge/abhiroop/install/communication_msgs/include/communication_msgs/communication_msgs/srv/detail/liveliness__rosidl_typesupport_introspection_c.h
[0.707s] -- Up-to-date symlink: /home/rudra/bharatforge/abhiroop/install/communication_msgs/include/communication_msgs/communication_msgs/srv/detail/task_assignment__rosidl_typesupport_introspection_c.h
[0.707s] -- Up-to-date symlink: /home/rudra/bharatforge/abhiroop/install/communication_msgs/include/communication_msgs/communication_msgs/srv/detail/task_completion__rosidl_typesupport_introspection_c.h
[0.707s] -- Up-to-date symlink: /home/rudra/bharatforge/abhiroop/install/communication_msgs/include/communication_msgs/communication_msgs/srv/detail/liveliness__rosidl_typesupport_introspection_cpp.hpp
[0.707s] -- Up-to-date symlink: /home/rudra/bharatforge/abhiroop/install/communication_msgs/include/communication_msgs/communication_msgs/srv/detail/task_assignment__rosidl_typesupport_introspection_cpp.hpp
[0.707s] -- Up-to-date symlink: /home/rudra/bharatforge/abhiroop/install/communication_msgs/include/communication_msgs/communication_msgs/srv/detail/task_completion__rosidl_typesupport_introspection_cpp.hpp
[0.707s] -- Up-to-date symlink: /home/rudra/bharatforge/abhiroop/install/communication_msgs/share/communication_msgs/environment/pythonpath.sh
[0.707s] -- Up-to-date symlink: /home/rudra/bharatforge/abhiroop/install/communication_msgs/share/communication_msgs/environment/pythonpath.dsv
[0.707s] -- Up-to-date symlink: /home/rudra/bharatforge/abhiroop/install/communication_msgs/local/lib/python3.10/dist-packages/communication_msgs-0.0.0-py3.10.egg-info/PKG-INFO
[0.707s] -- Up-to-date symlink: /home/rudra/bharatforge/abhiroop/install/communication_msgs/local/lib/python3.10/dist-packages/communication_msgs-0.0.0-py3.10.egg-info/SOURCES.txt
[0.708s] -- Up-to-date symlink: /home/rudra/bharatforge/abhiroop/install/communication_msgs/local/lib/python3.10/dist-packages/communication_msgs-0.0.0-py3.10.egg-info/dependency_links.txt
[0.708s] -- Up-to-date symlink: /home/rudra/bharatforge/abhiroop/install/communication_msgs/local/lib/python3.10/dist-packages/communication_msgs-0.0.0-py3.10.egg-info/top_level.txt
[0.708s] -- Up-to-date symlink: /home/rudra/bharatforge/abhiroop/install/communication_msgs/local/lib/python3.10/dist-packages/communication_msgs/__init__.py
[0.708s] -- Up-to-date symlink: /home/rudra/bharatforge/abhiroop/install/communication_msgs/local/lib/python3.10/dist-packages/communication_msgs/_communication_msgs_s.ep.rosidl_typesupport_c.c
[0.708s] -- Up-to-date symlink: /home/rudra/bharatforge/abhiroop/install/communication_msgs/local/lib/python3.10/dist-packages/communication_msgs/_communication_msgs_s.ep.rosidl_typesupport_fastrtps_c.c
[0.708s] -- Up-to-date symlink: /home/rudra/bharatforge/abhiroop/install/communication_msgs/local/lib/python3.10/dist-packages/communication_msgs/_communication_msgs_s.ep.rosidl_typesupport_introspection_c.c
[0.709s] -- Up-to-date symlink: /home/rudra/bharatforge/abhiroop/install/communication_msgs/local/lib/python3.10/dist-packages/communication_msgs/communication_msgs_s__rosidl_typesupport_c.cpython-310-x86_64-linux-gnu.so
[0.709s] -- Up-to-date symlink: /home/rudra/bharatforge/abhiroop/install/communication_msgs/local/lib/python3.10/dist-packages/communication_msgs/communication_msgs_s__rosidl_typesupport_fastrtps_c.cpython-310-x86_64-linux-gnu.so
[0.709s] -- Up-to-date symlink: /home/rudra/bharatforge/abhiroop/install/communication_msgs/local/lib/python3.10/dist-packages/communication_msgs/communication_msgs_s__rosidl_typesupport_introspection_c.cpython-310-x86_64-linux-gnu.so
[0.709s] -- Up-to-date symlink: /home/rudra/bharatforge/abhiroop/install/communication_msgs/local/lib/python3.10/dist-packages/communication_msgs/libcommunication_msgs__rosidl_generator_py.so
[0.709s] -- Up-to-date symlink: /home/rudra/bharatforge/abhiroop/install/communication_msgs/local/lib/python3.10/dist-packages/communication_msgs/srv/__init__.py
[0.709s] -- Up-to-date symlink: /home/rudra/bharatforge/abhiroop/install/communication_msgs/local/lib/python3.10/dist-packages/communication_msgs/srv/_liveliness.py
[0.709s] -- Up-to-date symlink: /home/rudra/bharatforge/abhiroop/install/communication_msgs/local/lib/python3.10/dist-packages/communication_msgs/srv/_liveliness_s.c
[0.710s] -- Up-to-date symlink: /home/rudra/bharatforge/abhiroop/install/communication_msgs/local/lib/python3.10/dist-packages/communication_msgs/srv/_task_assignment.py
[0.710s] -- Up-to-date symlink: /home/rudra/bharatforge/abhiroop/install/communication_msgs/local/lib/python3.10/dist-packages/communication_msgs/srv/_task_assignment_s.c
[0.710s] -- Up-to-date symlink: /home/rudra/bharatforge/abhiroop/install/communication_msgs/local/lib/python3.10/dist-packages/communication_msgs/srv/_task_completion.py
[0.710s] -- Up-to-date symlink: /home/rudra/bharatforge/abhiroop/install/communication_msgs/local/lib/python3.10/dist-packages/communication_msgs/srv/_task_completion_s.c
[0.710s] -- Up-to-date symlink: /home/rudra/bharatforge/abhiroop/install/communication_msgs/local/lib/python3.10/dist-packages/communication_msgs/communication_msgs_s__rosidl_typesupport_fastrtps_c.cpython-310-x86_64-linux-gnu.so
[0.711s] -- Up-to-date symlink: /home/rudra/bharatforge/abhiroop/install/communication_msgs/local/lib/python3.10/dist-packages/communication_msgs/communication_msgs_s__rosidl_typesupport_introspection_c.cpython-310-x86_64-linux-gnu.so
[0.711s] -- Up-to-date symlink: /home/rudra/bharatforge/abhiroop/install/communication_msgs/local/lib/python3.10/dist-packages/communication_msgs/communication_msgs_s__rosidl_typesupport_c.cpython-310-x86_64-linux-gnu.so
[0.711s] -- Up-to-date symlink: /home/rudra/bharatforge/abhiroop/install/communication_msgs/share/communication_msgs/srv/TaskAssignment.idl
[0.711s] -- Up-to-date symlink: /home/rudra/bharatforge/abhiroop/install/communication_msgs/share/communication_msgs/srv/TaskCompletion.idl
[0.712s] -- Up-to-date symlink: /home/rudra/bharatforge/abhiroop/install/communication_msgs/share/communication_msgs/srv/Liveliness.idl
[0.712s] -- Up-to-date symlink: /home/rudra/bharatforge/abhiroop/install/communication_msgs/share/communication_msgs/srv/TaskAssignment.srv
[0.712s] -- Up-to-date symlink: /home/rudra/bharatforge/abhiroop/install/communication_msgs/share/communication_msgs/srv/TaskAssignment_Request.msg
[0.712s] -- Up-to-date symlink: /home/rudra/bharatforge/abhiroop/install/communication_msgs/share/communication_msgs/srv/TaskAssignment_Response.msg
[0.712s] -- Up-to-date symlink: /home/rudra/bharatforge/abhiroop/install/communication_msgs/share/communication_msgs/srv/TaskCompletion.srv
[0.712s] -- Up-to-date symlink: /home/rudra/bharatforge/abhiroop/install/communication_msgs/share/communication_msgs/srv/TaskCompletion_Request.msg
[0.713s] -- Up-to-date symlink: /home/rudra/bharatforge/abhiroop/install/communication_msgs/share/communication_msgs/srv/TaskCompletion_Response.msg
[0.713s] -- Up-to-date symlink: /home/rudra/bharatforge/abhiroop/install/communication_msgs/share/communication_msgs/srv/Liveliness.srv
[0.713s] -- Up-to-date symlink: /home/rudra/bharatforge/abhiroop/install/communication_msgs/share/communication_msgs/srv/Liveliness_Request.msg
[0.713s] -- Up-to-date symlink: /home/rudra/bharatforge/abhiroop/install/communication_msgs/share/communication_msgs/srv/Liveliness_Response.msg
[0.713s] -- Up-to-date symlink: /home/rudra/bharatforge/abhiroop/install/communication_msgs/share/ament_index/resource_index/package_run_dependencies/communication_msgs
[0.713s] -- Up-to-date symlink: /home/rudra/bharatforge/abhiroop/install/communication_msgs/share/ament_index/resource_index/parent_prefix_path/communication_msgs
[0.714s] -- Up-to-date symlink: /home/rudra/bharatforge/abhiroop/install/communication_msgs/share/communication_msgs/environment/ament_prefix_path.sh
[0.714s] -- Up-to-date symlink: /home/rudra/bharatforge/abhiroop/install/communication_msgs/share/communication_msgs/environment/ament_prefix_path.dsv
[0.714s] -- Up-to-date symlink: /home/rudra/bharatforge/abhiroop/install/communication_msgs/share/communication_msgs/environment/path.sh
[0.714s] -- Up-to-date symlink: /home/rudra/bharatforge/abhiroop/install/communication_msgs/share/communication_msgs/environment/path.dsv
[0.714s] -- Up-to-date symlink: /home/rudra/bharatforge/abhiroop/install/communication_msgs/share/communication_msgs/local_setup.bash
[0.714s] -- Up-to-date symlink: /home/rudra/bharatforge/abhiroop/install/communication_msgs/share/communication_msgs/local_setup.sh
[0.715s] -- Up-to-date symlink: /home/rudra/bharatforge/abhiroop/install/communication_msgs/share/communication_msgs/local_setup.zsh
[0.715s] -- Up-to-date symlink: /home/rudra/bharatforge/abhiroop/install/communication_msgs/share/communication_msgs/local_setup.dsv
[0.715s] -- Symlinking: /home/rudra/bharatforge/abhiroop/install/communication_msgs/share/communication_msgs/package.dsv
[0.728s] -- Up-to-date symlink: /home/rudra/bharatforge/abhiroop/install/communication_msgs/share/ament_index/resource_index/packages/communication_msgs
[0.728s] -- Up-to-date symlink: /home/rudra/bharatforge/abhiroop/install/communication_msgs/share/communication_msgs/cmake/rosidl_cmake-extras.cmake
[0.728s] -- Up-to-date symlink: /home/rudra/bharatforge/abhiroop/install/communication_msgs/share/communication_msgs/cmake/ament_cmake_export_dependencies-extras.cmake
[0.728s] -- Up-to-date symlink: /home/rudra/bharatforge/abhiroop/install/communication_msgs/share/communication_msgs/cmake/ament_cmake_export_include_directories-extras.cmake
[0.728s] -- Up-to-date symlink: /home/rudra/bharatforge/abhiroop/install/communication_msgs/share/communication_msgs/cmake/ament_cmake_export_libraries-extras.cmake
[0.729s] -- Up-to-date symlink: /home/rudra/bharatforge/abhiroop/install/communication_msgs/share/communication_msgs/cmake/ament_cmake_export_targets-extras.cmake
[0.729s] -- Up-to-date symlink: /home/rudra/bharatforge/abhiroop/install/communication_msgs/share/communication_msgs/cmake/rosidl_cmake_export_typesupport_targets-extras.cmake
[0.729s] -- Up-to-date symlink: /home/rudra/bharatforge/abhiroop/install/communication_msgs/share/communication_msgs/cmake/rosidl_cmake_export_typesupport_libraries-extras.cmake
[0.729s] -- Up-to-date symlink: /home/rudra/bharatforge/abhiroop/install/communication_msgs/share/communication_msgs/cmake/communication_msgsConfig.cmake
[0.729s] -- Up-to-date symlink: /home/rudra/bharatforge/abhiroop/install/communication_msgs/share/communication_msgs/cmake/communication_msgsConfig-version.cmake
[0.730s] -- Up-to-date symlink: /home/rudra/bharatforge/abhiroop/install/communication_msgs/share/communication_msgs/package.xml
[0.730s] -- Up-to-date: /home/rudra/bharatforge/abhiroop/install/communication_msgs/lib/libcommunication_msgs__rosidl_generator_c.so
[0.731s] -- Up-to-date: /home/rudra/bharatforge/abhiroop/install/communication_msgs/lib/libcommunication_msgs__rosidl_typesupport_fastrtps_c.so
[0.731s] -- Up-to-date: /home/rudra/bharatforge/abhiroop/install/communication_msgs/lib/libcommunication_msgs__rosidl_typesupport_fastrtps_cpp.so
[0.731s] -- Up-to-date: /home/rudra/bharatforge/abhiroop/install/communication_msgs/lib/libcommunication_msgs__rosidl_typesupport_introspection_c.so
[0.732s] -- Up-to-date: /home/rudra/bharatforge/abhiroop/install/communication_msgs/lib/libcommunication_msgs__rosidl_typesupport_c.so
[0.732s] -- Up-to-date: /home/rudra/bharatforge/abhiroop/install/communication_msgs/lib/libcommunication_msgs__rosidl_typesupport_introspection_cpp.so
[0.732s] -- Up-to-date: /home/rudra/bharatforge/abhiroop/install/communication_msgs/lib/libcommunication_msgs__rosidl_typesupport_cpp.so
[0.763s] Listing '/home/rudra/bharatforge/abhiroop/install/communication_msgs/local/lib/python3.10/dist-packages/communication_msgs'...
[0.763s] Listing '/home/rudra/bharatforge/abhiroop/install/communication_msgs/local/lib/python3.10/dist-packages/communication_msgs/srv'...
[0.767s] -- Up-to-date: /home/rudra/bharatforge/abhiroop/install/communication_msgs/lib/libcommunication_msgs__rosidl_generator_py.so
[0.767s] -- Up-to-date: /home/rudra/bharatforge/abhiroop/install/communication_msgs/share/communication_msgs/cmake/export_communication_msgs__rosidl_generator_cExport.cmake
[0.767s] -- Up-to-date: /home/rudra/bharatforge/abhiroop/install/communication_msgs/share/communication_msgs/cmake/export_communication_msgs__rosidl_generator_cExport-noconfig.cmake
[0.767s] -- Up-to-date: /home/rudra/bharatforge/abhiroop/install/communication_msgs/share/communication_msgs/cmake/export_communication_msgs__rosidl_typesupport_fastrtps_cExport.cmake
[0.768s] -- Up-to-date: /home/rudra/bharatforge/abhiroop/install/communication_msgs/share/communication_msgs/cmake/export_communication_msgs__rosidl_typesupport_fastrtps_cExport-noconfig.cmake
[0.768s] -- Up-to-date: /home/rudra/bharatforge/abhiroop/install/communication_msgs/share/communication_msgs/cmake/export_communication_msgs__rosidl_generator_cppExport.cmake
[0.768s] -- Up-to-date: /home/rudra/bharatforge/abhiroop/install/communication_msgs/share/communication_msgs/cmake/export_communication_msgs__rosidl_typesupport_fastrtps_cppExport.cmake
[0.768s] -- Up-to-date: /home/rudra/bharatforge/abhiroop/install/communication_msgs/share/communication_msgs/cmake/export_communication_msgs__rosidl_typesupport_fastrtps_cppExport-noconfig.cmake
[0.768s] -- Up-to-date: /home/rudra/bharatforge/abhiroop/install/communication_msgs/share/communication_msgs/cmake/communication_msgs__rosidl_typesupport_introspection_cExport.cmake
[0.768s] -- Up-to-date: /home/rudra/bharatforge/abhiroop/install/communication_msgs/share/communication_msgs/cmake/communication_msgs__rosidl_typesupport_introspection_cExport-noconfig.cmake
[0.768s] -- Up-to-date: /home/rudra/bharatforge/abhiroop/install/communication_msgs/share/communication_msgs/cmake/communication_msgs__rosidl_typesupport_cExport.cmake
[0.769s] -- Up-to-date: /home/rudra/bharatforge/abhiroop/install/communication_msgs/share/communication_msgs/cmake/communication_msgs__rosidl_typesupport_cExport-noconfig.cmake
[0.769s] -- Up-to-date: /home/rudra/bharatforge/abhiroop/install/communication_msgs/share/communication_msgs/cmake/communication_msgs__rosidl_typesupport_introspection_cppExport.cmake
[0.769s] -- Up-to-date: /home/rudra/bharatforge/abhiroop/install/communication_msgs/share/communication_msgs/cmake/communication_msgs__rosidl_typesupport_introspection_cppExport-noconfig.cmake
[0.769s] -- Up-to-date: /home/rudra/bharatforge/abhiroop/install/communication_msgs/share/communication_msgs/cmake/communication_msgs__rosidl_typesupport_cppExport.cmake
[0.769s] -- Up-to-date: /home/rudra/bharatforge/abhiroop/install/communication_msgs/share/communication_msgs/cmake/communication_msgs__rosidl_typesupport_cppExport-noconfig.cmake
[0.769s] -- Up-to-date: /home/rudra/bharatforge/abhiroop/install/communication_msgs/share/communication_msgs/cmake/export_communication_msgs__rosidl_generator_pyExport.cmake
[0.769s] -- Up-to-date: /home/rudra/bharatforge/abhiroop/install/communication_msgs/share/communication_msgs/cmake/export_communication_msgs__rosidl_generator_pyExport-noconfig.cmake
[0.773s] Invoked command in '/home/rudra/bharatforge/abhiroop/build/communication_msgs' returned '0': CMAKE_PREFIX_PATH=/home/rudra/bharatforge/abhiroop/install/communication_msgs:/home/rudra/abhiroop/install/communication_msgs:/home/rudra/ws_offboard_control/install/px4_ros_com:/home/rudra/ws_offboard_control/install/px4_msgs:/home/rudra/bharatforge/abhiroop/install/autobot_recog:/home/rudra/abhiroop/install/autobot_recog:/opt/ros/humble:/home/rudra/ws_offboard_control/install/lidar_bridge /usr/bin/cmake --install /home/rudra/bharatforge/abhiroop/build/communication_msgs
