[0.092s] DEBUG:colcon:Command line arguments: ['/usr/bin/colcon', 'build', '--symlink-install']
[0.092s] DEBUG:colcon:Parsed command line arguments: Namespace(log_base=None, log_level=None, verb_name='build', build_base='build', install_base='install', merge_install=False, symlink_install=True, test_result_base=None, continue_on_error=False, executor='parallel', parallel_workers=12, event_handlers=None, ignore_user_meta=False, metas=['./colcon.meta'], base_paths=['.'], packages_ignore=None, packages_ignore_regex=None, paths=None, packages_up_to=None, packages_up_to_regex=None, packages_above=None, packages_above_and_dependencies=None, packages_above_depth=None, packages_select_by_dep=None, packages_skip_by_dep=None, packages_skip_up_to=None, packages_select_build_failed=False, packages_skip_build_finished=False, packages_select_test_failures=False, packages_skip_test_passed=False, packages_select=None, packages_skip=None, packages_select_regex=None, packages_skip_regex=None, packages_start=None, packages_end=None, allow_overriding=[], cmake_args=None, cmake_target=None, cmake_target_skip_unavailable=False, cmake_clean_cache=False, cmake_clean_first=False, cmake_force_configure=False, ament_cmake_args=None, catkin_cmake_args=None, catkin_skip_building_tests=False, mixin_files=None, mixin=None, verb_parser=<colcon_mixin.mixin.mixin_argument.MixinArgumentDecorator object at 0x7a3f57c3cac0>, verb_extension=<colcon_core.verb.build.BuildVerb object at 0x7a3f57bc4fa0>, main=<bound method BuildVerb.main of <colcon_core.verb.build.BuildVerb object at 0x7a3f57bc4fa0>>, mixin_verb=('build',))
[0.351s] Level 1:colcon.colcon_core.package_discovery:discover_packages(colcon_meta) check parameters
[0.351s] Level 1:colcon.colcon_core.package_discovery:discover_packages(recursive) check parameters
[0.351s] Level 1:colcon.colcon_core.package_discovery:discover_packages(ignore) check parameters
[0.351s] Level 1:colcon.colcon_core.package_discovery:discover_packages(path) check parameters
[0.351s] Level 1:colcon.colcon_core.package_discovery:discover_packages(colcon_meta) discover
[0.351s] Level 1:colcon.colcon_core.package_discovery:discover_packages(recursive) discover
[0.351s] INFO:colcon.colcon_core.package_discovery:Crawling recursively for packages in '/home/rudra/bharatforge/abhiroop/src/autobot_recog'
[0.351s] Level 1:colcon.colcon_core.package_identification:_identify(.) by extensions ['ignore', 'ignore_ament_install']
[0.351s] Level 1:colcon.colcon_core.package_identification:_identify(.) by extension 'ignore'
[0.351s] Level 1:colcon.colcon_core.package_identification:_identify(.) by extension 'ignore_ament_install'
[0.351s] Level 1:colcon.colcon_core.package_identification:_identify(.) by extensions ['colcon_pkg']
[0.351s] Level 1:colcon.colcon_core.package_identification:_identify(.) by extension 'colcon_pkg'
[0.351s] Level 1:colcon.colcon_core.package_identification:_identify(.) by extensions ['colcon_meta']
[0.351s] Level 1:colcon.colcon_core.package_identification:_identify(.) by extension 'colcon_meta'
[0.351s] Level 1:colcon.colcon_core.package_identification:_identify(.) by extensions ['ros']
[0.351s] Level 1:colcon.colcon_core.package_identification:_identify(.) by extension 'ros'
[0.367s] DEBUG:colcon.colcon_core.package_identification:Package '.' with type 'ros.ament_python' and name 'autobot_recog'
[0.367s] Level 1:colcon.colcon_core.package_discovery:discover_packages(recursive) using defaults
[0.367s] Level 1:colcon.colcon_core.package_discovery:discover_packages(ignore) discover
[0.367s] Level 1:colcon.colcon_core.package_discovery:discover_packages(ignore) using defaults
[0.367s] Level 1:colcon.colcon_core.package_discovery:discover_packages(path) discover
[0.367s] Level 1:colcon.colcon_core.package_discovery:discover_packages(path) using defaults
[0.386s] Level 1:colcon.colcon_core.package_discovery:discover_packages(prefix_path) check parameters
[0.387s] Level 1:colcon.colcon_core.package_discovery:discover_packages(prefix_path) discover
[0.389s] DEBUG:colcon.colcon_installed_package_information.package_discovery:Found 2 installed packages in /home/rudra/bharatforge/abhiroop/install
[0.389s] DEBUG:colcon.colcon_installed_package_information.package_discovery:Found 1 installed packages in /home/rudra/turtlebot3_ws/install
[0.389s] DEBUG:colcon.colcon_installed_package_information.package_discovery:Found 2 installed packages in /home/rudra/abhiroop/install
[0.390s] DEBUG:colcon.colcon_installed_package_information.package_discovery:Found 3 installed packages in /home/rudra/ws_offboard_control/install
[0.391s] DEBUG:colcon.colcon_installed_package_information.package_discovery:Found 406 installed packages in /opt/ros/humble
[0.393s] Level 1:colcon.colcon_core.package_discovery:discover_packages(prefix_path) using defaults
[0.462s] Level 5:colcon.colcon_core.verb:set package 'autobot_recog' build argument 'cmake_args' from command line to 'None'
[0.462s] Level 5:colcon.colcon_core.verb:set package 'autobot_recog' build argument 'cmake_target' from command line to 'None'
[0.462s] Level 5:colcon.colcon_core.verb:set package 'autobot_recog' build argument 'cmake_target_skip_unavailable' from command line to 'False'
[0.462s] Level 5:colcon.colcon_core.verb:set package 'autobot_recog' build argument 'cmake_clean_cache' from command line to 'False'
[0.462s] Level 5:colcon.colcon_core.verb:set package 'autobot_recog' build argument 'cmake_clean_first' from command line to 'False'
[0.462s] Level 5:colcon.colcon_core.verb:set package 'autobot_recog' build argument 'cmake_force_configure' from command line to 'False'
[0.462s] Level 5:colcon.colcon_core.verb:set package 'autobot_recog' build argument 'ament_cmake_args' from command line to 'None'
[0.462s] Level 5:colcon.colcon_core.verb:set package 'autobot_recog' build argument 'catkin_cmake_args' from command line to 'None'
[0.462s] Level 5:colcon.colcon_core.verb:set package 'autobot_recog' build argument 'catkin_skip_building_tests' from command line to 'False'
[0.462s] DEBUG:colcon.colcon_core.verb:Building package 'autobot_recog' with the following arguments: {'ament_cmake_args': None, 'build_base': '/home/rudra/bharatforge/abhiroop/src/autobot_recog/build/autobot_recog', 'catkin_cmake_args': None, 'catkin_skip_building_tests': False, 'cmake_args': None, 'cmake_clean_cache': False, 'cmake_clean_first': False, 'cmake_force_configure': False, 'cmake_target': None, 'cmake_target_skip_unavailable': False, 'install_base': '/home/rudra/bharatforge/abhiroop/src/autobot_recog/install/autobot_recog', 'merge_install': False, 'path': '/home/rudra/bharatforge/abhiroop/src/autobot_recog', 'symlink_install': True, 'test_result_base': None}
[0.462s] INFO:colcon.colcon_core.executor:Executing jobs using 'parallel' executor
[0.463s] DEBUG:colcon.colcon_parallel_executor.executor.parallel:run_until_complete
[0.463s] INFO:colcon.colcon_ros.task.ament_python.build:Building ROS package in '/home/rudra/bharatforge/abhiroop/src/autobot_recog' with build type 'ament_python'
[0.463s] Level 1:colcon.colcon_core.shell:create_environment_hook('autobot_recog', 'ament_prefix_path')
[0.466s] INFO:colcon.colcon_core.plugin_system:Skipping extension 'colcon_core.shell.bat': Not used on non-Windows systems
[0.466s] INFO:colcon.colcon_core.shell:Creating environment hook '/home/rudra/bharatforge/abhiroop/src/autobot_recog/install/autobot_recog/share/autobot_recog/hook/ament_prefix_path.ps1'
[0.466s] INFO:colcon.colcon_core.shell:Creating environment descriptor '/home/rudra/bharatforge/abhiroop/src/autobot_recog/install/autobot_recog/share/autobot_recog/hook/ament_prefix_path.dsv'
[0.467s] INFO:colcon.colcon_core.shell:Creating environment hook '/home/rudra/bharatforge/abhiroop/src/autobot_recog/install/autobot_recog/share/autobot_recog/hook/ament_prefix_path.sh'
[0.467s] INFO:colcon.colcon_core.shell:Skip shell extension 'powershell' for command environment: Not usable outside of PowerShell
[0.467s] DEBUG:colcon.colcon_core.shell:Skip shell extension 'dsv' for command environment
[0.721s] INFO:colcon.colcon_core.task.python.build:Building Python package in '/home/rudra/bharatforge/abhiroop/src/autobot_recog'
[0.722s] INFO:colcon.colcon_core.shell:Skip shell extension 'powershell' for command environment: Not usable outside of PowerShell
[0.722s] DEBUG:colcon.colcon_core.shell:Skip shell extension 'dsv' for command environment
[1.090s] DEBUG:colcon.colcon_core.event_handler.log_command:Invoking command in '/home/rudra/bharatforge/abhiroop/src/autobot_recog/build/autobot_recog': PYTHONPATH=/home/rudra/bharatforge/abhiroop/src/autobot_recog/build/autobot_recog/prefix_override:/usr/lib/python3/dist-packages/colcon_core/task/python/colcon_distutils_commands:/home/rudra/bharatforge/abhiroop/src/autobot_recog/install/autobot_recog/lib/python3.10/site-packages:${PYTHONPATH} /usr/bin/python3 -W ignore:setup.py install is deprecated -W ignore:easy_install command is deprecated setup.py develop --editable --build-directory /home/rudra/bharatforge/abhiroop/src/autobot_recog/build/autobot_recog/build --no-deps symlink_data
[1.551s] Level 1:colcon.colcon_core.shell:create_environment_hook('autobot_recog', 'pythonpath_develop')
[1.551s] INFO:colcon.colcon_core.shell:Creating environment hook '/home/rudra/bharatforge/abhiroop/src/autobot_recog/build/autobot_recog/share/autobot_recog/hook/pythonpath_develop.ps1'
[1.552s] DEBUG:colcon.colcon_core.event_handler.log_command:Invoked command in '/home/rudra/bharatforge/abhiroop/src/autobot_recog/build/autobot_recog' returned '0': PYTHONPATH=/home/rudra/bharatforge/abhiroop/src/autobot_recog/build/autobot_recog/prefix_override:/usr/lib/python3/dist-packages/colcon_core/task/python/colcon_distutils_commands:/home/rudra/bharatforge/abhiroop/src/autobot_recog/install/autobot_recog/lib/python3.10/site-packages:${PYTHONPATH} /usr/bin/python3 -W ignore:setup.py install is deprecated -W ignore:easy_install command is deprecated setup.py develop --editable --build-directory /home/rudra/bharatforge/abhiroop/src/autobot_recog/build/autobot_recog/build --no-deps symlink_data
[1.552s] INFO:colcon.colcon_core.shell:Creating environment descriptor '/home/rudra/bharatforge/abhiroop/src/autobot_recog/build/autobot_recog/share/autobot_recog/hook/pythonpath_develop.dsv'
[1.552s] INFO:colcon.colcon_core.shell:Creating environment hook '/home/rudra/bharatforge/abhiroop/src/autobot_recog/build/autobot_recog/share/autobot_recog/hook/pythonpath_develop.sh'
[1.556s] Level 1:colcon.colcon_core.environment:checking '/home/rudra/bharatforge/abhiroop/src/autobot_recog/install/autobot_recog' for CMake module files
[1.556s] Level 1:colcon.colcon_core.environment:checking '/home/rudra/bharatforge/abhiroop/src/autobot_recog/install/autobot_recog' for CMake config files
[1.558s] Level 1:colcon.colcon_core.environment:checking '/home/rudra/bharatforge/abhiroop/src/autobot_recog/install/autobot_recog/lib'
[1.558s] Level 1:colcon.colcon_core.environment:checking '/home/rudra/bharatforge/abhiroop/src/autobot_recog/install/autobot_recog/bin'
[1.558s] Level 1:colcon.colcon_core.environment:checking '/home/rudra/bharatforge/abhiroop/src/autobot_recog/install/autobot_recog/lib/pkgconfig/autobot_recog.pc'
[1.558s] Level 1:colcon.colcon_core.environment:checking '/home/rudra/bharatforge/abhiroop/src/autobot_recog/install/autobot_recog/lib/python3.10/site-packages'
[1.558s] Level 1:colcon.colcon_core.shell:create_environment_hook('autobot_recog', 'pythonpath')
[1.558s] INFO:colcon.colcon_core.shell:Creating environment hook '/home/rudra/bharatforge/abhiroop/src/autobot_recog/install/autobot_recog/share/autobot_recog/hook/pythonpath.ps1'
[1.559s] INFO:colcon.colcon_core.shell:Creating environment descriptor '/home/rudra/bharatforge/abhiroop/src/autobot_recog/install/autobot_recog/share/autobot_recog/hook/pythonpath.dsv'
[1.559s] INFO:colcon.colcon_core.shell:Creating environment hook '/home/rudra/bharatforge/abhiroop/src/autobot_recog/install/autobot_recog/share/autobot_recog/hook/pythonpath.sh'
[1.559s] Level 1:colcon.colcon_core.environment:checking '/home/rudra/bharatforge/abhiroop/src/autobot_recog/install/autobot_recog/bin'
[1.559s] Level 1:colcon.colcon_core.environment:create_environment_scripts_only(autobot_recog)
[1.560s] INFO:colcon.colcon_core.shell:Creating package script '/home/rudra/bharatforge/abhiroop/src/autobot_recog/install/autobot_recog/share/autobot_recog/package.ps1'
[1.560s] INFO:colcon.colcon_core.shell:Creating package descriptor '/home/rudra/bharatforge/abhiroop/src/autobot_recog/install/autobot_recog/share/autobot_recog/package.dsv'
[1.561s] INFO:colcon.colcon_core.shell:Creating package script '/home/rudra/bharatforge/abhiroop/src/autobot_recog/install/autobot_recog/share/autobot_recog/package.sh'
[1.561s] INFO:colcon.colcon_core.shell:Creating package script '/home/rudra/bharatforge/abhiroop/src/autobot_recog/install/autobot_recog/share/autobot_recog/package.bash'
[1.562s] INFO:colcon.colcon_core.shell:Creating package script '/home/rudra/bharatforge/abhiroop/src/autobot_recog/install/autobot_recog/share/autobot_recog/package.zsh'
[1.562s] Level 1:colcon.colcon_core.environment:create_file_with_runtime_dependencies(/home/rudra/bharatforge/abhiroop/src/autobot_recog/install/autobot_recog/share/colcon-core/packages/autobot_recog)
[1.562s] DEBUG:colcon.colcon_parallel_executor.executor.parallel:closing loop
[1.563s] DEBUG:colcon.colcon_parallel_executor.executor.parallel:loop closed
[1.563s] DEBUG:colcon.colcon_parallel_executor.executor.parallel:run_until_complete finished with '0'
[1.563s] DEBUG:colcon.colcon_core.event_reactor:joining thread
[1.568s] INFO:colcon.colcon_core.plugin_system:Skipping extension 'colcon_notification.desktop_notification.terminal_notifier': Not used on non-Darwin systems
[1.568s] INFO:colcon.colcon_core.plugin_system:Skipping extension 'colcon_notification.desktop_notification.win32': Not used on non-Windows systems
[1.568s] INFO:colcon.colcon_notification.desktop_notification:Sending desktop notification using 'notify2'
[1.579s] DEBUG:colcon.colcon_core.event_reactor:joined thread
[1.580s] INFO:colcon.colcon_core.shell:Creating prefix script '/home/rudra/bharatforge/abhiroop/src/autobot_recog/install/local_setup.ps1'
[1.581s] INFO:colcon.colcon_core.shell:Creating prefix util module '/home/rudra/bharatforge/abhiroop/src/autobot_recog/install/_local_setup_util_ps1.py'
[1.583s] INFO:colcon.colcon_core.shell:Creating prefix chain script '/home/rudra/bharatforge/abhiroop/src/autobot_recog/install/setup.ps1'
[1.584s] INFO:colcon.colcon_core.shell:Creating prefix script '/home/rudra/bharatforge/abhiroop/src/autobot_recog/install/local_setup.sh'
[1.584s] INFO:colcon.colcon_core.shell:Creating prefix util module '/home/rudra/bharatforge/abhiroop/src/autobot_recog/install/_local_setup_util_sh.py'
[1.585s] INFO:colcon.colcon_core.shell:Creating prefix chain script '/home/rudra/bharatforge/abhiroop/src/autobot_recog/install/setup.sh'
[1.586s] INFO:colcon.colcon_core.shell:Creating prefix script '/home/rudra/bharatforge/abhiroop/src/autobot_recog/install/local_setup.bash'
[1.587s] INFO:colcon.colcon_core.shell:Creating prefix chain script '/home/rudra/bharatforge/abhiroop/src/autobot_recog/install/setup.bash'
[1.588s] INFO:colcon.colcon_core.shell:Creating prefix script '/home/rudra/bharatforge/abhiroop/src/autobot_recog/install/local_setup.zsh'
[1.589s] INFO:colcon.colcon_core.shell:Creating prefix chain script '/home/rudra/bharatforge/abhiroop/src/autobot_recog/install/setup.zsh'
