[0.615s] Invoking command in '/home/rudra/bharatforge/abhiroop/build/autobot_recog': PYTHONPATH=/home/rudra/bharatforge/abhiroop/build/autobot_recog/prefix_override:/usr/lib/python3/dist-packages/colcon_core/task/python/colcon_distutils_commands:/home/rudra/bharatforge/abhiroop/install/autobot_recog/lib/python3.10/site-packages:${PYTHONPATH} /usr/bin/python3 -W ignore:setup.py install is deprecated -W ignore:easy_install command is deprecated setup.py develop --editable --build-directory /home/rudra/bharatforge/abhiroop/build/autobot_recog/build --no-deps symlink_data --force
[0.864s] running develop
[1.044s] running egg_info
[1.044s] writing autobot_recog.egg-info/PKG-INFO
[1.044s] writing dependency_links to autobot_recog.egg-info/dependency_links.txt
[1.044s] writing entry points to autobot_recog.egg-info/entry_points.txt
[1.044s] writing requirements to autobot_recog.egg-info/requires.txt
[1.045s] writing top-level names to autobot_recog.egg-info/top_level.txt
[1.046s] reading manifest file 'autobot_recog.egg-info/SOURCES.txt'
[1.047s] writing manifest file 'autobot_recog.egg-info/SOURCES.txt'
[1.048s] running build_ext
[1.049s] Creating /home/rudra/bharatforge/abhiroop/install/autobot_recog/lib/python3.10/site-packages/autobot-recog.egg-link (link to .)
[1.049s] Installing agent_node script to /home/rudra/bharatforge/abhiroop/install/autobot_recog/lib/autobot_recog
[1.049s] Installing image_save script to /home/rudra/bharatforge/abhiroop/install/autobot_recog/lib/autobot_recog
[1.049s] Installing move script to /home/rudra/bharatforge/abhiroop/install/autobot_recog/lib/autobot_recog
[1.049s] Installing multi_move script to /home/rudra/bharatforge/abhiroop/install/autobot_recog/lib/autobot_recog
[1.050s] Installing move.py script to /home/rudra/bharatforge/abhiroop/install/autobot_recog/lib/autobot_recog
[1.050s] Installing image_save.py script to /home/rudra/bharatforge/abhiroop/install/autobot_recog/lib/autobot_recog
[1.051s] Installing agent_node.py script to /home/rudra/bharatforge/abhiroop/install/autobot_recog/lib/autobot_recog
[1.051s] Installing multi_move.py script to /home/rudra/bharatforge/abhiroop/install/autobot_recog/lib/autobot_recog
[1.052s] 
[1.052s] Installed /home/rudra/bharatforge/abhiroop/build/autobot_recog
[1.052s] running symlink_data
[1.052s] symbolically linking /home/rudra/bharatforge/abhiroop/build/autobot_recog/resource/autobot_recog -> /home/rudra/bharatforge/abhiroop/install/autobot_recog/share/ament_index/resource_index/packages
[1.052s] symbolically linking /home/rudra/bharatforge/abhiroop/build/autobot_recog/package.xml -> /home/rudra/bharatforge/abhiroop/install/autobot_recog/share/autobot_recog
[1.052s] symbolically linking /home/rudra/bharatforge/abhiroop/build/autobot_recog/launch/office_launch.launch.py -> /home/rudra/bharatforge/abhiroop/install/autobot_recog/share/autobot_recog/launch
[1.052s] error: [Errno 2] No such file or directory: '/home/rudra/bharatforge/abhiroop/install/autobot_recog/share/autobot_recog/launch/spwan_turtlebot_cam.launch.py'
[1.077s] Invoked command in '/home/rudra/bharatforge/abhiroop/build/autobot_recog' returned '1': PYTHONPATH=/home/rudra/bharatforge/abhiroop/build/autobot_recog/prefix_override:/usr/lib/python3/dist-packages/colcon_core/task/python/colcon_distutils_commands:/home/rudra/bharatforge/abhiroop/install/autobot_recog/lib/python3.10/site-packages:${PYTHONPATH} /usr/bin/python3 -W ignore:setup.py install is deprecated -W ignore:easy_install command is deprecated setup.py develop --editable --build-directory /home/rudra/bharatforge/abhiroop/build/autobot_recog/build --no-deps symlink_data --force
