[0.607s] Invoking command in '/home/rudra/bharatforge/abhiroop/build/autobot_recog': PYTHONPATH=/home/rudra/bharatforge/abhiroop/build/autobot_recog/prefix_override:/usr/lib/python3/dist-packages/colcon_core/task/python/colcon_distutils_commands:/home/rudra/bharatforge/abhiroop/install/autobot_recog/lib/python3.10/site-packages:${PYTHONPATH} /usr/bin/python3 -W ignore:setup.py install is deprecated -W ignore:easy_install command is deprecated setup.py develop --uninstall --editable --build-directory /home/rudra/bharatforge/abhiroop/build/autobot_recog/build
[0.856s] running develop
[1.040s] Removing /home/rudra/bharatforge/abhiroop/install/autobot_recog/lib/python3.10/site-packages/autobot-recog.egg-link (link to .)
[1.040s] Note: you must uninstall or replace scripts manually!
[1.064s] Invoked command in '/home/rudra/bharatforge/abhiroop/build/autobot_recog' returned '0': PYTHONPATH=/home/rudra/bharatforge/abhiroop/build/autobot_recog/prefix_override:/usr/lib/python3/dist-packages/colcon_core/task/python/colcon_distutils_commands:/home/rudra/bharatforge/abhiroop/install/autobot_recog/lib/python3.10/site-packages:${PYTHONPATH} /usr/bin/python3 -W ignore:setup.py install is deprecated -W ignore:easy_install command is deprecated setup.py develop --uninstall --editable --build-directory /home/rudra/bharatforge/abhiroop/build/autobot_recog/build
[1.065s] Invoking command in '/home/rudra/bharatforge/abhiroop/src/autobot_recog': PYTHONPATH=/home/rudra/bharatforge/abhiroop/build/autobot_recog/prefix_override:/usr/lib/python3/dist-packages/colcon_core/task/python/colcon_distutils_commands:/home/rudra/bharatforge/abhiroop/install/autobot_recog/lib/python3.10/site-packages:${PYTHONPATH} /usr/bin/python3 -W ignore:setup.py install is deprecated -W ignore:easy_install command is deprecated setup.py egg_info --egg-base ../../build/autobot_recog build --build-base /home/rudra/bharatforge/abhiroop/build/autobot_recog/build install --record /home/rudra/bharatforge/abhiroop/build/autobot_recog/install.log --single-version-externally-managed install_data --force
[1.304s] running egg_info
[1.304s] writing ../../build/autobot_recog/autobot_recog.egg-info/PKG-INFO
[1.305s] writing dependency_links to ../../build/autobot_recog/autobot_recog.egg-info/dependency_links.txt
[1.305s] writing entry points to ../../build/autobot_recog/autobot_recog.egg-info/entry_points.txt
[1.305s] writing requirements to ../../build/autobot_recog/autobot_recog.egg-info/requires.txt
[1.305s] writing top-level names to ../../build/autobot_recog/autobot_recog.egg-info/top_level.txt
[1.307s] reading manifest file '../../build/autobot_recog/autobot_recog.egg-info/SOURCES.txt'
[1.308s] writing manifest file '../../build/autobot_recog/autobot_recog.egg-info/SOURCES.txt'
[1.308s] running build
[1.308s] running build_py
[1.308s] running build_scripts
[1.308s] copying scripts/multi_move.py -> /home/rudra/bharatforge/abhiroop/build/autobot_recog/build/scripts-3.10
[1.308s] changing mode of /home/rudra/bharatforge/abhiroop/build/autobot_recog/build/scripts-3.10/multi_move.py from 644 to 755
[1.308s] running install
[1.309s] running install_lib
[1.309s] creating /home/rudra/bharatforge/abhiroop/install/autobot_recog/lib/python3.10/site-packages/autobot_recog
[1.309s] copying /home/rudra/bharatforge/abhiroop/build/autobot_recog/build/lib/autobot_recog/__init__.py -> /home/rudra/bharatforge/abhiroop/install/autobot_recog/lib/python3.10/site-packages/autobot_recog
[1.310s] byte-compiling /home/rudra/bharatforge/abhiroop/install/autobot_recog/lib/python3.10/site-packages/autobot_recog/__init__.py to __init__.cpython-310.pyc
[1.310s] running install_data
[1.310s] copying resource/autobot_recog -> /home/rudra/bharatforge/abhiroop/install/autobot_recog/share/ament_index/resource_index/packages
[1.310s] copying package.xml -> /home/rudra/bharatforge/abhiroop/install/autobot_recog/share/autobot_recog
[1.310s] copying launch/office_launch.launch.py -> /home/rudra/bharatforge/abhiroop/install/autobot_recog/share/autobot_recog/launch
[1.310s] copying launch/warehouse_launch.launch.py -> /home/rudra/bharatforge/abhiroop/install/autobot_recog/share/autobot_recog/launch
[1.310s] copying launch/spawn_turtlebot_with_realsense.launch.py -> /home/rudra/bharatforge/abhiroop/install/autobot_recog/share/autobot_recog/launch
[1.310s] copying launch/multi_bot.launch.py -> /home/rudra/bharatforge/abhiroop/install/autobot_recog/share/autobot_recog/launch
[1.311s] copying launch/robot_state_publisher.launch.py -> /home/rudra/bharatforge/abhiroop/install/autobot_recog/share/autobot_recog/launch
[1.311s] copying launch/spawn_yolobot.py -> /home/rudra/bharatforge/abhiroop/install/autobot_recog/share/autobot_recog/launch
[1.311s] copying launch/multi_turtlebot3.launch.py -> /home/rudra/bharatforge/abhiroop/install/autobot_recog/share/autobot_recog/launch
[1.311s] copying launch/spawn_yolobot_launch.launch.py -> /home/rudra/bharatforge/abhiroop/install/autobot_recog/share/autobot_recog/launch
[1.311s] copying launch/multi_realsense_bot.launch.py -> /home/rudra/bharatforge/abhiroop/install/autobot_recog/share/autobot_recog/launch
[1.311s] copying launch/gazebo.launch.py -> /home/rudra/bharatforge/abhiroop/install/autobot_recog/share/autobot_recog/launch
[1.311s] copying launch/actor.launch.py -> /home/rudra/bharatforge/abhiroop/install/autobot_recog/share/autobot_recog/launch
[1.311s] copying launch/2.launch.py -> /home/rudra/bharatforge/abhiroop/install/autobot_recog/share/autobot_recog/launch
[1.311s] copying launch/1.launch.py -> /home/rudra/bharatforge/abhiroop/install/autobot_recog/share/autobot_recog/launch
[1.312s] copying launch/world_launch.launch.py -> /home/rudra/bharatforge/abhiroop/install/autobot_recog/share/autobot_recog/launch
[1.312s] copying launch/4.launch.py -> /home/rudra/bharatforge/abhiroop/install/autobot_recog/share/autobot_recog/launch
[1.312s] copying launch/rviz_gazebo_camera.launch.py -> /home/rudra/bharatforge/abhiroop/install/autobot_recog/share/autobot_recog/launch
[1.312s] copying launch/multiple_bots.launch.py -> /home/rudra/bharatforge/abhiroop/install/autobot_recog/share/autobot_recog/launch
[1.312s] copying launch/spawn_turtlebot3.launch.py -> /home/rudra/bharatforge/abhiroop/install/autobot_recog/share/autobot_recog/launch
[1.312s] running install_egg_info
[1.314s] Copying ../../build/autobot_recog/autobot_recog.egg-info to /home/rudra/bharatforge/abhiroop/install/autobot_recog/lib/python3.10/site-packages/autobot_recog-0.0.0-py3.10.egg-info
[1.314s] running install_scripts
[1.329s] changing mode of /home/rudra/bharatforge/abhiroop/install/autobot_recog/lib/autobot_recog/move.py to 775
[1.329s] changing mode of /home/rudra/bharatforge/abhiroop/install/autobot_recog/lib/autobot_recog/multi_move.py to 775
[1.329s] changing mode of /home/rudra/bharatforge/abhiroop/install/autobot_recog/lib/autobot_recog/image_save.py to 775
[1.329s] changing mode of /home/rudra/bharatforge/abhiroop/install/autobot_recog/lib/autobot_recog/agent_node.py to 775
[1.330s] Installing agent_node script to /home/rudra/bharatforge/abhiroop/install/autobot_recog/lib/autobot_recog
[1.330s] Installing image_save script to /home/rudra/bharatforge/abhiroop/install/autobot_recog/lib/autobot_recog
[1.330s] Installing move script to /home/rudra/bharatforge/abhiroop/install/autobot_recog/lib/autobot_recog
[1.330s] Installing multi_move script to /home/rudra/bharatforge/abhiroop/install/autobot_recog/lib/autobot_recog
[1.331s] writing list of installed files to '/home/rudra/bharatforge/abhiroop/build/autobot_recog/install.log'
[1.351s] Invoked command in '/home/rudra/bharatforge/abhiroop/src/autobot_recog' returned '0': PYTHONPATH=/home/rudra/bharatforge/abhiroop/build/autobot_recog/prefix_override:/usr/lib/python3/dist-packages/colcon_core/task/python/colcon_distutils_commands:/home/rudra/bharatforge/abhiroop/install/autobot_recog/lib/python3.10/site-packages:${PYTHONPATH} /usr/bin/python3 -W ignore:setup.py install is deprecated -W ignore:easy_install command is deprecated setup.py egg_info --egg-base ../../build/autobot_recog build --build-base /home/rudra/bharatforge/abhiroop/build/autobot_recog/build install --record /home/rudra/bharatforge/abhiroop/build/autobot_recog/install.log --single-version-externally-managed install_data --force
