[0.678s] Invoking command in '/home/rudra/bharatforge/abhiroop/build/autobot_recog': PYTHONPATH=/home/rudra/bharatforge/abhiroop/build/autobot_recog/prefix_override:/usr/lib/python3/dist-packages/colcon_core/task/python/colcon_distutils_commands:/home/rudra/bharatforge/abhiroop/install/autobot_recog/lib/python3.10/site-packages:${PYTHONPATH} /usr/bin/python3 -W ignore:setup.py install is deprecated -W ignore:easy_install command is deprecated setup.py develop --editable --build-directory /home/rudra/bharatforge/abhiroop/build/autobot_recog/build --no-deps symlink_data
[0.941s] running develop
[1.139s] running egg_info
[1.139s] creating autobot_recog.egg-info
[1.139s] writing autobot_recog.egg-info/PKG-INFO
[1.139s] writing dependency_links to autobot_recog.egg-info/dependency_links.txt
[1.139s] writing entry points to autobot_recog.egg-info/entry_points.txt
[1.139s] writing requirements to autobot_recog.egg-info/requires.txt
[1.139s] writing top-level names to autobot_recog.egg-info/top_level.txt
[1.140s] writing manifest file 'autobot_recog.egg-info/SOURCES.txt'
[1.142s] reading manifest file 'autobot_recog.egg-info/SOURCES.txt'
[1.143s] writing manifest file 'autobot_recog.egg-info/SOURCES.txt'
[1.144s] running build_ext
[1.144s] Creating /home/rudra/bharatforge/abhiroop/install/autobot_recog/lib/python3.10/site-packages/autobot-recog.egg-link (link to .)
[1.145s] Installing agent_node script to /home/rudra/bharatforge/abhiroop/install/autobot_recog/lib/autobot_recog
[1.145s] Installing image_save script to /home/rudra/bharatforge/abhiroop/install/autobot_recog/lib/autobot_recog
[1.145s] Installing move script to /home/rudra/bharatforge/abhiroop/install/autobot_recog/lib/autobot_recog
[1.145s] Installing multi_move script to /home/rudra/bharatforge/abhiroop/install/autobot_recog/lib/autobot_recog
[1.146s] Installing move.py script to /home/rudra/bharatforge/abhiroop/install/autobot_recog/lib/autobot_recog
[1.147s] Installing image_save.py script to /home/rudra/bharatforge/abhiroop/install/autobot_recog/lib/autobot_recog
[1.147s] Installing agent_node.py script to /home/rudra/bharatforge/abhiroop/install/autobot_recog/lib/autobot_recog
[1.148s] Installing multi_move.py script to /home/rudra/bharatforge/abhiroop/install/autobot_recog/lib/autobot_recog
[1.148s] 
[1.148s] Installed /home/rudra/bharatforge/abhiroop/build/autobot_recog
[1.148s] running symlink_data
[1.148s] creating /home/rudra/bharatforge/abhiroop/install/autobot_recog/share/ament_index
[1.149s] creating /home/rudra/bharatforge/abhiroop/install/autobot_recog/share/ament_index/resource_index
[1.149s] creating /home/rudra/bharatforge/abhiroop/install/autobot_recog/share/ament_index/resource_index/packages
[1.149s] symbolically linking /home/rudra/bharatforge/abhiroop/build/autobot_recog/resource/autobot_recog -> /home/rudra/bharatforge/abhiroop/install/autobot_recog/share/ament_index/resource_index/packages
[1.149s] symbolically linking /home/rudra/bharatforge/abhiroop/build/autobot_recog/package.xml -> /home/rudra/bharatforge/abhiroop/install/autobot_recog/share/autobot_recog
[1.149s] creating /home/rudra/bharatforge/abhiroop/install/autobot_recog/share/autobot_recog/launch
[1.149s] symbolically linking /home/rudra/bharatforge/abhiroop/build/autobot_recog/launch/office_launch.launch.py -> /home/rudra/bharatforge/abhiroop/install/autobot_recog/share/autobot_recog/launch
[1.149s] symbolically linking /home/rudra/bharatforge/abhiroop/build/autobot_recog/launch/warehouse_launch.launch.py -> /home/rudra/bharatforge/abhiroop/install/autobot_recog/share/autobot_recog/launch
[1.149s] symbolically linking /home/rudra/bharatforge/abhiroop/build/autobot_recog/launch/spawn_turtlebot_with_realsense.launch.py -> /home/rudra/bharatforge/abhiroop/install/autobot_recog/share/autobot_recog/launch
[1.149s] symbolically linking /home/rudra/bharatforge/abhiroop/build/autobot_recog/launch/multi_bot.launch.py -> /home/rudra/bharatforge/abhiroop/install/autobot_recog/share/autobot_recog/launch
[1.149s] symbolically linking /home/rudra/bharatforge/abhiroop/build/autobot_recog/launch/robot_state_publisher.launch.py -> /home/rudra/bharatforge/abhiroop/install/autobot_recog/share/autobot_recog/launch
[1.149s] symbolically linking /home/rudra/bharatforge/abhiroop/build/autobot_recog/launch/spawn_yolobot.py -> /home/rudra/bharatforge/abhiroop/install/autobot_recog/share/autobot_recog/launch
[1.149s] symbolically linking /home/rudra/bharatforge/abhiroop/build/autobot_recog/launch/spawn_yolobot_launch.launch.py -> /home/rudra/bharatforge/abhiroop/install/autobot_recog/share/autobot_recog/launch
[1.150s] symbolically linking /home/rudra/bharatforge/abhiroop/build/autobot_recog/launch/gazebo.launch.py -> /home/rudra/bharatforge/abhiroop/install/autobot_recog/share/autobot_recog/launch
[1.150s] symbolically linking /home/rudra/bharatforge/abhiroop/build/autobot_recog/launch/actor.launch.py -> /home/rudra/bharatforge/abhiroop/install/autobot_recog/share/autobot_recog/launch
[1.150s] symbolically linking /home/rudra/bharatforge/abhiroop/build/autobot_recog/launch/2.launch.py -> /home/rudra/bharatforge/abhiroop/install/autobot_recog/share/autobot_recog/launch
[1.150s] symbolically linking /home/rudra/bharatforge/abhiroop/build/autobot_recog/launch/1.launch.py -> /home/rudra/bharatforge/abhiroop/install/autobot_recog/share/autobot_recog/launch
[1.150s] symbolically linking /home/rudra/bharatforge/abhiroop/build/autobot_recog/launch/world_launch.launch.py -> /home/rudra/bharatforge/abhiroop/install/autobot_recog/share/autobot_recog/launch
[1.150s] symbolically linking /home/rudra/bharatforge/abhiroop/build/autobot_recog/launch/4.launch.py -> /home/rudra/bharatforge/abhiroop/install/autobot_recog/share/autobot_recog/launch
[1.150s] symbolically linking /home/rudra/bharatforge/abhiroop/build/autobot_recog/launch/rviz_gazebo_camera.launch.py -> /home/rudra/bharatforge/abhiroop/install/autobot_recog/share/autobot_recog/launch
[1.150s] symbolically linking /home/rudra/bharatforge/abhiroop/build/autobot_recog/launch/multiple_bots.launch.py -> /home/rudra/bharatforge/abhiroop/install/autobot_recog/share/autobot_recog/launch
[1.150s] symbolically linking /home/rudra/bharatforge/abhiroop/build/autobot_recog/launch/spawn_turtlebot3.launch.py -> /home/rudra/bharatforge/abhiroop/install/autobot_recog/share/autobot_recog/launch
[1.150s] creating /home/rudra/bharatforge/abhiroop/install/autobot_recog/share/autobot_recog/urdf
[1.197s] Invoked command in '/home/rudra/bharatforge/abhiroop/build/autobot_recog' returned '0': PYTHONPATH=/home/rudra/bharatforge/abhiroop/build/autobot_recog/prefix_override:/usr/lib/python3/dist-packages/colcon_core/task/python/colcon_distutils_commands:/home/rudra/bharatforge/abhiroop/install/autobot_recog/lib/python3.10/site-packages:${PYTHONPATH} /usr/bin/python3 -W ignore:setup.py install is deprecated -W ignore:easy_install command is deprecated setup.py develop --editable --build-directory /home/rudra/bharatforge/abhiroop/build/autobot_recog/build --no-deps symlink_data
