[0.580s] Invoking command in '/home/rudra/bharatforge/abhiroop/src/autobot_recog/build/autobot_recog': PYTHONPATH=/home/rudra/bharatforge/abhiroop/src/autobot_recog/build/autobot_recog/prefix_override:/usr/lib/python3/dist-packages/colcon_core/task/python/colcon_distutils_commands:/home/rudra/bharatforge/abhiroop/src/autobot_recog/install/autobot_recog/lib/python3.10/site-packages:${PYTHONPATH} /usr/bin/python3 -W ignore:setup.py install is deprecated -W ignore:easy_install command is deprecated setup.py develop --editable --build-directory /home/rudra/bharatforge/abhiroop/src/autobot_recog/build/autobot_recog/build --no-deps symlink_data
[0.819s] running develop
[0.995s] running egg_info
[0.995s] writing autobot_recog.egg-info/PKG-INFO
[0.995s] writing dependency_links to autobot_recog.egg-info/dependency_links.txt
[0.995s] writing entry points to autobot_recog.egg-info/entry_points.txt
[0.995s] writing requirements to autobot_recog.egg-info/requires.txt
[0.996s] writing top-level names to autobot_recog.egg-info/top_level.txt
[0.997s] reading manifest file 'autobot_recog.egg-info/SOURCES.txt'
[0.998s] writing manifest file 'autobot_recog.egg-info/SOURCES.txt'
[0.999s] running build_ext
[0.999s] Creating /home/rudra/bharatforge/abhiroop/src/autobot_recog/install/autobot_recog/lib/python3.10/site-packages/autobot-recog.egg-link (link to .)
[1.000s] Installing agent_node script to /home/rudra/bharatforge/abhiroop/src/autobot_recog/install/autobot_recog/lib/autobot_recog
[1.000s] Installing image_save script to /home/rudra/bharatforge/abhiroop/src/autobot_recog/install/autobot_recog/lib/autobot_recog
[1.000s] Installing move script to /home/rudra/bharatforge/abhiroop/src/autobot_recog/install/autobot_recog/lib/autobot_recog
[1.000s] Installing multi_move script to /home/rudra/bharatforge/abhiroop/src/autobot_recog/install/autobot_recog/lib/autobot_recog
[1.001s] Installing move.py script to /home/rudra/bharatforge/abhiroop/src/autobot_recog/install/autobot_recog/lib/autobot_recog
[1.001s] Installing image_save.py script to /home/rudra/bharatforge/abhiroop/src/autobot_recog/install/autobot_recog/lib/autobot_recog
[1.002s] Installing agent_node.py script to /home/rudra/bharatforge/abhiroop/src/autobot_recog/install/autobot_recog/lib/autobot_recog
[1.002s] Installing multi_move.py script to /home/rudra/bharatforge/abhiroop/src/autobot_recog/install/autobot_recog/lib/autobot_recog
[1.002s] 
[1.002s] Installed /home/rudra/bharatforge/abhiroop/src/autobot_recog/build/autobot_recog
[1.002s] running symlink_data
[1.003s] error: can't copy '/home/rudra/bharatforge/abhiroop/src/autobot_recog/build/autobot_recog/launch/spawn_yolobot.py': doesn't exist or not a regular file
[1.023s] Invoked command in '/home/rudra/bharatforge/abhiroop/src/autobot_recog/build/autobot_recog' returned '1': PYTHONPATH=/home/rudra/bharatforge/abhiroop/src/autobot_recog/build/autobot_recog/prefix_override:/usr/lib/python3/dist-packages/colcon_core/task/python/colcon_distutils_commands:/home/rudra/bharatforge/abhiroop/src/autobot_recog/install/autobot_recog/lib/python3.10/site-packages:${PYTHONPATH} /usr/bin/python3 -W ignore:setup.py install is deprecated -W ignore:easy_install command is deprecated setup.py develop --editable --build-directory /home/rudra/bharatforge/abhiroop/src/autobot_recog/build/autobot_recog/build --no-deps symlink_data
