-- Found ament_cmake: 1.3.11 (/opt/ros/humble/share/ament_cmake/cmake)
-- Override CMake install command with custom implementation using symlinks instead of copying resources
-- Found rclcpp: 16.0.11 (/opt/ros/humble/share/rclcpp/cmake)
-- Found rosidl_generator_c: 3.1.6 (/opt/ros/humble/share/rosidl_generator_c/cmake)
-- Found rosidl_adapter: 3.1.6 (/opt/ros/humble/share/rosidl_adapter/cmake)
-- Found rosidl_generator_cpp: 3.1.6 (/opt/ros/humble/share/rosidl_generator_cpp/cmake)
-- Using all available rosidl_typesupport_c: rosidl_typesupport_fastrtps_c;rosidl_typesupport_introspection_c
-- Using all available rosidl_typesupport_cpp: rosidl_typesupport_fastrtps_cpp;rosidl_typesupport_introspection_cpp
-- Found rmw_implementation_cmake: 6.1.2 (/opt/ros/humble/share/rmw_implementation_cmake/cmake)
-- Found rmw_fastrtps_cpp: 6.2.7 (/opt/ros/humble/share/rmw_fastrtps_cpp/cmake)
-- Using RMW implementation 'rmw_fastrtps_cpp' as default
-- Found rosidl_default_generators: 1.2.0 (/opt/ros/humble/share/rosidl_default_generators/cmake)
-- Found geometry_msgs: 4.2.4 (/opt/ros/humble/share/geometry_msgs/cmake)
-- Found ament_cmake_ros: 0.10.0 (/opt/ros/humble/share/ament_cmake_ros/cmake)
-- Using all available rosidl_typesupport_c: rosidl_typesupport_fastrtps_c;rosidl_typesupport_introspection_c
-- Using all available rosidl_typesupport_cpp: rosidl_typesupport_fastrtps_cpp;rosidl_typesupport_introspection_cpp
-- Found python_cmake_module: 0.10.0 (/opt/ros/humble/share/python_cmake_module/cmake)
-- Using PYTHON_EXECUTABLE: /usr/bin/python3
-- Using PYTHON_INCLUDE_DIRS: /usr/include/python3.10
-- Using PYTHON_LIBRARIES: /usr/lib/x86_64-linux-gnu/libpython3.10.so
-- Found ament_lint_auto: 0.12.11 (/opt/ros/humble/share/ament_lint_auto/cmake)
-- Added test 'lint_cmake' to check CMake code style
-- Added test 'xmllint' to check XML markup files
-- Configuring done
-- Generating done
-- Build files have been written to: /home/rudra/bharatforge/abhiroop/build/communication_msgs
[35m[1mConsolidate compiler generated dependencies of target communication_msgs__rosidl_generator_c[0m
[  2%] Built target communication_msgs__cpp
[ 12%] Built target communication_msgs__rosidl_generator_c
[ 12%] Built target ament_cmake_python_symlink_communication_msgs
[35m[1mConsolidate compiler generated dependencies of target communication_msgs__rosidl_typesupport_c[0m
[35m[1mConsolidate compiler generated dependencies of target communication_msgs__rosidl_typesupport_introspection_c[0m
[35m[1mConsolidate compiler generated dependencies of target communication_msgs__rosidl_typesupport_cpp[0m
[35m[1mConsolidate compiler generated dependencies of target communication_msgs__rosidl_typesupport_introspection_cpp[0m
[35m[1mConsolidate compiler generated dependencies of target communication_msgs__rosidl_typesupport_fastrtps_c[0m
[35m[1mConsolidate compiler generated dependencies of target communication_msgs__rosidl_typesupport_fastrtps_cpp[0m
[ 23%] Built target communication_msgs__rosidl_typesupport_introspection_c
[ 44%] Built target communication_msgs__rosidl_typesupport_cpp
[ 44%] Built target communication_msgs__rosidl_typesupport_c
[ 55%] Built target communication_msgs__rosidl_typesupport_introspection_cpp
[ 65%] Built target communication_msgs__rosidl_typesupport_fastrtps_c
[ 76%] Built target communication_msgs__rosidl_typesupport_fastrtps_cpp
[ 76%] Built target communication_msgs
[ 78%] Built target communication_msgs__py
[35m[1mConsolidate compiler generated dependencies of target communication_msgs__rosidl_generator_py[0m
[ 87%] Built target communication_msgs__rosidl_generator_py
[35m[1mConsolidate compiler generated dependencies of target communication_msgs__rosidl_typesupport_c__pyext[0m
[35m[1mConsolidate compiler generated dependencies of target communication_msgs__rosidl_typesupport_fastrtps_c__pyext[0m
[35m[1mConsolidate compiler generated dependencies of target communication_msgs__rosidl_typesupport_introspection_c__pyext[0m
[100%] Built target communication_msgs__rosidl_typesupport_fastrtps_c__pyext
[100%] Built target communication_msgs__rosidl_typesupport_introspection_c__pyext
[100%] Built target communication_msgs__rosidl_typesupport_c__pyext
running egg_info
writing communication_msgs.egg-info/PKG-INFO
writing dependency_links to communication_msgs.egg-info/dependency_links.txt
writing top-level names to communication_msgs.egg-info/top_level.txt
reading manifest file 'communication_msgs.egg-info/SOURCES.txt'
writing manifest file 'communication_msgs.egg-info/SOURCES.txt'
[100%] Built target ament_cmake_python_build_communication_msgs_egg
-- Install configuration: ""
-- Execute custom install script
-- Up-to-date symlink: /home/rudra/bharatforge/abhiroop/install/communication_msgs/share/ament_index/resource_index/rosidl_interfaces/communication_msgs
-- Up-to-date symlink: /home/rudra/bharatforge/abhiroop/install/communication_msgs/include/communication_msgs/communication_msgs/msg/rosidl_generator_c__visibility_control.h
-- Up-to-date symlink: /home/rudra/bharatforge/abhiroop/install/communication_msgs/include/communication_msgs/communication_msgs/srv/detail/liveliness__functions.h
-- Up-to-date symlink: /home/rudra/bharatforge/abhiroop/install/communication_msgs/include/communication_msgs/communication_msgs/srv/detail/liveliness__struct.h
-- Up-to-date symlink: /home/rudra/bharatforge/abhiroop/install/communication_msgs/include/communication_msgs/communication_msgs/srv/detail/liveliness__type_support.h
-- Up-to-date symlink: /home/rudra/bharatforge/abhiroop/install/communication_msgs/include/communication_msgs/communication_msgs/srv/detail/task_assignment__functions.h
-- Up-to-date symlink: /home/rudra/bharatforge/abhiroop/install/communication_msgs/include/communication_msgs/communication_msgs/srv/detail/task_assignment__struct.h
-- Up-to-date symlink: /home/rudra/bharatforge/abhiroop/install/communication_msgs/include/communication_msgs/communication_msgs/srv/detail/task_assignment__type_support.h
-- Up-to-date symlink: /home/rudra/bharatforge/abhiroop/install/communication_msgs/include/communication_msgs/communication_msgs/srv/detail/task_completion__functions.h
-- Up-to-date symlink: /home/rudra/bharatforge/abhiroop/install/communication_msgs/include/communication_msgs/communication_msgs/srv/detail/task_completion__struct.h
-- Up-to-date symlink: /home/rudra/bharatforge/abhiroop/install/communication_msgs/include/communication_msgs/communication_msgs/srv/detail/task_completion__type_support.h
-- Up-to-date symlink: /home/rudra/bharatforge/abhiroop/install/communication_msgs/include/communication_msgs/communication_msgs/srv/liveliness.h
-- Up-to-date symlink: /home/rudra/bharatforge/abhiroop/install/communication_msgs/include/communication_msgs/communication_msgs/srv/task_assignment.h
-- Up-to-date symlink: /home/rudra/bharatforge/abhiroop/install/communication_msgs/include/communication_msgs/communication_msgs/srv/task_completion.h
-- Up-to-date symlink: /home/rudra/bharatforge/abhiroop/install/communication_msgs/share/communication_msgs/environment/library_path.sh
-- Up-to-date symlink: /home/rudra/bharatforge/abhiroop/install/communication_msgs/share/communication_msgs/environment/library_path.dsv
-- Up-to-date symlink: /home/rudra/bharatforge/abhiroop/install/communication_msgs/include/communication_msgs/communication_msgs/msg/rosidl_typesupport_fastrtps_c__visibility_control.h
-- Up-to-date symlink: /home/rudra/bharatforge/abhiroop/install/communication_msgs/include/communication_msgs/communication_msgs/srv/detail/liveliness__rosidl_typesupport_fastrtps_c.h
-- Up-to-date symlink: /home/rudra/bharatforge/abhiroop/install/communication_msgs/include/communication_msgs/communication_msgs/srv/detail/task_assignment__rosidl_typesupport_fastrtps_c.h
-- Up-to-date symlink: /home/rudra/bharatforge/abhiroop/install/communication_msgs/include/communication_msgs/communication_msgs/srv/detail/task_completion__rosidl_typesupport_fastrtps_c.h
-- Up-to-date symlink: /home/rudra/bharatforge/abhiroop/install/communication_msgs/include/communication_msgs/communication_msgs/msg/rosidl_generator_cpp__visibility_control.hpp
-- Up-to-date symlink: /home/rudra/bharatforge/abhiroop/install/communication_msgs/include/communication_msgs/communication_msgs/srv/detail/liveliness__builder.hpp
-- Up-to-date symlink: /home/rudra/bharatforge/abhiroop/install/communication_msgs/include/communication_msgs/communication_msgs/srv/detail/liveliness__struct.hpp
-- Up-to-date symlink: /home/rudra/bharatforge/abhiroop/install/communication_msgs/include/communication_msgs/communication_msgs/srv/detail/liveliness__traits.hpp
-- Up-to-date symlink: /home/rudra/bharatforge/abhiroop/install/communication_msgs/include/communication_msgs/communication_msgs/srv/detail/liveliness__type_support.hpp
-- Up-to-date symlink: /home/rudra/bharatforge/abhiroop/install/communication_msgs/include/communication_msgs/communication_msgs/srv/detail/task_assignment__builder.hpp
-- Up-to-date symlink: /home/rudra/bharatforge/abhiroop/install/communication_msgs/include/communication_msgs/communication_msgs/srv/detail/task_assignment__struct.hpp
-- Up-to-date symlink: /home/rudra/bharatforge/abhiroop/install/communication_msgs/include/communication_msgs/communication_msgs/srv/detail/task_assignment__traits.hpp
-- Up-to-date symlink: /home/rudra/bharatforge/abhiroop/install/communication_msgs/include/communication_msgs/communication_msgs/srv/detail/task_assignment__type_support.hpp
-- Up-to-date symlink: /home/rudra/bharatforge/abhiroop/install/communication_msgs/include/communication_msgs/communication_msgs/srv/detail/task_completion__builder.hpp
-- Up-to-date symlink: /home/rudra/bharatforge/abhiroop/install/communication_msgs/include/communication_msgs/communication_msgs/srv/detail/task_completion__struct.hpp
-- Up-to-date symlink: /home/rudra/bharatforge/abhiroop/install/communication_msgs/include/communication_msgs/communication_msgs/srv/detail/task_completion__traits.hpp
-- Up-to-date symlink: /home/rudra/bharatforge/abhiroop/install/communication_msgs/include/communication_msgs/communication_msgs/srv/detail/task_completion__type_support.hpp
-- Up-to-date symlink: /home/rudra/bharatforge/abhiroop/install/communication_msgs/include/communication_msgs/communication_msgs/srv/liveliness.hpp
-- Up-to-date symlink: /home/rudra/bharatforge/abhiroop/install/communication_msgs/include/communication_msgs/communication_msgs/srv/task_assignment.hpp
-- Up-to-date symlink: /home/rudra/bharatforge/abhiroop/install/communication_msgs/include/communication_msgs/communication_msgs/srv/task_completion.hpp
-- Up-to-date symlink: /home/rudra/bharatforge/abhiroop/install/communication_msgs/include/communication_msgs/communication_msgs/msg/rosidl_typesupport_fastrtps_cpp__visibility_control.h
-- Up-to-date symlink: /home/rudra/bharatforge/abhiroop/install/communication_msgs/include/communication_msgs/communication_msgs/srv/detail/liveliness__rosidl_typesupport_fastrtps_cpp.hpp
-- Up-to-date symlink: /home/rudra/bharatforge/abhiroop/install/communication_msgs/include/communication_msgs/communication_msgs/srv/detail/task_assignment__rosidl_typesupport_fastrtps_cpp.hpp
-- Up-to-date symlink: /home/rudra/bharatforge/abhiroop/install/communication_msgs/include/communication_msgs/communication_msgs/srv/detail/task_completion__rosidl_typesupport_fastrtps_cpp.hpp
-- Up-to-date symlink: /home/rudra/bharatforge/abhiroop/install/communication_msgs/include/communication_msgs/communication_msgs/msg/rosidl_typesupport_introspection_c__visibility_control.h
-- Up-to-date symlink: /home/rudra/bharatforge/abhiroop/install/communication_msgs/include/communication_msgs/communication_msgs/srv/detail/liveliness__rosidl_typesupport_introspection_c.h
-- Up-to-date symlink: /home/rudra/bharatforge/abhiroop/install/communication_msgs/include/communication_msgs/communication_msgs/srv/detail/task_assignment__rosidl_typesupport_introspection_c.h
-- Up-to-date symlink: /home/rudra/bharatforge/abhiroop/install/communication_msgs/include/communication_msgs/communication_msgs/srv/detail/task_completion__rosidl_typesupport_introspection_c.h
-- Up-to-date symlink: /home/rudra/bharatforge/abhiroop/install/communication_msgs/include/communication_msgs/communication_msgs/srv/detail/liveliness__rosidl_typesupport_introspection_cpp.hpp
-- Up-to-date symlink: /home/rudra/bharatforge/abhiroop/install/communication_msgs/include/communication_msgs/communication_msgs/srv/detail/task_assignment__rosidl_typesupport_introspection_cpp.hpp
-- Up-to-date symlink: /home/rudra/bharatforge/abhiroop/install/communication_msgs/include/communication_msgs/communication_msgs/srv/detail/task_completion__rosidl_typesupport_introspection_cpp.hpp
-- Up-to-date symlink: /home/rudra/bharatforge/abhiroop/install/communication_msgs/share/communication_msgs/environment/pythonpath.sh
-- Up-to-date symlink: /home/rudra/bharatforge/abhiroop/install/communication_msgs/share/communication_msgs/environment/pythonpath.dsv
-- Up-to-date symlink: /home/rudra/bharatforge/abhiroop/install/communication_msgs/local/lib/python3.10/dist-packages/communication_msgs-0.0.0-py3.10.egg-info/PKG-INFO
-- Up-to-date symlink: /home/rudra/bharatforge/abhiroop/install/communication_msgs/local/lib/python3.10/dist-packages/communication_msgs-0.0.0-py3.10.egg-info/SOURCES.txt
-- Up-to-date symlink: /home/rudra/bharatforge/abhiroop/install/communication_msgs/local/lib/python3.10/dist-packages/communication_msgs-0.0.0-py3.10.egg-info/dependency_links.txt
-- Up-to-date symlink: /home/rudra/bharatforge/abhiroop/install/communication_msgs/local/lib/python3.10/dist-packages/communication_msgs-0.0.0-py3.10.egg-info/top_level.txt
-- Up-to-date symlink: /home/rudra/bharatforge/abhiroop/install/communication_msgs/local/lib/python3.10/dist-packages/communication_msgs/__init__.py
-- Up-to-date symlink: /home/rudra/bharatforge/abhiroop/install/communication_msgs/local/lib/python3.10/dist-packages/communication_msgs/_communication_msgs_s.ep.rosidl_typesupport_c.c
-- Up-to-date symlink: /home/rudra/bharatforge/abhiroop/install/communication_msgs/local/lib/python3.10/dist-packages/communication_msgs/_communication_msgs_s.ep.rosidl_typesupport_fastrtps_c.c
-- Up-to-date symlink: /home/rudra/bharatforge/abhiroop/install/communication_msgs/local/lib/python3.10/dist-packages/communication_msgs/_communication_msgs_s.ep.rosidl_typesupport_introspection_c.c
-- Up-to-date symlink: /home/rudra/bharatforge/abhiroop/install/communication_msgs/local/lib/python3.10/dist-packages/communication_msgs/communication_msgs_s__rosidl_typesupport_c.cpython-310-x86_64-linux-gnu.so
-- Up-to-date symlink: /home/rudra/bharatforge/abhiroop/install/communication_msgs/local/lib/python3.10/dist-packages/communication_msgs/communication_msgs_s__rosidl_typesupport_fastrtps_c.cpython-310-x86_64-linux-gnu.so
-- Up-to-date symlink: /home/rudra/bharatforge/abhiroop/install/communication_msgs/local/lib/python3.10/dist-packages/communication_msgs/communication_msgs_s__rosidl_typesupport_introspection_c.cpython-310-x86_64-linux-gnu.so
-- Up-to-date symlink: /home/rudra/bharatforge/abhiroop/install/communication_msgs/local/lib/python3.10/dist-packages/communication_msgs/libcommunication_msgs__rosidl_generator_py.so
-- Up-to-date symlink: /home/rudra/bharatforge/abhiroop/install/communication_msgs/local/lib/python3.10/dist-packages/communication_msgs/srv/__init__.py
-- Up-to-date symlink: /home/rudra/bharatforge/abhiroop/install/communication_msgs/local/lib/python3.10/dist-packages/communication_msgs/srv/_liveliness.py
-- Up-to-date symlink: /home/rudra/bharatforge/abhiroop/install/communication_msgs/local/lib/python3.10/dist-packages/communication_msgs/srv/_liveliness_s.c
-- Up-to-date symlink: /home/rudra/bharatforge/abhiroop/install/communication_msgs/local/lib/python3.10/dist-packages/communication_msgs/srv/_task_assignment.py
-- Up-to-date symlink: /home/rudra/bharatforge/abhiroop/install/communication_msgs/local/lib/python3.10/dist-packages/communication_msgs/srv/_task_assignment_s.c
-- Up-to-date symlink: /home/rudra/bharatforge/abhiroop/install/communication_msgs/local/lib/python3.10/dist-packages/communication_msgs/srv/_task_completion.py
-- Up-to-date symlink: /home/rudra/bharatforge/abhiroop/install/communication_msgs/local/lib/python3.10/dist-packages/communication_msgs/srv/_task_completion_s.c
-- Up-to-date symlink: /home/rudra/bharatforge/abhiroop/install/communication_msgs/local/lib/python3.10/dist-packages/communication_msgs/communication_msgs_s__rosidl_typesupport_fastrtps_c.cpython-310-x86_64-linux-gnu.so
-- Up-to-date symlink: /home/rudra/bharatforge/abhiroop/install/communication_msgs/local/lib/python3.10/dist-packages/communication_msgs/communication_msgs_s__rosidl_typesupport_introspection_c.cpython-310-x86_64-linux-gnu.so
-- Up-to-date symlink: /home/rudra/bharatforge/abhiroop/install/communication_msgs/local/lib/python3.10/dist-packages/communication_msgs/communication_msgs_s__rosidl_typesupport_c.cpython-310-x86_64-linux-gnu.so
-- Up-to-date symlink: /home/rudra/bharatforge/abhiroop/install/communication_msgs/share/communication_msgs/srv/TaskAssignment.idl
-- Up-to-date symlink: /home/rudra/bharatforge/abhiroop/install/communication_msgs/share/communication_msgs/srv/TaskCompletion.idl
-- Up-to-date symlink: /home/rudra/bharatforge/abhiroop/install/communication_msgs/share/communication_msgs/srv/Liveliness.idl
-- Up-to-date symlink: /home/rudra/bharatforge/abhiroop/install/communication_msgs/share/communication_msgs/srv/TaskAssignment.srv
-- Up-to-date symlink: /home/rudra/bharatforge/abhiroop/install/communication_msgs/share/communication_msgs/srv/TaskAssignment_Request.msg
-- Up-to-date symlink: /home/rudra/bharatforge/abhiroop/install/communication_msgs/share/communication_msgs/srv/TaskAssignment_Response.msg
-- Up-to-date symlink: /home/rudra/bharatforge/abhiroop/install/communication_msgs/share/communication_msgs/srv/TaskCompletion.srv
-- Up-to-date symlink: /home/rudra/bharatforge/abhiroop/install/communication_msgs/share/communication_msgs/srv/TaskCompletion_Request.msg
-- Up-to-date symlink: /home/rudra/bharatforge/abhiroop/install/communication_msgs/share/communication_msgs/srv/TaskCompletion_Response.msg
-- Up-to-date symlink: /home/rudra/bharatforge/abhiroop/install/communication_msgs/share/communication_msgs/srv/Liveliness.srv
-- Up-to-date symlink: /home/rudra/bharatforge/abhiroop/install/communication_msgs/share/communication_msgs/srv/Liveliness_Request.msg
-- Up-to-date symlink: /home/rudra/bharatforge/abhiroop/install/communication_msgs/share/communication_msgs/srv/Liveliness_Response.msg
-- Up-to-date symlink: /home/rudra/bharatforge/abhiroop/install/communication_msgs/share/ament_index/resource_index/package_run_dependencies/communication_msgs
-- Up-to-date symlink: /home/rudra/bharatforge/abhiroop/install/communication_msgs/share/ament_index/resource_index/parent_prefix_path/communication_msgs
-- Up-to-date symlink: /home/rudra/bharatforge/abhiroop/install/communication_msgs/share/communication_msgs/environment/ament_prefix_path.sh
-- Up-to-date symlink: /home/rudra/bharatforge/abhiroop/install/communication_msgs/share/communication_msgs/environment/ament_prefix_path.dsv
-- Up-to-date symlink: /home/rudra/bharatforge/abhiroop/install/communication_msgs/share/communication_msgs/environment/path.sh
-- Up-to-date symlink: /home/rudra/bharatforge/abhiroop/install/communication_msgs/share/communication_msgs/environment/path.dsv
-- Up-to-date symlink: /home/rudra/bharatforge/abhiroop/install/communication_msgs/share/communication_msgs/local_setup.bash
-- Up-to-date symlink: /home/rudra/bharatforge/abhiroop/install/communication_msgs/share/communication_msgs/local_setup.sh
-- Up-to-date symlink: /home/rudra/bharatforge/abhiroop/install/communication_msgs/share/communication_msgs/local_setup.zsh
-- Up-to-date symlink: /home/rudra/bharatforge/abhiroop/install/communication_msgs/share/communication_msgs/local_setup.dsv
-- Symlinking: /home/rudra/bharatforge/abhiroop/install/communication_msgs/share/communication_msgs/package.dsv
-- Up-to-date symlink: /home/rudra/bharatforge/abhiroop/install/communication_msgs/share/ament_index/resource_index/packages/communication_msgs
-- Up-to-date symlink: /home/rudra/bharatforge/abhiroop/install/communication_msgs/share/communication_msgs/cmake/rosidl_cmake-extras.cmake
-- Up-to-date symlink: /home/rudra/bharatforge/abhiroop/install/communication_msgs/share/communication_msgs/cmake/ament_cmake_export_dependencies-extras.cmake
-- Up-to-date symlink: /home/rudra/bharatforge/abhiroop/install/communication_msgs/share/communication_msgs/cmake/ament_cmake_export_include_directories-extras.cmake
-- Up-to-date symlink: /home/rudra/bharatforge/abhiroop/install/communication_msgs/share/communication_msgs/cmake/ament_cmake_export_libraries-extras.cmake
-- Up-to-date symlink: /home/rudra/bharatforge/abhiroop/install/communication_msgs/share/communication_msgs/cmake/ament_cmake_export_targets-extras.cmake
-- Up-to-date symlink: /home/rudra/bharatforge/abhiroop/install/communication_msgs/share/communication_msgs/cmake/rosidl_cmake_export_typesupport_targets-extras.cmake
-- Up-to-date symlink: /home/rudra/bharatforge/abhiroop/install/communication_msgs/share/communication_msgs/cmake/rosidl_cmake_export_typesupport_libraries-extras.cmake
-- Up-to-date symlink: /home/rudra/bharatforge/abhiroop/install/communication_msgs/share/communication_msgs/cmake/communication_msgsConfig.cmake
-- Up-to-date symlink: /home/rudra/bharatforge/abhiroop/install/communication_msgs/share/communication_msgs/cmake/communication_msgsConfig-version.cmake
-- Up-to-date symlink: /home/rudra/bharatforge/abhiroop/install/communication_msgs/share/communication_msgs/package.xml
-- Up-to-date: /home/rudra/bharatforge/abhiroop/install/communication_msgs/lib/libcommunication_msgs__rosidl_generator_c.so
-- Up-to-date: /home/rudra/bharatforge/abhiroop/install/communication_msgs/lib/libcommunication_msgs__rosidl_typesupport_fastrtps_c.so
-- Up-to-date: /home/rudra/bharatforge/abhiroop/install/communication_msgs/lib/libcommunication_msgs__rosidl_typesupport_fastrtps_cpp.so
-- Up-to-date: /home/rudra/bharatforge/abhiroop/install/communication_msgs/lib/libcommunication_msgs__rosidl_typesupport_introspection_c.so
-- Up-to-date: /home/rudra/bharatforge/abhiroop/install/communication_msgs/lib/libcommunication_msgs__rosidl_typesupport_c.so
-- Up-to-date: /home/rudra/bharatforge/abhiroop/install/communication_msgs/lib/libcommunication_msgs__rosidl_typesupport_introspection_cpp.so
-- Up-to-date: /home/rudra/bharatforge/abhiroop/install/communication_msgs/lib/libcommunication_msgs__rosidl_typesupport_cpp.so
Listing '/home/rudra/bharatforge/abhiroop/install/communication_msgs/local/lib/python3.10/dist-packages/communication_msgs'...
Compiling '/home/rudra/bharatforge/abhiroop/install/communication_msgs/local/lib/python3.10/dist-packages/communication_msgs/__init__.py'...
Listing '/home/rudra/bharatforge/abhiroop/install/communication_msgs/local/lib/python3.10/dist-packages/communication_msgs/srv'...
-- Up-to-date: /home/rudra/bharatforge/abhiroop/install/communication_msgs/lib/libcommunication_msgs__rosidl_generator_py.so
-- Up-to-date: /home/rudra/bharatforge/abhiroop/install/communication_msgs/share/communication_msgs/cmake/export_communication_msgs__rosidl_generator_cExport.cmake
-- Up-to-date: /home/rudra/bharatforge/abhiroop/install/communication_msgs/share/communication_msgs/cmake/export_communication_msgs__rosidl_generator_cExport-noconfig.cmake
-- Up-to-date: /home/rudra/bharatforge/abhiroop/install/communication_msgs/share/communication_msgs/cmake/export_communication_msgs__rosidl_typesupport_fastrtps_cExport.cmake
-- Up-to-date: /home/rudra/bharatforge/abhiroop/install/communication_msgs/share/communication_msgs/cmake/export_communication_msgs__rosidl_typesupport_fastrtps_cExport-noconfig.cmake
-- Up-to-date: /home/rudra/bharatforge/abhiroop/install/communication_msgs/share/communication_msgs/cmake/export_communication_msgs__rosidl_generator_cppExport.cmake
-- Up-to-date: /home/rudra/bharatforge/abhiroop/install/communication_msgs/share/communication_msgs/cmake/export_communication_msgs__rosidl_typesupport_fastrtps_cppExport.cmake
-- Up-to-date: /home/rudra/bharatforge/abhiroop/install/communication_msgs/share/communication_msgs/cmake/export_communication_msgs__rosidl_typesupport_fastrtps_cppExport-noconfig.cmake
-- Up-to-date: /home/rudra/bharatforge/abhiroop/install/communication_msgs/share/communication_msgs/cmake/communication_msgs__rosidl_typesupport_introspection_cExport.cmake
-- Up-to-date: /home/rudra/bharatforge/abhiroop/install/communication_msgs/share/communication_msgs/cmake/communication_msgs__rosidl_typesupport_introspection_cExport-noconfig.cmake
-- Up-to-date: /home/rudra/bharatforge/abhiroop/install/communication_msgs/share/communication_msgs/cmake/communication_msgs__rosidl_typesupport_cExport.cmake
-- Up-to-date: /home/rudra/bharatforge/abhiroop/install/communication_msgs/share/communication_msgs/cmake/communication_msgs__rosidl_typesupport_cExport-noconfig.cmake
-- Up-to-date: /home/rudra/bharatforge/abhiroop/install/communication_msgs/share/communication_msgs/cmake/communication_msgs__rosidl_typesupport_introspection_cppExport.cmake
-- Up-to-date: /home/rudra/bharatforge/abhiroop/install/communication_msgs/share/communication_msgs/cmake/communication_msgs__rosidl_typesupport_introspection_cppExport-noconfig.cmake
-- Up-to-date: /home/rudra/bharatforge/abhiroop/install/communication_msgs/share/communication_msgs/cmake/communication_msgs__rosidl_typesupport_cppExport.cmake
-- Up-to-date: /home/rudra/bharatforge/abhiroop/install/communication_msgs/share/communication_msgs/cmake/communication_msgs__rosidl_typesupport_cppExport-noconfig.cmake
-- Up-to-date: /home/rudra/bharatforge/abhiroop/install/communication_msgs/share/communication_msgs/cmake/export_communication_msgs__rosidl_generator_pyExport.cmake
-- Up-to-date: /home/rudra/bharatforge/abhiroop/install/communication_msgs/share/communication_msgs/cmake/export_communication_msgs__rosidl_generator_pyExport-noconfig.cmake
