[0.192s] DEBUG:colcon:Command line arguments: ['/usr/bin/colcon', 'build']
[0.192s] DEBUG:colcon:Parsed command line arguments: Namespace(log_base=None, log_level=None, verb_name='build', build_base='build', install_base='install', merge_install=False, symlink_install=False, test_result_base=None, continue_on_error=False, executor='parallel', parallel_workers=12, event_handlers=None, ignore_user_meta=False, metas=['./colcon.meta'], base_paths=['.'], packages_ignore=None, packages_ignore_regex=None, paths=None, packages_up_to=None, packages_up_to_regex=None, packages_above=None, packages_above_and_dependencies=None, packages_above_depth=None, packages_select_by_dep=None, packages_skip_by_dep=None, packages_skip_up_to=None, packages_select_build_failed=False, packages_skip_build_finished=False, packages_select_test_failures=False, packages_skip_test_passed=False, packages_select=None, packages_skip=None, packages_select_regex=None, packages_skip_regex=None, packages_start=None, packages_end=None, allow_overriding=[], cmake_args=None, cmake_target=None, cmake_target_skip_unavailable=False, cmake_clean_cache=False, cmake_clean_first=False, cmake_force_configure=False, ament_cmake_args=None, catkin_cmake_args=None, catkin_skip_building_tests=False, mixin_files=None, mixin=None, verb_parser=<colcon_mixin.mixin.mixin_argument.MixinArgumentDecorator object at 0x7c4acbea0af0>, verb_extension=<colcon_core.verb.build.BuildVerb object at 0x7c4acbe28fd0>, main=<bound method BuildVerb.main of <colcon_core.verb.build.BuildVerb object at 0x7c4acbe28fd0>>, mixin_verb=('build',))
[0.418s] Level 1:colcon.colcon_core.package_discovery:discover_packages(colcon_meta) check parameters
[0.419s] Level 1:colcon.colcon_core.package_discovery:discover_packages(recursive) check parameters
[0.419s] Level 1:colcon.colcon_core.package_discovery:discover_packages(ignore) check parameters
[0.419s] Level 1:colcon.colcon_core.package_discovery:discover_packages(path) check parameters
[0.419s] Level 1:colcon.colcon_core.package_discovery:discover_packages(colcon_meta) discover
[0.419s] Level 1:colcon.colcon_core.package_discovery:discover_packages(recursive) discover
[0.419s] INFO:colcon.colcon_core.package_discovery:Crawling recursively for packages in '/home/rudra/bharatforge/abhiroop'
[0.419s] Level 1:colcon.colcon_core.package_identification:_identify(.) by extensions ['ignore', 'ignore_ament_install']
[0.419s] Level 1:colcon.colcon_core.package_identification:_identify(.) by extension 'ignore'
[0.419s] Level 1:colcon.colcon_core.package_identification:_identify(.) by extension 'ignore_ament_install'
[0.419s] Level 1:colcon.colcon_core.package_identification:_identify(.) by extensions ['colcon_pkg']
[0.419s] Level 1:colcon.colcon_core.package_identification:_identify(.) by extension 'colcon_pkg'
[0.419s] Level 1:colcon.colcon_core.package_identification:_identify(.) by extensions ['colcon_meta']
[0.419s] Level 1:colcon.colcon_core.package_identification:_identify(.) by extension 'colcon_meta'
[0.419s] Level 1:colcon.colcon_core.package_identification:_identify(.) by extensions ['ros']
[0.419s] Level 1:colcon.colcon_core.package_identification:_identify(.) by extension 'ros'
[0.433s] Level 1:colcon.colcon_core.package_identification:_identify(.) by extensions ['cmake', 'python']
[0.433s] Level 1:colcon.colcon_core.package_identification:_identify(.) by extension 'cmake'
[0.433s] Level 1:colcon.colcon_core.package_identification:_identify(.) by extension 'python'
[0.433s] Level 1:colcon.colcon_core.package_identification:_identify(.) by extensions ['python_setup_py']
[0.433s] Level 1:colcon.colcon_core.package_identification:_identify(.) by extension 'python_setup_py'
[0.433s] Level 1:colcon.colcon_core.package_identification:_identify(build) by extensions ['ignore', 'ignore_ament_install']
[0.434s] Level 1:colcon.colcon_core.package_identification:_identify(build) by extension 'ignore'
[0.434s] Level 1:colcon.colcon_core.package_identification:_identify(build) ignored
[0.434s] Level 1:colcon.colcon_core.package_identification:_identify(install) by extensions ['ignore', 'ignore_ament_install']
[0.434s] Level 1:colcon.colcon_core.package_identification:_identify(install) by extension 'ignore'
[0.434s] Level 1:colcon.colcon_core.package_identification:_identify(install) ignored
[0.434s] Level 1:colcon.colcon_core.package_identification:_identify(log) by extensions ['ignore', 'ignore_ament_install']
[0.434s] Level 1:colcon.colcon_core.package_identification:_identify(log) by extension 'ignore'
[0.434s] Level 1:colcon.colcon_core.package_identification:_identify(log) ignored
[0.434s] Level 1:colcon.colcon_core.package_identification:_identify(src) by extensions ['ignore', 'ignore_ament_install']
[0.434s] Level 1:colcon.colcon_core.package_identification:_identify(src) by extension 'ignore'
[0.434s] Level 1:colcon.colcon_core.package_identification:_identify(src) by extension 'ignore_ament_install'
[0.434s] Level 1:colcon.colcon_core.package_identification:_identify(src) by extensions ['colcon_pkg']
[0.434s] Level 1:colcon.colcon_core.package_identification:_identify(src) by extension 'colcon_pkg'
[0.434s] Level 1:colcon.colcon_core.package_identification:_identify(src) by extensions ['colcon_meta']
[0.434s] Level 1:colcon.colcon_core.package_identification:_identify(src) by extension 'colcon_meta'
[0.434s] Level 1:colcon.colcon_core.package_identification:_identify(src) by extensions ['ros']
[0.434s] Level 1:colcon.colcon_core.package_identification:_identify(src) by extension 'ros'
[0.434s] Level 1:colcon.colcon_core.package_identification:_identify(src) by extensions ['cmake', 'python']
[0.434s] Level 1:colcon.colcon_core.package_identification:_identify(src) by extension 'cmake'
[0.434s] Level 1:colcon.colcon_core.package_identification:_identify(src) by extension 'python'
[0.435s] Level 1:colcon.colcon_core.package_identification:_identify(src) by extensions ['python_setup_py']
[0.435s] Level 1:colcon.colcon_core.package_identification:_identify(src) by extension 'python_setup_py'
[0.435s] Level 1:colcon.colcon_core.package_identification:_identify(src/RL) by extensions ['ignore', 'ignore_ament_install']
[0.435s] Level 1:colcon.colcon_core.package_identification:_identify(src/RL) by extension 'ignore'
[0.435s] Level 1:colcon.colcon_core.package_identification:_identify(src/RL) by extension 'ignore_ament_install'
[0.435s] Level 1:colcon.colcon_core.package_identification:_identify(src/RL) by extensions ['colcon_pkg']
[0.435s] Level 1:colcon.colcon_core.package_identification:_identify(src/RL) by extension 'colcon_pkg'
[0.435s] Level 1:colcon.colcon_core.package_identification:_identify(src/RL) by extensions ['colcon_meta']
[0.435s] Level 1:colcon.colcon_core.package_identification:_identify(src/RL) by extension 'colcon_meta'
[0.435s] Level 1:colcon.colcon_core.package_identification:_identify(src/RL) by extensions ['ros']
[0.435s] Level 1:colcon.colcon_core.package_identification:_identify(src/RL) by extension 'ros'
[0.435s] Level 1:colcon.colcon_core.package_identification:_identify(src/RL) by extensions ['cmake', 'python']
[0.435s] Level 1:colcon.colcon_core.package_identification:_identify(src/RL) by extension 'cmake'
[0.435s] Level 1:colcon.colcon_core.package_identification:_identify(src/RL) by extension 'python'
[0.435s] Level 1:colcon.colcon_core.package_identification:_identify(src/RL) by extensions ['python_setup_py']
[0.435s] Level 1:colcon.colcon_core.package_identification:_identify(src/RL) by extension 'python_setup_py'
[0.435s] Level 1:colcon.colcon_core.package_identification:_identify(src/RL/DRL_robot_navigation_ros2) by extensions ['ignore', 'ignore_ament_install']
[0.435s] Level 1:colcon.colcon_core.package_identification:_identify(src/RL/DRL_robot_navigation_ros2) by extension 'ignore'
[0.436s] Level 1:colcon.colcon_core.package_identification:_identify(src/RL/DRL_robot_navigation_ros2) by extension 'ignore_ament_install'
[0.436s] Level 1:colcon.colcon_core.package_identification:_identify(src/RL/DRL_robot_navigation_ros2) by extensions ['colcon_pkg']
[0.436s] Level 1:colcon.colcon_core.package_identification:_identify(src/RL/DRL_robot_navigation_ros2) by extension 'colcon_pkg'
[0.436s] Level 1:colcon.colcon_core.package_identification:_identify(src/RL/DRL_robot_navigation_ros2) by extensions ['colcon_meta']
[0.436s] Level 1:colcon.colcon_core.package_identification:_identify(src/RL/DRL_robot_navigation_ros2) by extension 'colcon_meta'
[0.436s] Level 1:colcon.colcon_core.package_identification:_identify(src/RL/DRL_robot_navigation_ros2) by extensions ['ros']
[0.436s] Level 1:colcon.colcon_core.package_identification:_identify(src/RL/DRL_robot_navigation_ros2) by extension 'ros'
[0.436s] Level 1:colcon.colcon_core.package_identification:_identify(src/RL/DRL_robot_navigation_ros2) by extensions ['cmake', 'python']
[0.436s] Level 1:colcon.colcon_core.package_identification:_identify(src/RL/DRL_robot_navigation_ros2) by extension 'cmake'
[0.436s] Level 1:colcon.colcon_core.package_identification:_identify(src/RL/DRL_robot_navigation_ros2) by extension 'python'
[0.436s] Level 1:colcon.colcon_core.package_identification:_identify(src/RL/DRL_robot_navigation_ros2) by extensions ['python_setup_py']
[0.436s] Level 1:colcon.colcon_core.package_identification:_identify(src/RL/DRL_robot_navigation_ros2) by extension 'python_setup_py'
[0.436s] Level 1:colcon.colcon_core.package_identification:_identify(src/RL/DRL_robot_navigation_ros2/src) by extensions ['ignore', 'ignore_ament_install']
[0.436s] Level 1:colcon.colcon_core.package_identification:_identify(src/RL/DRL_robot_navigation_ros2/src) by extension 'ignore'
[0.436s] Level 1:colcon.colcon_core.package_identification:_identify(src/RL/DRL_robot_navigation_ros2/src) by extension 'ignore_ament_install'
[0.436s] Level 1:colcon.colcon_core.package_identification:_identify(src/RL/DRL_robot_navigation_ros2/src) by extensions ['colcon_pkg']
[0.436s] Level 1:colcon.colcon_core.package_identification:_identify(src/RL/DRL_robot_navigation_ros2/src) by extension 'colcon_pkg'
[0.436s] Level 1:colcon.colcon_core.package_identification:_identify(src/RL/DRL_robot_navigation_ros2/src) by extensions ['colcon_meta']
[0.436s] Level 1:colcon.colcon_core.package_identification:_identify(src/RL/DRL_robot_navigation_ros2/src) by extension 'colcon_meta'
[0.436s] Level 1:colcon.colcon_core.package_identification:_identify(src/RL/DRL_robot_navigation_ros2/src) by extensions ['ros']
[0.436s] Level 1:colcon.colcon_core.package_identification:_identify(src/RL/DRL_robot_navigation_ros2/src) by extension 'ros'
[0.436s] Level 1:colcon.colcon_core.package_identification:_identify(src/RL/DRL_robot_navigation_ros2/src) by extensions ['cmake', 'python']
[0.436s] Level 1:colcon.colcon_core.package_identification:_identify(src/RL/DRL_robot_navigation_ros2/src) by extension 'cmake'
[0.437s] Level 1:colcon.colcon_core.package_identification:_identify(src/RL/DRL_robot_navigation_ros2/src) by extension 'python'
[0.437s] Level 1:colcon.colcon_core.package_identification:_identify(src/RL/DRL_robot_navigation_ros2/src) by extensions ['python_setup_py']
[0.437s] Level 1:colcon.colcon_core.package_identification:_identify(src/RL/DRL_robot_navigation_ros2/src) by extension 'python_setup_py'
[0.437s] Level 1:colcon.colcon_core.package_identification:_identify(src/RL/DRL_robot_navigation_ros2/src/td3) by extensions ['ignore', 'ignore_ament_install']
[0.437s] Level 1:colcon.colcon_core.package_identification:_identify(src/RL/DRL_robot_navigation_ros2/src/td3) by extension 'ignore'
[0.437s] Level 1:colcon.colcon_core.package_identification:_identify(src/RL/DRL_robot_navigation_ros2/src/td3) by extension 'ignore_ament_install'
[0.437s] Level 1:colcon.colcon_core.package_identification:_identify(src/RL/DRL_robot_navigation_ros2/src/td3) by extensions ['colcon_pkg']
[0.437s] Level 1:colcon.colcon_core.package_identification:_identify(src/RL/DRL_robot_navigation_ros2/src/td3) by extension 'colcon_pkg'
[0.437s] Level 1:colcon.colcon_core.package_identification:_identify(src/RL/DRL_robot_navigation_ros2/src/td3) by extensions ['colcon_meta']
[0.437s] Level 1:colcon.colcon_core.package_identification:_identify(src/RL/DRL_robot_navigation_ros2/src/td3) by extension 'colcon_meta'
[0.437s] Level 1:colcon.colcon_core.package_identification:_identify(src/RL/DRL_robot_navigation_ros2/src/td3) by extensions ['ros']
[0.437s] Level 1:colcon.colcon_core.package_identification:_identify(src/RL/DRL_robot_navigation_ros2/src/td3) by extension 'ros'
[0.437s] Level 1:colcon.colcon_core.package_identification:_identify(src/RL/DRL_robot_navigation_ros2/src/td3) by extensions ['cmake', 'python']
[0.437s] Level 1:colcon.colcon_core.package_identification:_identify(src/RL/DRL_robot_navigation_ros2/src/td3) by extension 'cmake'
[0.437s] Level 1:colcon.colcon_core.package_identification:_identify(src/RL/DRL_robot_navigation_ros2/src/td3) by extension 'python'
[0.437s] Level 1:colcon.colcon_core.package_identification:_identify(src/RL/DRL_robot_navigation_ros2/src/td3) by extensions ['python_setup_py']
[0.437s] Level 1:colcon.colcon_core.package_identification:_identify(src/RL/DRL_robot_navigation_ros2/src/td3) by extension 'python_setup_py'
[0.437s] Level 1:colcon.colcon_core.package_identification:_identify(src/RL/DRL_robot_navigation_ros2/src/td3/scripts) by extensions ['ignore', 'ignore_ament_install']
[0.437s] Level 1:colcon.colcon_core.package_identification:_identify(src/RL/DRL_robot_navigation_ros2/src/td3/scripts) by extension 'ignore'
[0.437s] Level 1:colcon.colcon_core.package_identification:_identify(src/RL/DRL_robot_navigation_ros2/src/td3/scripts) by extension 'ignore_ament_install'
[0.438s] Level 1:colcon.colcon_core.package_identification:_identify(src/RL/DRL_robot_navigation_ros2/src/td3/scripts) by extensions ['colcon_pkg']
[0.438s] Level 1:colcon.colcon_core.package_identification:_identify(src/RL/DRL_robot_navigation_ros2/src/td3/scripts) by extension 'colcon_pkg'
[0.438s] Level 1:colcon.colcon_core.package_identification:_identify(src/RL/DRL_robot_navigation_ros2/src/td3/scripts) by extensions ['colcon_meta']
[0.438s] Level 1:colcon.colcon_core.package_identification:_identify(src/RL/DRL_robot_navigation_ros2/src/td3/scripts) by extension 'colcon_meta'
[0.438s] Level 1:colcon.colcon_core.package_identification:_identify(src/RL/DRL_robot_navigation_ros2/src/td3/scripts) by extensions ['ros']
[0.438s] Level 1:colcon.colcon_core.package_identification:_identify(src/RL/DRL_robot_navigation_ros2/src/td3/scripts) by extension 'ros'
[0.438s] Level 1:colcon.colcon_core.package_identification:_identify(src/RL/DRL_robot_navigation_ros2/src/td3/scripts) by extensions ['cmake', 'python']
[0.438s] Level 1:colcon.colcon_core.package_identification:_identify(src/RL/DRL_robot_navigation_ros2/src/td3/scripts) by extension 'cmake'
[0.438s] Level 1:colcon.colcon_core.package_identification:_identify(src/RL/DRL_robot_navigation_ros2/src/td3/scripts) by extension 'python'
[0.438s] Level 1:colcon.colcon_core.package_identification:_identify(src/RL/DRL_robot_navigation_ros2/src/td3/scripts) by extensions ['python_setup_py']
[0.438s] Level 1:colcon.colcon_core.package_identification:_identify(src/RL/DRL_robot_navigation_ros2/src/td3/scripts) by extension 'python_setup_py'
[0.438s] Level 1:colcon.colcon_core.package_identification:_identify(src/RL/DRL_robot_navigation_ros2/src/td3/scripts/runs) by extensions ['ignore', 'ignore_ament_install']
[0.438s] Level 1:colcon.colcon_core.package_identification:_identify(src/RL/DRL_robot_navigation_ros2/src/td3/scripts/runs) by extension 'ignore'
[0.438s] Level 1:colcon.colcon_core.package_identification:_identify(src/RL/DRL_robot_navigation_ros2/src/td3/scripts/runs) by extension 'ignore_ament_install'
[0.438s] Level 1:colcon.colcon_core.package_identification:_identify(src/RL/DRL_robot_navigation_ros2/src/td3/scripts/runs) by extensions ['colcon_pkg']
[0.438s] Level 1:colcon.colcon_core.package_identification:_identify(src/RL/DRL_robot_navigation_ros2/src/td3/scripts/runs) by extension 'colcon_pkg'
[0.438s] Level 1:colcon.colcon_core.package_identification:_identify(src/RL/DRL_robot_navigation_ros2/src/td3/scripts/runs) by extensions ['colcon_meta']
[0.438s] Level 1:colcon.colcon_core.package_identification:_identify(src/RL/DRL_robot_navigation_ros2/src/td3/scripts/runs) by extension 'colcon_meta'
[0.438s] Level 1:colcon.colcon_core.package_identification:_identify(src/RL/DRL_robot_navigation_ros2/src/td3/scripts/runs) by extensions ['ros']
[0.438s] Level 1:colcon.colcon_core.package_identification:_identify(src/RL/DRL_robot_navigation_ros2/src/td3/scripts/runs) by extension 'ros'
[0.438s] Level 1:colcon.colcon_core.package_identification:_identify(src/RL/DRL_robot_navigation_ros2/src/td3/scripts/runs) by extensions ['cmake', 'python']
[0.438s] Level 1:colcon.colcon_core.package_identification:_identify(src/RL/DRL_robot_navigation_ros2/src/td3/scripts/runs) by extension 'cmake'
[0.438s] Level 1:colcon.colcon_core.package_identification:_identify(src/RL/DRL_robot_navigation_ros2/src/td3/scripts/runs) by extension 'python'
[0.438s] Level 1:colcon.colcon_core.package_identification:_identify(src/RL/DRL_robot_navigation_ros2/src/td3/scripts/runs) by extensions ['python_setup_py']
[0.439s] Level 1:colcon.colcon_core.package_identification:_identify(src/RL/DRL_robot_navigation_ros2/src/td3/scripts/runs) by extension 'python_setup_py'
[0.439s] Level 1:colcon.colcon_core.package_identification:_identify(src/RL/__pycache__) by extensions ['ignore', 'ignore_ament_install']
[0.439s] Level 1:colcon.colcon_core.package_identification:_identify(src/RL/__pycache__) by extension 'ignore'
[0.439s] Level 1:colcon.colcon_core.package_identification:_identify(src/RL/__pycache__) by extension 'ignore_ament_install'
[0.439s] Level 1:colcon.colcon_core.package_identification:_identify(src/RL/__pycache__) by extensions ['colcon_pkg']
[0.439s] Level 1:colcon.colcon_core.package_identification:_identify(src/RL/__pycache__) by extension 'colcon_pkg'
[0.439s] Level 1:colcon.colcon_core.package_identification:_identify(src/RL/__pycache__) by extensions ['colcon_meta']
[0.439s] Level 1:colcon.colcon_core.package_identification:_identify(src/RL/__pycache__) by extension 'colcon_meta'
[0.439s] Level 1:colcon.colcon_core.package_identification:_identify(src/RL/__pycache__) by extensions ['ros']
[0.439s] Level 1:colcon.colcon_core.package_identification:_identify(src/RL/__pycache__) by extension 'ros'
[0.439s] Level 1:colcon.colcon_core.package_identification:_identify(src/RL/__pycache__) by extensions ['cmake', 'python']
[0.439s] Level 1:colcon.colcon_core.package_identification:_identify(src/RL/__pycache__) by extension 'cmake'
[0.439s] Level 1:colcon.colcon_core.package_identification:_identify(src/RL/__pycache__) by extension 'python'
[0.439s] Level 1:colcon.colcon_core.package_identification:_identify(src/RL/__pycache__) by extensions ['python_setup_py']
[0.439s] Level 1:colcon.colcon_core.package_identification:_identify(src/RL/__pycache__) by extension 'python_setup_py'
[0.439s] Level 1:colcon.colcon_core.package_identification:_identify(src/RL/pytorch_models) by extensions ['ignore', 'ignore_ament_install']
[0.439s] Level 1:colcon.colcon_core.package_identification:_identify(src/RL/pytorch_models) by extension 'ignore'
[0.439s] Level 1:colcon.colcon_core.package_identification:_identify(src/RL/pytorch_models) by extension 'ignore_ament_install'
[0.439s] Level 1:colcon.colcon_core.package_identification:_identify(src/RL/pytorch_models) by extensions ['colcon_pkg']
[0.439s] Level 1:colcon.colcon_core.package_identification:_identify(src/RL/pytorch_models) by extension 'colcon_pkg'
[0.439s] Level 1:colcon.colcon_core.package_identification:_identify(src/RL/pytorch_models) by extensions ['colcon_meta']
[0.440s] Level 1:colcon.colcon_core.package_identification:_identify(src/RL/pytorch_models) by extension 'colcon_meta'
[0.440s] Level 1:colcon.colcon_core.package_identification:_identify(src/RL/pytorch_models) by extensions ['ros']
[0.440s] Level 1:colcon.colcon_core.package_identification:_identify(src/RL/pytorch_models) by extension 'ros'
[0.440s] Level 1:colcon.colcon_core.package_identification:_identify(src/RL/pytorch_models) by extensions ['cmake', 'python']
[0.440s] Level 1:colcon.colcon_core.package_identification:_identify(src/RL/pytorch_models) by extension 'cmake'
[0.440s] Level 1:colcon.colcon_core.package_identification:_identify(src/RL/pytorch_models) by extension 'python'
[0.440s] Level 1:colcon.colcon_core.package_identification:_identify(src/RL/pytorch_models) by extensions ['python_setup_py']
[0.440s] Level 1:colcon.colcon_core.package_identification:_identify(src/RL/pytorch_models) by extension 'python_setup_py'
[0.440s] Level 1:colcon.colcon_core.package_identification:_identify(src/RL/results) by extensions ['ignore', 'ignore_ament_install']
[0.440s] Level 1:colcon.colcon_core.package_identification:_identify(src/RL/results) by extension 'ignore'
[0.440s] Level 1:colcon.colcon_core.package_identification:_identify(src/RL/results) by extension 'ignore_ament_install'
[0.440s] Level 1:colcon.colcon_core.package_identification:_identify(src/RL/results) by extensions ['colcon_pkg']
[0.440s] Level 1:colcon.colcon_core.package_identification:_identify(src/RL/results) by extension 'colcon_pkg'
[0.440s] Level 1:colcon.colcon_core.package_identification:_identify(src/RL/results) by extensions ['colcon_meta']
[0.440s] Level 1:colcon.colcon_core.package_identification:_identify(src/RL/results) by extension 'colcon_meta'
[0.440s] Level 1:colcon.colcon_core.package_identification:_identify(src/RL/results) by extensions ['ros']
[0.440s] Level 1:colcon.colcon_core.package_identification:_identify(src/RL/results) by extension 'ros'
[0.440s] Level 1:colcon.colcon_core.package_identification:_identify(src/RL/results) by extensions ['cmake', 'python']
[0.440s] Level 1:colcon.colcon_core.package_identification:_identify(src/RL/results) by extension 'cmake'
[0.440s] Level 1:colcon.colcon_core.package_identification:_identify(src/RL/results) by extension 'python'
[0.440s] Level 1:colcon.colcon_core.package_identification:_identify(src/RL/results) by extensions ['python_setup_py']
[0.440s] Level 1:colcon.colcon_core.package_identification:_identify(src/RL/results) by extension 'python_setup_py'
[0.440s] Level 1:colcon.colcon_core.package_identification:_identify(src/RL/runs) by extensions ['ignore', 'ignore_ament_install']
[0.441s] Level 1:colcon.colcon_core.package_identification:_identify(src/RL/runs) by extension 'ignore'
[0.441s] Level 1:colcon.colcon_core.package_identification:_identify(src/RL/runs) by extension 'ignore_ament_install'
[0.441s] Level 1:colcon.colcon_core.package_identification:_identify(src/RL/runs) by extensions ['colcon_pkg']
[0.441s] Level 1:colcon.colcon_core.package_identification:_identify(src/RL/runs) by extension 'colcon_pkg'
[0.441s] Level 1:colcon.colcon_core.package_identification:_identify(src/RL/runs) by extensions ['colcon_meta']
[0.441s] Level 1:colcon.colcon_core.package_identification:_identify(src/RL/runs) by extension 'colcon_meta'
[0.441s] Level 1:colcon.colcon_core.package_identification:_identify(src/RL/runs) by extensions ['ros']
[0.441s] Level 1:colcon.colcon_core.package_identification:_identify(src/RL/runs) by extension 'ros'
[0.441s] Level 1:colcon.colcon_core.package_identification:_identify(src/RL/runs) by extensions ['cmake', 'python']
[0.441s] Level 1:colcon.colcon_core.package_identification:_identify(src/RL/runs) by extension 'cmake'
[0.441s] Level 1:colcon.colcon_core.package_identification:_identify(src/RL/runs) by extension 'python'
[0.441s] Level 1:colcon.colcon_core.package_identification:_identify(src/RL/runs) by extensions ['python_setup_py']
[0.441s] Level 1:colcon.colcon_core.package_identification:_identify(src/RL/runs) by extension 'python_setup_py'
[0.441s] Level 1:colcon.colcon_core.package_identification:_identify(src/autobot_recog) by extensions ['ignore', 'ignore_ament_install']
[0.441s] Level 1:colcon.colcon_core.package_identification:_identify(src/autobot_recog) by extension 'ignore'
[0.441s] Level 1:colcon.colcon_core.package_identification:_identify(src/autobot_recog) by extension 'ignore_ament_install'
[0.441s] Level 1:colcon.colcon_core.package_identification:_identify(src/autobot_recog) by extensions ['colcon_pkg']
[0.441s] Level 1:colcon.colcon_core.package_identification:_identify(src/autobot_recog) by extension 'colcon_pkg'
[0.441s] Level 1:colcon.colcon_core.package_identification:_identify(src/autobot_recog) by extensions ['colcon_meta']
[0.441s] Level 1:colcon.colcon_core.package_identification:_identify(src/autobot_recog) by extension 'colcon_meta'
[0.441s] Level 1:colcon.colcon_core.package_identification:_identify(src/autobot_recog) by extensions ['ros']
[0.441s] Level 1:colcon.colcon_core.package_identification:_identify(src/autobot_recog) by extension 'ros'
[0.444s] DEBUG:colcon.colcon_core.package_identification:Package 'src/autobot_recog' with type 'ros.ament_python' and name 'autobot_recog'
[0.444s] Level 1:colcon.colcon_core.package_identification:_identify(src/communication_msgs) by extensions ['ignore', 'ignore_ament_install']
[0.444s] Level 1:colcon.colcon_core.package_identification:_identify(src/communication_msgs) by extension 'ignore'
[0.444s] Level 1:colcon.colcon_core.package_identification:_identify(src/communication_msgs) by extension 'ignore_ament_install'
[0.444s] Level 1:colcon.colcon_core.package_identification:_identify(src/communication_msgs) by extensions ['colcon_pkg']
[0.444s] Level 1:colcon.colcon_core.package_identification:_identify(src/communication_msgs) by extension 'colcon_pkg'
[0.444s] Level 1:colcon.colcon_core.package_identification:_identify(src/communication_msgs) by extensions ['colcon_meta']
[0.444s] Level 1:colcon.colcon_core.package_identification:_identify(src/communication_msgs) by extension 'colcon_meta'
[0.444s] Level 1:colcon.colcon_core.package_identification:_identify(src/communication_msgs) by extensions ['ros']
[0.444s] Level 1:colcon.colcon_core.package_identification:_identify(src/communication_msgs) by extension 'ros'
[0.445s] DEBUG:colcon.colcon_core.package_identification:Package 'src/communication_msgs' with type 'ros.ament_cmake' and name 'communication_msgs'
[0.445s] Level 1:colcon.colcon_core.package_identification:_identify(src/td3) by extensions ['ignore', 'ignore_ament_install']
[0.445s] Level 1:colcon.colcon_core.package_identification:_identify(src/td3) by extension 'ignore'
[0.445s] Level 1:colcon.colcon_core.package_identification:_identify(src/td3) by extension 'ignore_ament_install'
[0.445s] Level 1:colcon.colcon_core.package_identification:_identify(src/td3) by extensions ['colcon_pkg']
[0.445s] Level 1:colcon.colcon_core.package_identification:_identify(src/td3) by extension 'colcon_pkg'
[0.445s] Level 1:colcon.colcon_core.package_identification:_identify(src/td3) by extensions ['colcon_meta']
[0.445s] Level 1:colcon.colcon_core.package_identification:_identify(src/td3) by extension 'colcon_meta'
[0.445s] Level 1:colcon.colcon_core.package_identification:_identify(src/td3) by extensions ['ros']
[0.445s] Level 1:colcon.colcon_core.package_identification:_identify(src/td3) by extension 'ros'
[0.445s] Level 1:colcon.colcon_core.package_identification:_identify(src/td3) by extensions ['cmake', 'python']
[0.445s] Level 1:colcon.colcon_core.package_identification:_identify(src/td3) by extension 'cmake'
[0.445s] Level 1:colcon.colcon_core.package_identification:_identify(src/td3) by extension 'python'
[0.445s] Level 1:colcon.colcon_core.package_identification:_identify(src/td3) by extensions ['python_setup_py']
[0.445s] Level 1:colcon.colcon_core.package_identification:_identify(src/td3) by extension 'python_setup_py'
[0.445s] Level 1:colcon.colcon_core.package_identification:_identify(src/td3/__pycache__) by extensions ['ignore', 'ignore_ament_install']
[0.445s] Level 1:colcon.colcon_core.package_identification:_identify(src/td3/__pycache__) by extension 'ignore'
[0.445s] Level 1:colcon.colcon_core.package_identification:_identify(src/td3/__pycache__) by extension 'ignore_ament_install'
[0.445s] Level 1:colcon.colcon_core.package_identification:_identify(src/td3/__pycache__) by extensions ['colcon_pkg']
[0.446s] Level 1:colcon.colcon_core.package_identification:_identify(src/td3/__pycache__) by extension 'colcon_pkg'
[0.446s] Level 1:colcon.colcon_core.package_identification:_identify(src/td3/__pycache__) by extensions ['colcon_meta']
[0.446s] Level 1:colcon.colcon_core.package_identification:_identify(src/td3/__pycache__) by extension 'colcon_meta'
[0.446s] Level 1:colcon.colcon_core.package_identification:_identify(src/td3/__pycache__) by extensions ['ros']
[0.446s] Level 1:colcon.colcon_core.package_identification:_identify(src/td3/__pycache__) by extension 'ros'
[0.446s] Level 1:colcon.colcon_core.package_identification:_identify(src/td3/__pycache__) by extensions ['cmake', 'python']
[0.446s] Level 1:colcon.colcon_core.package_identification:_identify(src/td3/__pycache__) by extension 'cmake'
[0.446s] Level 1:colcon.colcon_core.package_identification:_identify(src/td3/__pycache__) by extension 'python'
[0.446s] Level 1:colcon.colcon_core.package_identification:_identify(src/td3/__pycache__) by extensions ['python_setup_py']
[0.446s] Level 1:colcon.colcon_core.package_identification:_identify(src/td3/__pycache__) by extension 'python_setup_py'
[0.446s] Level 1:colcon.colcon_core.package_identification:_identify(src/td3/pytorch_models) by extensions ['ignore', 'ignore_ament_install']
[0.446s] Level 1:colcon.colcon_core.package_identification:_identify(src/td3/pytorch_models) by extension 'ignore'
[0.446s] Level 1:colcon.colcon_core.package_identification:_identify(src/td3/pytorch_models) by extension 'ignore_ament_install'
[0.446s] Level 1:colcon.colcon_core.package_identification:_identify(src/td3/pytorch_models) by extensions ['colcon_pkg']
[0.446s] Level 1:colcon.colcon_core.package_identification:_identify(src/td3/pytorch_models) by extension 'colcon_pkg'
[0.446s] Level 1:colcon.colcon_core.package_identification:_identify(src/td3/pytorch_models) by extensions ['colcon_meta']
[0.446s] Level 1:colcon.colcon_core.package_identification:_identify(src/td3/pytorch_models) by extension 'colcon_meta'
[0.446s] Level 1:colcon.colcon_core.package_identification:_identify(src/td3/pytorch_models) by extensions ['ros']
[0.446s] Level 1:colcon.colcon_core.package_identification:_identify(src/td3/pytorch_models) by extension 'ros'
[0.446s] Level 1:colcon.colcon_core.package_identification:_identify(src/td3/pytorch_models) by extensions ['cmake', 'python']
[0.446s] Level 1:colcon.colcon_core.package_identification:_identify(src/td3/pytorch_models) by extension 'cmake'
[0.446s] Level 1:colcon.colcon_core.package_identification:_identify(src/td3/pytorch_models) by extension 'python'
[0.446s] Level 1:colcon.colcon_core.package_identification:_identify(src/td3/pytorch_models) by extensions ['python_setup_py']
[0.446s] Level 1:colcon.colcon_core.package_identification:_identify(src/td3/pytorch_models) by extension 'python_setup_py'
[0.447s] Level 1:colcon.colcon_core.package_identification:_identify(src/td3/results) by extensions ['ignore', 'ignore_ament_install']
[0.447s] Level 1:colcon.colcon_core.package_identification:_identify(src/td3/results) by extension 'ignore'
[0.447s] Level 1:colcon.colcon_core.package_identification:_identify(src/td3/results) by extension 'ignore_ament_install'
[0.447s] Level 1:colcon.colcon_core.package_identification:_identify(src/td3/results) by extensions ['colcon_pkg']
[0.447s] Level 1:colcon.colcon_core.package_identification:_identify(src/td3/results) by extension 'colcon_pkg'
[0.447s] Level 1:colcon.colcon_core.package_identification:_identify(src/td3/results) by extensions ['colcon_meta']
[0.447s] Level 1:colcon.colcon_core.package_identification:_identify(src/td3/results) by extension 'colcon_meta'
[0.447s] Level 1:colcon.colcon_core.package_identification:_identify(src/td3/results) by extensions ['ros']
[0.447s] Level 1:colcon.colcon_core.package_identification:_identify(src/td3/results) by extension 'ros'
[0.447s] Level 1:colcon.colcon_core.package_identification:_identify(src/td3/results) by extensions ['cmake', 'python']
[0.447s] Level 1:colcon.colcon_core.package_identification:_identify(src/td3/results) by extension 'cmake'
[0.447s] Level 1:colcon.colcon_core.package_identification:_identify(src/td3/results) by extension 'python'
[0.447s] Level 1:colcon.colcon_core.package_identification:_identify(src/td3/results) by extensions ['python_setup_py']
[0.447s] Level 1:colcon.colcon_core.package_identification:_identify(src/td3/results) by extension 'python_setup_py'
[0.447s] Level 1:colcon.colcon_core.package_identification:_identify(src/td3/runs) by extensions ['ignore', 'ignore_ament_install']
[0.447s] Level 1:colcon.colcon_core.package_identification:_identify(src/td3/runs) by extension 'ignore'
[0.447s] Level 1:colcon.colcon_core.package_identification:_identify(src/td3/runs) by extension 'ignore_ament_install'
[0.447s] Level 1:colcon.colcon_core.package_identification:_identify(src/td3/runs) by extensions ['colcon_pkg']
[0.447s] Level 1:colcon.colcon_core.package_identification:_identify(src/td3/runs) by extension 'colcon_pkg'
[0.447s] Level 1:colcon.colcon_core.package_identification:_identify(src/td3/runs) by extensions ['colcon_meta']
[0.447s] Level 1:colcon.colcon_core.package_identification:_identify(src/td3/runs) by extension 'colcon_meta'
[0.448s] Level 1:colcon.colcon_core.package_identification:_identify(src/td3/runs) by extensions ['ros']
[0.448s] Level 1:colcon.colcon_core.package_identification:_identify(src/td3/runs) by extension 'ros'
[0.448s] Level 1:colcon.colcon_core.package_identification:_identify(src/td3/runs) by extensions ['cmake', 'python']
[0.448s] Level 1:colcon.colcon_core.package_identification:_identify(src/td3/runs) by extension 'cmake'
[0.448s] Level 1:colcon.colcon_core.package_identification:_identify(src/td3/runs) by extension 'python'
[0.448s] Level 1:colcon.colcon_core.package_identification:_identify(src/td3/runs) by extensions ['python_setup_py']
[0.448s] Level 1:colcon.colcon_core.package_identification:_identify(src/td3/runs) by extension 'python_setup_py'
[0.448s] Level 1:colcon.colcon_core.package_discovery:discover_packages(recursive) using defaults
[0.448s] Level 1:colcon.colcon_core.package_discovery:discover_packages(ignore) discover
[0.448s] Level 1:colcon.colcon_core.package_discovery:discover_packages(ignore) using defaults
[0.448s] Level 1:colcon.colcon_core.package_discovery:discover_packages(path) discover
[0.448s] Level 1:colcon.colcon_core.package_discovery:discover_packages(path) using defaults
[0.469s] Level 1:colcon.colcon_core.package_discovery:discover_packages(prefix_path) check parameters
[0.469s] Level 1:colcon.colcon_core.package_discovery:discover_packages(prefix_path) discover
[0.472s] DEBUG:colcon.colcon_installed_package_information.package_discovery:Found 1 installed packages in /home/rudra/turtlebot3_ws/install
[0.472s] DEBUG:colcon.colcon_installed_package_information.package_discovery:Found 2 installed packages in /home/rudra/bharatforge/abhiroop/install
[0.472s] DEBUG:colcon.colcon_installed_package_information.package_discovery:Found 2 installed packages in /home/rudra/abhiroop/install
[0.473s] DEBUG:colcon.colcon_installed_package_information.package_discovery:Found 3 installed packages in /home/rudra/ws_offboard_control/install
[0.474s] DEBUG:colcon.colcon_installed_package_information.package_discovery:Found 406 installed packages in /opt/ros/humble
[0.476s] Level 1:colcon.colcon_core.package_discovery:discover_packages(prefix_path) using defaults
[0.556s] Level 5:colcon.colcon_core.verb:set package 'autobot_recog' build argument 'cmake_args' from command line to 'None'
[0.556s] Level 5:colcon.colcon_core.verb:set package 'autobot_recog' build argument 'cmake_target' from command line to 'None'
[0.556s] Level 5:colcon.colcon_core.verb:set package 'autobot_recog' build argument 'cmake_target_skip_unavailable' from command line to 'False'
[0.556s] Level 5:colcon.colcon_core.verb:set package 'autobot_recog' build argument 'cmake_clean_cache' from command line to 'False'
[0.556s] Level 5:colcon.colcon_core.verb:set package 'autobot_recog' build argument 'cmake_clean_first' from command line to 'False'
[0.556s] Level 5:colcon.colcon_core.verb:set package 'autobot_recog' build argument 'cmake_force_configure' from command line to 'False'
[0.556s] Level 5:colcon.colcon_core.verb:set package 'autobot_recog' build argument 'ament_cmake_args' from command line to 'None'
[0.556s] Level 5:colcon.colcon_core.verb:set package 'autobot_recog' build argument 'catkin_cmake_args' from command line to 'None'
[0.556s] Level 5:colcon.colcon_core.verb:set package 'autobot_recog' build argument 'catkin_skip_building_tests' from command line to 'False'
[0.557s] DEBUG:colcon.colcon_core.verb:Building package 'autobot_recog' with the following arguments: {'ament_cmake_args': None, 'build_base': '/home/rudra/bharatforge/abhiroop/build/autobot_recog', 'catkin_cmake_args': None, 'catkin_skip_building_tests': False, 'cmake_args': None, 'cmake_clean_cache': False, 'cmake_clean_first': False, 'cmake_force_configure': False, 'cmake_target': None, 'cmake_target_skip_unavailable': False, 'install_base': '/home/rudra/bharatforge/abhiroop/install/autobot_recog', 'merge_install': False, 'path': '/home/rudra/bharatforge/abhiroop/src/autobot_recog', 'symlink_install': False, 'test_result_base': None}
[0.557s] Level 5:colcon.colcon_core.verb:set package 'communication_msgs' build argument 'cmake_args' from command line to 'None'
[0.557s] Level 5:colcon.colcon_core.verb:set package 'communication_msgs' build argument 'cmake_target' from command line to 'None'
[0.557s] Level 5:colcon.colcon_core.verb:set package 'communication_msgs' build argument 'cmake_target_skip_unavailable' from command line to 'False'
[0.557s] Level 5:colcon.colcon_core.verb:set package 'communication_msgs' build argument 'cmake_clean_cache' from command line to 'False'
[0.557s] Level 5:colcon.colcon_core.verb:set package 'communication_msgs' build argument 'cmake_clean_first' from command line to 'False'
[0.557s] Level 5:colcon.colcon_core.verb:set package 'communication_msgs' build argument 'cmake_force_configure' from command line to 'False'
[0.557s] Level 5:colcon.colcon_core.verb:set package 'communication_msgs' build argument 'ament_cmake_args' from command line to 'None'
[0.557s] Level 5:colcon.colcon_core.verb:set package 'communication_msgs' build argument 'catkin_cmake_args' from command line to 'None'
[0.557s] Level 5:colcon.colcon_core.verb:set package 'communication_msgs' build argument 'catkin_skip_building_tests' from command line to 'False'
[0.557s] DEBUG:colcon.colcon_core.verb:Building package 'communication_msgs' with the following arguments: {'ament_cmake_args': None, 'build_base': '/home/rudra/bharatforge/abhiroop/build/communication_msgs', 'catkin_cmake_args': None, 'catkin_skip_building_tests': False, 'cmake_args': None, 'cmake_clean_cache': False, 'cmake_clean_first': False, 'cmake_force_configure': False, 'cmake_target': None, 'cmake_target_skip_unavailable': False, 'install_base': '/home/rudra/bharatforge/abhiroop/install/communication_msgs', 'merge_install': False, 'path': '/home/rudra/bharatforge/abhiroop/src/communication_msgs', 'symlink_install': False, 'test_result_base': None}
[0.557s] INFO:colcon.colcon_core.executor:Executing jobs using 'parallel' executor
[0.558s] DEBUG:colcon.colcon_parallel_executor.executor.parallel:run_until_complete
[0.558s] INFO:colcon.colcon_ros.task.ament_python.build:Building ROS package in '/home/rudra/bharatforge/abhiroop/src/autobot_recog' with build type 'ament_python'
[0.558s] Level 1:colcon.colcon_core.shell:create_environment_hook('autobot_recog', 'ament_prefix_path')
[0.561s] INFO:colcon.colcon_core.plugin_system:Skipping extension 'colcon_core.shell.bat': Not used on non-Windows systems
[0.561s] INFO:colcon.colcon_core.shell:Creating environment hook '/home/rudra/bharatforge/abhiroop/install/autobot_recog/share/autobot_recog/hook/ament_prefix_path.ps1'
[0.562s] INFO:colcon.colcon_core.shell:Creating environment descriptor '/home/rudra/bharatforge/abhiroop/install/autobot_recog/share/autobot_recog/hook/ament_prefix_path.dsv'
[0.563s] INFO:colcon.colcon_core.shell:Creating environment hook '/home/rudra/bharatforge/abhiroop/install/autobot_recog/share/autobot_recog/hook/ament_prefix_path.sh'
[0.563s] INFO:colcon.colcon_core.shell:Skip shell extension 'powershell' for command environment: Not usable outside of PowerShell
[0.563s] DEBUG:colcon.colcon_core.shell:Skip shell extension 'dsv' for command environment
[0.567s] INFO:colcon.colcon_ros.task.ament_cmake.build:Building ROS package in '/home/rudra/bharatforge/abhiroop/src/communication_msgs' with build type 'ament_cmake'
[0.567s] INFO:colcon.colcon_cmake.task.cmake.build:Building CMake package in '/home/rudra/bharatforge/abhiroop/src/communication_msgs'
[0.568s] INFO:colcon.colcon_core.shell:Skip shell extension 'powershell' for command environment: Not usable outside of PowerShell
[0.568s] DEBUG:colcon.colcon_core.shell:Skip shell extension 'dsv' for command environment
[0.824s] INFO:colcon.colcon_core.task.python.build:Building Python package in '/home/rudra/bharatforge/abhiroop/src/autobot_recog'
[0.824s] INFO:colcon.colcon_core.shell:Skip shell extension 'powershell' for command environment: Not usable outside of PowerShell
[0.824s] DEBUG:colcon.colcon_core.shell:Skip shell extension 'dsv' for command environment
[0.831s] DEBUG:colcon.colcon_core.event_handler.log_command:Invoking command in '/home/rudra/bharatforge/abhiroop/build/communication_msgs': CMAKE_PREFIX_PATH=/home/rudra/bharatforge/abhiroop/install/communication_msgs:/home/rudra/abhiroop/install/communication_msgs:/home/rudra/ws_offboard_control/install/px4_ros_com:/home/rudra/ws_offboard_control/install/px4_msgs:/home/rudra/bharatforge/abhiroop/install/autobot_recog:/home/rudra/abhiroop/install/autobot_recog:/opt/ros/humble:/home/rudra/ws_offboard_control/install/lidar_bridge /usr/bin/cmake /home/rudra/bharatforge/abhiroop/src/communication_msgs -DCMAKE_INSTALL_PREFIX=/home/rudra/bharatforge/abhiroop/install/communication_msgs
[1.214s] DEBUG:colcon.colcon_core.event_handler.log_command:Invoking command in '/home/rudra/bharatforge/abhiroop/build/autobot_recog': PYTHONPATH=/home/rudra/bharatforge/abhiroop/build/autobot_recog/prefix_override:/usr/lib/python3/dist-packages/colcon_core/task/python/colcon_distutils_commands:/home/rudra/bharatforge/abhiroop/install/autobot_recog/lib/python3.10/site-packages:${PYTHONPATH} /usr/bin/python3 -W ignore:setup.py install is deprecated -W ignore:easy_install command is deprecated setup.py develop --uninstall --editable --build-directory /home/rudra/bharatforge/abhiroop/build/autobot_recog/build
[1.672s] DEBUG:colcon.colcon_core.event_handler.log_command:Invoked command in '/home/rudra/bharatforge/abhiroop/build/autobot_recog' returned '0': PYTHONPATH=/home/rudra/bharatforge/abhiroop/build/autobot_recog/prefix_override:/usr/lib/python3/dist-packages/colcon_core/task/python/colcon_distutils_commands:/home/rudra/bharatforge/abhiroop/install/autobot_recog/lib/python3.10/site-packages:${PYTHONPATH} /usr/bin/python3 -W ignore:setup.py install is deprecated -W ignore:easy_install command is deprecated setup.py develop --uninstall --editable --build-directory /home/rudra/bharatforge/abhiroop/build/autobot_recog/build
[1.674s] DEBUG:colcon.colcon_core.event_handler.log_command:Invoking command in '/home/rudra/bharatforge/abhiroop/src/autobot_recog': PYTHONPATH=/home/rudra/bharatforge/abhiroop/build/autobot_recog/prefix_override:/usr/lib/python3/dist-packages/colcon_core/task/python/colcon_distutils_commands:/home/rudra/bharatforge/abhiroop/install/autobot_recog/lib/python3.10/site-packages:${PYTHONPATH} /usr/bin/python3 -W ignore:setup.py install is deprecated -W ignore:easy_install command is deprecated setup.py egg_info --egg-base ../../build/autobot_recog build --build-base /home/rudra/bharatforge/abhiroop/build/autobot_recog/build install --record /home/rudra/bharatforge/abhiroop/build/autobot_recog/install.log --single-version-externally-managed install_data --force
[1.965s] DEBUG:colcon.colcon_core.event_handler.log_command:Invoked command in '/home/rudra/bharatforge/abhiroop/src/autobot_recog' returned '0': PYTHONPATH=/home/rudra/bharatforge/abhiroop/build/autobot_recog/prefix_override:/usr/lib/python3/dist-packages/colcon_core/task/python/colcon_distutils_commands:/home/rudra/bharatforge/abhiroop/install/autobot_recog/lib/python3.10/site-packages:${PYTHONPATH} /usr/bin/python3 -W ignore:setup.py install is deprecated -W ignore:easy_install command is deprecated setup.py egg_info --egg-base ../../build/autobot_recog build --build-base /home/rudra/bharatforge/abhiroop/build/autobot_recog/build install --record /home/rudra/bharatforge/abhiroop/build/autobot_recog/install.log --single-version-externally-managed install_data --force
[1.969s] Level 1:colcon.colcon_core.environment:checking '/home/rudra/bharatforge/abhiroop/install/autobot_recog' for CMake module files
[1.969s] Level 1:colcon.colcon_core.environment:checking '/home/rudra/bharatforge/abhiroop/install/autobot_recog' for CMake config files
[1.970s] Level 1:colcon.colcon_core.environment:checking '/home/rudra/bharatforge/abhiroop/install/autobot_recog/lib'
[1.970s] Level 1:colcon.colcon_core.environment:checking '/home/rudra/bharatforge/abhiroop/install/autobot_recog/bin'
[1.971s] Level 1:colcon.colcon_core.environment:checking '/home/rudra/bharatforge/abhiroop/install/autobot_recog/lib/pkgconfig/autobot_recog.pc'
[1.971s] Level 1:colcon.colcon_core.environment:checking '/home/rudra/bharatforge/abhiroop/install/autobot_recog/lib/python3.10/site-packages'
[1.971s] Level 1:colcon.colcon_core.shell:create_environment_hook('autobot_recog', 'pythonpath')
[1.971s] INFO:colcon.colcon_core.shell:Creating environment hook '/home/rudra/bharatforge/abhiroop/install/autobot_recog/share/autobot_recog/hook/pythonpath.ps1'
[1.971s] INFO:colcon.colcon_core.shell:Creating environment descriptor '/home/rudra/bharatforge/abhiroop/install/autobot_recog/share/autobot_recog/hook/pythonpath.dsv'
[1.972s] INFO:colcon.colcon_core.shell:Creating environment hook '/home/rudra/bharatforge/abhiroop/install/autobot_recog/share/autobot_recog/hook/pythonpath.sh'
[1.972s] Level 1:colcon.colcon_core.environment:checking '/home/rudra/bharatforge/abhiroop/install/autobot_recog/bin'
[1.972s] Level 1:colcon.colcon_core.environment:create_environment_scripts_only(autobot_recog)
[1.973s] INFO:colcon.colcon_core.shell:Creating package script '/home/rudra/bharatforge/abhiroop/install/autobot_recog/share/autobot_recog/package.ps1'
[1.973s] INFO:colcon.colcon_core.shell:Creating package descriptor '/home/rudra/bharatforge/abhiroop/install/autobot_recog/share/autobot_recog/package.dsv'
[1.974s] INFO:colcon.colcon_core.shell:Creating package script '/home/rudra/bharatforge/abhiroop/install/autobot_recog/share/autobot_recog/package.sh'
[1.974s] INFO:colcon.colcon_core.shell:Creating package script '/home/rudra/bharatforge/abhiroop/install/autobot_recog/share/autobot_recog/package.bash'
[1.975s] INFO:colcon.colcon_core.shell:Creating package script '/home/rudra/bharatforge/abhiroop/install/autobot_recog/share/autobot_recog/package.zsh'
[1.975s] Level 1:colcon.colcon_core.environment:create_file_with_runtime_dependencies(/home/rudra/bharatforge/abhiroop/install/autobot_recog/share/colcon-core/packages/autobot_recog)
[2.125s] DEBUG:colcon.colcon_core.event_handler.log_command:Invoked command in '/home/rudra/bharatforge/abhiroop/build/communication_msgs' returned '0': CMAKE_PREFIX_PATH=/home/rudra/bharatforge/abhiroop/install/communication_msgs:/home/rudra/abhiroop/install/communication_msgs:/home/rudra/ws_offboard_control/install/px4_ros_com:/home/rudra/ws_offboard_control/install/px4_msgs:/home/rudra/bharatforge/abhiroop/install/autobot_recog:/home/rudra/abhiroop/install/autobot_recog:/opt/ros/humble:/home/rudra/ws_offboard_control/install/lidar_bridge /usr/bin/cmake /home/rudra/bharatforge/abhiroop/src/communication_msgs -DCMAKE_INSTALL_PREFIX=/home/rudra/bharatforge/abhiroop/install/communication_msgs
[2.127s] DEBUG:colcon.colcon_core.event_handler.log_command:Invoking command in '/home/rudra/bharatforge/abhiroop/build/communication_msgs': CMAKE_PREFIX_PATH=/home/rudra/bharatforge/abhiroop/install/communication_msgs:/home/rudra/abhiroop/install/communication_msgs:/home/rudra/ws_offboard_control/install/px4_ros_com:/home/rudra/ws_offboard_control/install/px4_msgs:/home/rudra/bharatforge/abhiroop/install/autobot_recog:/home/rudra/abhiroop/install/autobot_recog:/opt/ros/humble:/home/rudra/ws_offboard_control/install/lidar_bridge /usr/bin/cmake --build /home/rudra/bharatforge/abhiroop/build/communication_msgs -- -j12 -l12
[2.469s] DEBUG:colcon.colcon_core.event_handler.log_command:Invoked command in '/home/rudra/bharatforge/abhiroop/build/communication_msgs' returned '0': CMAKE_PREFIX_PATH=/home/rudra/bharatforge/abhiroop/install/communication_msgs:/home/rudra/abhiroop/install/communication_msgs:/home/rudra/ws_offboard_control/install/px4_ros_com:/home/rudra/ws_offboard_control/install/px4_msgs:/home/rudra/bharatforge/abhiroop/install/autobot_recog:/home/rudra/abhiroop/install/autobot_recog:/opt/ros/humble:/home/rudra/ws_offboard_control/install/lidar_bridge /usr/bin/cmake --build /home/rudra/bharatforge/abhiroop/build/communication_msgs -- -j12 -l12
[2.479s] DEBUG:colcon.colcon_core.event_handler.log_command:Invoking command in '/home/rudra/bharatforge/abhiroop/build/communication_msgs': CMAKE_PREFIX_PATH=/home/rudra/bharatforge/abhiroop/install/communication_msgs:/home/rudra/abhiroop/install/communication_msgs:/home/rudra/ws_offboard_control/install/px4_ros_com:/home/rudra/ws_offboard_control/install/px4_msgs:/home/rudra/bharatforge/abhiroop/install/autobot_recog:/home/rudra/abhiroop/install/autobot_recog:/opt/ros/humble:/home/rudra/ws_offboard_control/install/lidar_bridge /usr/bin/cmake --install /home/rudra/bharatforge/abhiroop/build/communication_msgs
[2.553s] Level 1:colcon.colcon_core.environment:create_environment_scripts_only(communication_msgs)
[2.553s] Level 1:colcon.colcon_core.environment:checking '/home/rudra/bharatforge/abhiroop/install/communication_msgs' for CMake module files
[2.554s] DEBUG:colcon.colcon_core.event_handler.log_command:Invoked command in '/home/rudra/bharatforge/abhiroop/build/communication_msgs' returned '0': CMAKE_PREFIX_PATH=/home/rudra/bharatforge/abhiroop/install/communication_msgs:/home/rudra/abhiroop/install/communication_msgs:/home/rudra/ws_offboard_control/install/px4_ros_com:/home/rudra/ws_offboard_control/install/px4_msgs:/home/rudra/bharatforge/abhiroop/install/autobot_recog:/home/rudra/abhiroop/install/autobot_recog:/opt/ros/humble:/home/rudra/ws_offboard_control/install/lidar_bridge /usr/bin/cmake --install /home/rudra/bharatforge/abhiroop/build/communication_msgs
[2.554s] Level 1:colcon.colcon_core.environment:checking '/home/rudra/bharatforge/abhiroop/install/communication_msgs' for CMake config files
[2.555s] Level 1:colcon.colcon_core.shell:create_environment_hook('communication_msgs', 'cmake_prefix_path')
[2.555s] INFO:colcon.colcon_core.shell:Creating environment hook '/home/rudra/bharatforge/abhiroop/install/communication_msgs/share/communication_msgs/hook/cmake_prefix_path.ps1'
[2.555s] INFO:colcon.colcon_core.shell:Creating environment descriptor '/home/rudra/bharatforge/abhiroop/install/communication_msgs/share/communication_msgs/hook/cmake_prefix_path.dsv'
[2.556s] INFO:colcon.colcon_core.shell:Creating environment hook '/home/rudra/bharatforge/abhiroop/install/communication_msgs/share/communication_msgs/hook/cmake_prefix_path.sh'
[2.556s] Level 1:colcon.colcon_core.environment:checking '/home/rudra/bharatforge/abhiroop/install/communication_msgs/lib'
[2.556s] Level 1:colcon.colcon_core.shell:create_environment_hook('communication_msgs', 'ld_library_path_lib')
[2.556s] INFO:colcon.colcon_core.shell:Creating environment hook '/home/rudra/bharatforge/abhiroop/install/communication_msgs/share/communication_msgs/hook/ld_library_path_lib.ps1'
[2.556s] INFO:colcon.colcon_core.shell:Creating environment descriptor '/home/rudra/bharatforge/abhiroop/install/communication_msgs/share/communication_msgs/hook/ld_library_path_lib.dsv'
[2.557s] INFO:colcon.colcon_core.shell:Creating environment hook '/home/rudra/bharatforge/abhiroop/install/communication_msgs/share/communication_msgs/hook/ld_library_path_lib.sh'
[2.557s] Level 1:colcon.colcon_core.environment:checking '/home/rudra/bharatforge/abhiroop/install/communication_msgs/bin'
[2.557s] Level 1:colcon.colcon_core.environment:checking '/home/rudra/bharatforge/abhiroop/install/communication_msgs/lib/pkgconfig/communication_msgs.pc'
[2.557s] Level 1:colcon.colcon_core.environment:checking '/home/rudra/bharatforge/abhiroop/install/communication_msgs/lib/python3.10/site-packages'
[2.557s] Level 1:colcon.colcon_core.environment:checking '/home/rudra/bharatforge/abhiroop/install/communication_msgs/bin'
[2.558s] INFO:colcon.colcon_core.shell:Creating package script '/home/rudra/bharatforge/abhiroop/install/communication_msgs/share/communication_msgs/package.ps1'
[2.558s] INFO:colcon.colcon_core.shell:Creating package descriptor '/home/rudra/bharatforge/abhiroop/install/communication_msgs/share/communication_msgs/package.dsv'
[2.558s] INFO:colcon.colcon_core.shell:Creating package script '/home/rudra/bharatforge/abhiroop/install/communication_msgs/share/communication_msgs/package.sh'
[2.559s] INFO:colcon.colcon_core.shell:Creating package script '/home/rudra/bharatforge/abhiroop/install/communication_msgs/share/communication_msgs/package.bash'
[2.559s] INFO:colcon.colcon_core.shell:Creating package script '/home/rudra/bharatforge/abhiroop/install/communication_msgs/share/communication_msgs/package.zsh'
[2.559s] Level 1:colcon.colcon_core.environment:create_file_with_runtime_dependencies(/home/rudra/bharatforge/abhiroop/install/communication_msgs/share/colcon-core/packages/communication_msgs)
[2.560s] Level 1:colcon.colcon_core.environment:create_environment_scripts_only(communication_msgs)
[2.560s] Level 1:colcon.colcon_core.environment:checking '/home/rudra/bharatforge/abhiroop/install/communication_msgs' for CMake module files
[2.560s] Level 1:colcon.colcon_core.environment:checking '/home/rudra/bharatforge/abhiroop/install/communication_msgs' for CMake config files
[2.561s] Level 1:colcon.colcon_core.shell:create_environment_hook('communication_msgs', 'cmake_prefix_path')
[2.561s] INFO:colcon.colcon_core.shell:Creating environment hook '/home/rudra/bharatforge/abhiroop/install/communication_msgs/share/communication_msgs/hook/cmake_prefix_path.ps1'
[2.561s] INFO:colcon.colcon_core.shell:Creating environment descriptor '/home/rudra/bharatforge/abhiroop/install/communication_msgs/share/communication_msgs/hook/cmake_prefix_path.dsv'
[2.561s] INFO:colcon.colcon_core.shell:Creating environment hook '/home/rudra/bharatforge/abhiroop/install/communication_msgs/share/communication_msgs/hook/cmake_prefix_path.sh'
[2.562s] Level 1:colcon.colcon_core.environment:checking '/home/rudra/bharatforge/abhiroop/install/communication_msgs/lib'
[2.562s] Level 1:colcon.colcon_core.shell:create_environment_hook('communication_msgs', 'ld_library_path_lib')
[2.562s] INFO:colcon.colcon_core.shell:Creating environment hook '/home/rudra/bharatforge/abhiroop/install/communication_msgs/share/communication_msgs/hook/ld_library_path_lib.ps1'
[2.562s] INFO:colcon.colcon_core.shell:Creating environment descriptor '/home/rudra/bharatforge/abhiroop/install/communication_msgs/share/communication_msgs/hook/ld_library_path_lib.dsv'
[2.562s] INFO:colcon.colcon_core.shell:Creating environment hook '/home/rudra/bharatforge/abhiroop/install/communication_msgs/share/communication_msgs/hook/ld_library_path_lib.sh'
[2.563s] Level 1:colcon.colcon_core.environment:checking '/home/rudra/bharatforge/abhiroop/install/communication_msgs/bin'
[2.563s] Level 1:colcon.colcon_core.environment:checking '/home/rudra/bharatforge/abhiroop/install/communication_msgs/lib/pkgconfig/communication_msgs.pc'
[2.563s] Level 1:colcon.colcon_core.environment:checking '/home/rudra/bharatforge/abhiroop/install/communication_msgs/lib/python3.10/site-packages'
[2.563s] Level 1:colcon.colcon_core.environment:checking '/home/rudra/bharatforge/abhiroop/install/communication_msgs/bin'
[2.563s] INFO:colcon.colcon_core.shell:Creating package script '/home/rudra/bharatforge/abhiroop/install/communication_msgs/share/communication_msgs/package.ps1'
[2.564s] INFO:colcon.colcon_core.shell:Creating package descriptor '/home/rudra/bharatforge/abhiroop/install/communication_msgs/share/communication_msgs/package.dsv'
[2.564s] INFO:colcon.colcon_core.shell:Creating package script '/home/rudra/bharatforge/abhiroop/install/communication_msgs/share/communication_msgs/package.sh'
[2.564s] INFO:colcon.colcon_core.shell:Creating package script '/home/rudra/bharatforge/abhiroop/install/communication_msgs/share/communication_msgs/package.bash'
[2.565s] INFO:colcon.colcon_core.shell:Creating package script '/home/rudra/bharatforge/abhiroop/install/communication_msgs/share/communication_msgs/package.zsh'
[2.565s] Level 1:colcon.colcon_core.environment:create_file_with_runtime_dependencies(/home/rudra/bharatforge/abhiroop/install/communication_msgs/share/colcon-core/packages/communication_msgs)
[2.565s] DEBUG:colcon.colcon_parallel_executor.executor.parallel:closing loop
[2.565s] DEBUG:colcon.colcon_parallel_executor.executor.parallel:loop closed
[2.565s] DEBUG:colcon.colcon_parallel_executor.executor.parallel:run_until_complete finished with '0'
[2.565s] DEBUG:colcon.colcon_core.event_reactor:joining thread
[2.572s] INFO:colcon.colcon_core.plugin_system:Skipping extension 'colcon_notification.desktop_notification.terminal_notifier': Not used on non-Darwin systems
[2.572s] INFO:colcon.colcon_core.plugin_system:Skipping extension 'colcon_notification.desktop_notification.win32': Not used on non-Windows systems
[2.572s] INFO:colcon.colcon_notification.desktop_notification:Sending desktop notification using 'notify2'
[2.613s] DEBUG:colcon.colcon_core.event_reactor:joined thread
[2.613s] INFO:colcon.colcon_core.shell:Creating prefix script '/home/rudra/bharatforge/abhiroop/install/local_setup.ps1'
[2.614s] INFO:colcon.colcon_core.shell:Creating prefix util module '/home/rudra/bharatforge/abhiroop/install/_local_setup_util_ps1.py'
[2.615s] INFO:colcon.colcon_core.shell:Creating prefix chain script '/home/rudra/bharatforge/abhiroop/install/setup.ps1'
[2.616s] INFO:colcon.colcon_core.shell:Creating prefix script '/home/rudra/bharatforge/abhiroop/install/local_setup.sh'
[2.617s] INFO:colcon.colcon_core.shell:Creating prefix util module '/home/rudra/bharatforge/abhiroop/install/_local_setup_util_sh.py'
[2.617s] INFO:colcon.colcon_core.shell:Creating prefix chain script '/home/rudra/bharatforge/abhiroop/install/setup.sh'
[2.618s] INFO:colcon.colcon_core.shell:Creating prefix script '/home/rudra/bharatforge/abhiroop/install/local_setup.bash'
[2.619s] INFO:colcon.colcon_core.shell:Creating prefix chain script '/home/rudra/bharatforge/abhiroop/install/setup.bash'
[2.620s] INFO:colcon.colcon_core.shell:Creating prefix script '/home/rudra/bharatforge/abhiroop/install/local_setup.zsh'
[2.620s] INFO:colcon.colcon_core.shell:Creating prefix chain script '/home/rudra/bharatforge/abhiroop/install/setup.zsh'
