[0.108s] DEBUG:colcon:Command line arguments: ['/usr/bin/colcon', 'build']
[0.108s] DEBUG:colcon:Parsed command line arguments: Namespace(log_base=None, log_level=None, verb_name='build', build_base='build', install_base='install', merge_install=False, symlink_install=False, test_result_base=None, continue_on_error=False, executor='parallel', parallel_workers=12, event_handlers=None, ignore_user_meta=False, metas=['./colcon.meta'], base_paths=['.'], packages_ignore=None, packages_ignore_regex=None, paths=None, packages_up_to=None, packages_up_to_regex=None, packages_above=None, packages_above_and_dependencies=None, packages_above_depth=None, packages_select_by_dep=None, packages_skip_by_dep=None, packages_skip_up_to=None, packages_select_build_failed=False, packages_skip_build_finished=False, packages_select_test_failures=False, packages_skip_test_passed=False, packages_select=None, packages_skip=None, packages_select_regex=None, packages_skip_regex=None, packages_start=None, packages_end=None, allow_overriding=[], cmake_args=None, cmake_target=None, cmake_target_skip_unavailable=False, cmake_clean_cache=False, cmake_clean_first=False, cmake_force_configure=False, ament_cmake_args=None, catkin_cmake_args=None, catkin_skip_building_tests=False, mixin_files=None, mixin=None, verb_parser=<colcon_mixin.mixin.mixin_argument.MixinArgumentDecorator object at 0x7d8e2c388af0>, verb_extension=<colcon_core.verb.build.BuildVerb object at 0x7d8e2c310fd0>, main=<bound method BuildVerb.main of <colcon_core.verb.build.BuildVerb object at 0x7d8e2c310fd0>>, mixin_verb=('build',))
[0.371s] Level 1:colcon.colcon_core.package_discovery:discover_packages(colcon_meta) check parameters
[0.371s] Level 1:colcon.colcon_core.package_discovery:discover_packages(recursive) check parameters
[0.371s] Level 1:colcon.colcon_core.package_discovery:discover_packages(ignore) check parameters
[0.372s] Level 1:colcon.colcon_core.package_discovery:discover_packages(path) check parameters
[0.372s] Level 1:colcon.colcon_core.package_discovery:discover_packages(colcon_meta) discover
[0.372s] Level 1:colcon.colcon_core.package_discovery:discover_packages(recursive) discover
[0.372s] INFO:colcon.colcon_core.package_discovery:Crawling recursively for packages in '/home/rudra/bharatforge/abhiroop'
[0.372s] Level 1:colcon.colcon_core.package_identification:_identify(.) by extensions ['ignore', 'ignore_ament_install']
[0.372s] Level 1:colcon.colcon_core.package_identification:_identify(.) by extension 'ignore'
[0.372s] Level 1:colcon.colcon_core.package_identification:_identify(.) by extension 'ignore_ament_install'
[0.372s] Level 1:colcon.colcon_core.package_identification:_identify(.) by extensions ['colcon_pkg']
[0.372s] Level 1:colcon.colcon_core.package_identification:_identify(.) by extension 'colcon_pkg'
[0.372s] Level 1:colcon.colcon_core.package_identification:_identify(.) by extensions ['colcon_meta']
[0.372s] Level 1:colcon.colcon_core.package_identification:_identify(.) by extension 'colcon_meta'
[0.372s] Level 1:colcon.colcon_core.package_identification:_identify(.) by extensions ['ros']
[0.372s] Level 1:colcon.colcon_core.package_identification:_identify(.) by extension 'ros'
[0.389s] Level 1:colcon.colcon_core.package_identification:_identify(.) by extensions ['cmake', 'python']
[0.389s] Level 1:colcon.colcon_core.package_identification:_identify(.) by extension 'cmake'
[0.389s] Level 1:colcon.colcon_core.package_identification:_identify(.) by extension 'python'
[0.389s] Level 1:colcon.colcon_core.package_identification:_identify(.) by extensions ['python_setup_py']
[0.389s] Level 1:colcon.colcon_core.package_identification:_identify(.) by extension 'python_setup_py'
[0.390s] Level 1:colcon.colcon_core.package_identification:_identify(build) by extensions ['ignore', 'ignore_ament_install']
[0.390s] Level 1:colcon.colcon_core.package_identification:_identify(build) by extension 'ignore'
[0.390s] Level 1:colcon.colcon_core.package_identification:_identify(build) ignored
[0.390s] Level 1:colcon.colcon_core.package_identification:_identify(install) by extensions ['ignore', 'ignore_ament_install']
[0.390s] Level 1:colcon.colcon_core.package_identification:_identify(install) by extension 'ignore'
[0.390s] Level 1:colcon.colcon_core.package_identification:_identify(install) ignored
[0.390s] Level 1:colcon.colcon_core.package_identification:_identify(log) by extensions ['ignore', 'ignore_ament_install']
[0.390s] Level 1:colcon.colcon_core.package_identification:_identify(log) by extension 'ignore'
[0.390s] Level 1:colcon.colcon_core.package_identification:_identify(log) ignored
[0.390s] Level 1:colcon.colcon_core.package_identification:_identify(src) by extensions ['ignore', 'ignore_ament_install']
[0.390s] Level 1:colcon.colcon_core.package_identification:_identify(src) by extension 'ignore'
[0.390s] Level 1:colcon.colcon_core.package_identification:_identify(src) by extension 'ignore_ament_install'
[0.390s] Level 1:colcon.colcon_core.package_identification:_identify(src) by extensions ['colcon_pkg']
[0.390s] Level 1:colcon.colcon_core.package_identification:_identify(src) by extension 'colcon_pkg'
[0.390s] Level 1:colcon.colcon_core.package_identification:_identify(src) by extensions ['colcon_meta']
[0.390s] Level 1:colcon.colcon_core.package_identification:_identify(src) by extension 'colcon_meta'
[0.390s] Level 1:colcon.colcon_core.package_identification:_identify(src) by extensions ['ros']
[0.390s] Level 1:colcon.colcon_core.package_identification:_identify(src) by extension 'ros'
[0.390s] Level 1:colcon.colcon_core.package_identification:_identify(src) by extensions ['cmake', 'python']
[0.390s] Level 1:colcon.colcon_core.package_identification:_identify(src) by extension 'cmake'
[0.391s] Level 1:colcon.colcon_core.package_identification:_identify(src) by extension 'python'
[0.391s] Level 1:colcon.colcon_core.package_identification:_identify(src) by extensions ['python_setup_py']
[0.391s] Level 1:colcon.colcon_core.package_identification:_identify(src) by extension 'python_setup_py'
[0.391s] Level 1:colcon.colcon_core.package_identification:_identify(src/RL) by extensions ['ignore', 'ignore_ament_install']
[0.391s] Level 1:colcon.colcon_core.package_identification:_identify(src/RL) by extension 'ignore'
[0.391s] Level 1:colcon.colcon_core.package_identification:_identify(src/RL) by extension 'ignore_ament_install'
[0.391s] Level 1:colcon.colcon_core.package_identification:_identify(src/RL) by extensions ['colcon_pkg']
[0.391s] Level 1:colcon.colcon_core.package_identification:_identify(src/RL) by extension 'colcon_pkg'
[0.391s] Level 1:colcon.colcon_core.package_identification:_identify(src/RL) by extensions ['colcon_meta']
[0.391s] Level 1:colcon.colcon_core.package_identification:_identify(src/RL) by extension 'colcon_meta'
[0.391s] Level 1:colcon.colcon_core.package_identification:_identify(src/RL) by extensions ['ros']
[0.391s] Level 1:colcon.colcon_core.package_identification:_identify(src/RL) by extension 'ros'
[0.391s] Level 1:colcon.colcon_core.package_identification:_identify(src/RL) by extensions ['cmake', 'python']
[0.391s] Level 1:colcon.colcon_core.package_identification:_identify(src/RL) by extension 'cmake'
[0.391s] Level 1:colcon.colcon_core.package_identification:_identify(src/RL) by extension 'python'
[0.391s] Level 1:colcon.colcon_core.package_identification:_identify(src/RL) by extensions ['python_setup_py']
[0.391s] Level 1:colcon.colcon_core.package_identification:_identify(src/RL) by extension 'python_setup_py'
[0.391s] Level 1:colcon.colcon_core.package_identification:_identify(src/RL/DRL_robot_navigation_ros2) by extensions ['ignore', 'ignore_ament_install']
[0.392s] Level 1:colcon.colcon_core.package_identification:_identify(src/RL/DRL_robot_navigation_ros2) by extension 'ignore'
[0.392s] Level 1:colcon.colcon_core.package_identification:_identify(src/RL/DRL_robot_navigation_ros2) by extension 'ignore_ament_install'
[0.392s] Level 1:colcon.colcon_core.package_identification:_identify(src/RL/DRL_robot_navigation_ros2) by extensions ['colcon_pkg']
[0.392s] Level 1:colcon.colcon_core.package_identification:_identify(src/RL/DRL_robot_navigation_ros2) by extension 'colcon_pkg'
[0.392s] Level 1:colcon.colcon_core.package_identification:_identify(src/RL/DRL_robot_navigation_ros2) by extensions ['colcon_meta']
[0.392s] Level 1:colcon.colcon_core.package_identification:_identify(src/RL/DRL_robot_navigation_ros2) by extension 'colcon_meta'
[0.392s] Level 1:colcon.colcon_core.package_identification:_identify(src/RL/DRL_robot_navigation_ros2) by extensions ['ros']
[0.392s] Level 1:colcon.colcon_core.package_identification:_identify(src/RL/DRL_robot_navigation_ros2) by extension 'ros'
[0.392s] Level 1:colcon.colcon_core.package_identification:_identify(src/RL/DRL_robot_navigation_ros2) by extensions ['cmake', 'python']
[0.392s] Level 1:colcon.colcon_core.package_identification:_identify(src/RL/DRL_robot_navigation_ros2) by extension 'cmake'
[0.392s] Level 1:colcon.colcon_core.package_identification:_identify(src/RL/DRL_robot_navigation_ros2) by extension 'python'
[0.392s] Level 1:colcon.colcon_core.package_identification:_identify(src/RL/DRL_robot_navigation_ros2) by extensions ['python_setup_py']
[0.392s] Level 1:colcon.colcon_core.package_identification:_identify(src/RL/DRL_robot_navigation_ros2) by extension 'python_setup_py'
[0.392s] Level 1:colcon.colcon_core.package_identification:_identify(src/RL/DRL_robot_navigation_ros2/src) by extensions ['ignore', 'ignore_ament_install']
[0.392s] Level 1:colcon.colcon_core.package_identification:_identify(src/RL/DRL_robot_navigation_ros2/src) by extension 'ignore'
[0.392s] Level 1:colcon.colcon_core.package_identification:_identify(src/RL/DRL_robot_navigation_ros2/src) by extension 'ignore_ament_install'
[0.392s] Level 1:colcon.colcon_core.package_identification:_identify(src/RL/DRL_robot_navigation_ros2/src) by extensions ['colcon_pkg']
[0.392s] Level 1:colcon.colcon_core.package_identification:_identify(src/RL/DRL_robot_navigation_ros2/src) by extension 'colcon_pkg'
[0.392s] Level 1:colcon.colcon_core.package_identification:_identify(src/RL/DRL_robot_navigation_ros2/src) by extensions ['colcon_meta']
[0.392s] Level 1:colcon.colcon_core.package_identification:_identify(src/RL/DRL_robot_navigation_ros2/src) by extension 'colcon_meta'
[0.392s] Level 1:colcon.colcon_core.package_identification:_identify(src/RL/DRL_robot_navigation_ros2/src) by extensions ['ros']
[0.392s] Level 1:colcon.colcon_core.package_identification:_identify(src/RL/DRL_robot_navigation_ros2/src) by extension 'ros'
[0.392s] Level 1:colcon.colcon_core.package_identification:_identify(src/RL/DRL_robot_navigation_ros2/src) by extensions ['cmake', 'python']
[0.392s] Level 1:colcon.colcon_core.package_identification:_identify(src/RL/DRL_robot_navigation_ros2/src) by extension 'cmake'
[0.392s] Level 1:colcon.colcon_core.package_identification:_identify(src/RL/DRL_robot_navigation_ros2/src) by extension 'python'
[0.392s] Level 1:colcon.colcon_core.package_identification:_identify(src/RL/DRL_robot_navigation_ros2/src) by extensions ['python_setup_py']
[0.392s] Level 1:colcon.colcon_core.package_identification:_identify(src/RL/DRL_robot_navigation_ros2/src) by extension 'python_setup_py'
[0.393s] Level 1:colcon.colcon_core.package_identification:_identify(src/RL/DRL_robot_navigation_ros2/src/td3) by extensions ['ignore', 'ignore_ament_install']
[0.393s] Level 1:colcon.colcon_core.package_identification:_identify(src/RL/DRL_robot_navigation_ros2/src/td3) by extension 'ignore'
[0.393s] Level 1:colcon.colcon_core.package_identification:_identify(src/RL/DRL_robot_navigation_ros2/src/td3) by extension 'ignore_ament_install'
[0.393s] Level 1:colcon.colcon_core.package_identification:_identify(src/RL/DRL_robot_navigation_ros2/src/td3) by extensions ['colcon_pkg']
[0.393s] Level 1:colcon.colcon_core.package_identification:_identify(src/RL/DRL_robot_navigation_ros2/src/td3) by extension 'colcon_pkg'
[0.393s] Level 1:colcon.colcon_core.package_identification:_identify(src/RL/DRL_robot_navigation_ros2/src/td3) by extensions ['colcon_meta']
[0.393s] Level 1:colcon.colcon_core.package_identification:_identify(src/RL/DRL_robot_navigation_ros2/src/td3) by extension 'colcon_meta'
[0.393s] Level 1:colcon.colcon_core.package_identification:_identify(src/RL/DRL_robot_navigation_ros2/src/td3) by extensions ['ros']
[0.393s] Level 1:colcon.colcon_core.package_identification:_identify(src/RL/DRL_robot_navigation_ros2/src/td3) by extension 'ros'
[0.393s] Level 1:colcon.colcon_core.package_identification:_identify(src/RL/DRL_robot_navigation_ros2/src/td3) by extensions ['cmake', 'python']
[0.393s] Level 1:colcon.colcon_core.package_identification:_identify(src/RL/DRL_robot_navigation_ros2/src/td3) by extension 'cmake'
[0.393s] Level 1:colcon.colcon_core.package_identification:_identify(src/RL/DRL_robot_navigation_ros2/src/td3) by extension 'python'
[0.393s] Level 1:colcon.colcon_core.package_identification:_identify(src/RL/DRL_robot_navigation_ros2/src/td3) by extensions ['python_setup_py']
[0.393s] Level 1:colcon.colcon_core.package_identification:_identify(src/RL/DRL_robot_navigation_ros2/src/td3) by extension 'python_setup_py'
[0.393s] Level 1:colcon.colcon_core.package_identification:_identify(src/RL/DRL_robot_navigation_ros2/src/td3/scripts) by extensions ['ignore', 'ignore_ament_install']
[0.393s] Level 1:colcon.colcon_core.package_identification:_identify(src/RL/DRL_robot_navigation_ros2/src/td3/scripts) by extension 'ignore'
[0.393s] Level 1:colcon.colcon_core.package_identification:_identify(src/RL/DRL_robot_navigation_ros2/src/td3/scripts) by extension 'ignore_ament_install'
[0.393s] Level 1:colcon.colcon_core.package_identification:_identify(src/RL/DRL_robot_navigation_ros2/src/td3/scripts) by extensions ['colcon_pkg']
[0.393s] Level 1:colcon.colcon_core.package_identification:_identify(src/RL/DRL_robot_navigation_ros2/src/td3/scripts) by extension 'colcon_pkg'
[0.393s] Level 1:colcon.colcon_core.package_identification:_identify(src/RL/DRL_robot_navigation_ros2/src/td3/scripts) by extensions ['colcon_meta']
[0.393s] Level 1:colcon.colcon_core.package_identification:_identify(src/RL/DRL_robot_navigation_ros2/src/td3/scripts) by extension 'colcon_meta'
[0.393s] Level 1:colcon.colcon_core.package_identification:_identify(src/RL/DRL_robot_navigation_ros2/src/td3/scripts) by extensions ['ros']
[0.393s] Level 1:colcon.colcon_core.package_identification:_identify(src/RL/DRL_robot_navigation_ros2/src/td3/scripts) by extension 'ros'
[0.393s] Level 1:colcon.colcon_core.package_identification:_identify(src/RL/DRL_robot_navigation_ros2/src/td3/scripts) by extensions ['cmake', 'python']
[0.393s] Level 1:colcon.colcon_core.package_identification:_identify(src/RL/DRL_robot_navigation_ros2/src/td3/scripts) by extension 'cmake'
[0.394s] Level 1:colcon.colcon_core.package_identification:_identify(src/RL/DRL_robot_navigation_ros2/src/td3/scripts) by extension 'python'
[0.394s] Level 1:colcon.colcon_core.package_identification:_identify(src/RL/DRL_robot_navigation_ros2/src/td3/scripts) by extensions ['python_setup_py']
[0.394s] Level 1:colcon.colcon_core.package_identification:_identify(src/RL/DRL_robot_navigation_ros2/src/td3/scripts) by extension 'python_setup_py'
[0.394s] Level 1:colcon.colcon_core.package_identification:_identify(src/RL/DRL_robot_navigation_ros2/src/td3/scripts/runs) by extensions ['ignore', 'ignore_ament_install']
[0.394s] Level 1:colcon.colcon_core.package_identification:_identify(src/RL/DRL_robot_navigation_ros2/src/td3/scripts/runs) by extension 'ignore'
[0.394s] Level 1:colcon.colcon_core.package_identification:_identify(src/RL/DRL_robot_navigation_ros2/src/td3/scripts/runs) by extension 'ignore_ament_install'
[0.394s] Level 1:colcon.colcon_core.package_identification:_identify(src/RL/DRL_robot_navigation_ros2/src/td3/scripts/runs) by extensions ['colcon_pkg']
[0.394s] Level 1:colcon.colcon_core.package_identification:_identify(src/RL/DRL_robot_navigation_ros2/src/td3/scripts/runs) by extension 'colcon_pkg'
[0.394s] Level 1:colcon.colcon_core.package_identification:_identify(src/RL/DRL_robot_navigation_ros2/src/td3/scripts/runs) by extensions ['colcon_meta']
[0.394s] Level 1:colcon.colcon_core.package_identification:_identify(src/RL/DRL_robot_navigation_ros2/src/td3/scripts/runs) by extension 'colcon_meta'
[0.394s] Level 1:colcon.colcon_core.package_identification:_identify(src/RL/DRL_robot_navigation_ros2/src/td3/scripts/runs) by extensions ['ros']
[0.394s] Level 1:colcon.colcon_core.package_identification:_identify(src/RL/DRL_robot_navigation_ros2/src/td3/scripts/runs) by extension 'ros'
[0.394s] Level 1:colcon.colcon_core.package_identification:_identify(src/RL/DRL_robot_navigation_ros2/src/td3/scripts/runs) by extensions ['cmake', 'python']
[0.394s] Level 1:colcon.colcon_core.package_identification:_identify(src/RL/DRL_robot_navigation_ros2/src/td3/scripts/runs) by extension 'cmake'
[0.394s] Level 1:colcon.colcon_core.package_identification:_identify(src/RL/DRL_robot_navigation_ros2/src/td3/scripts/runs) by extension 'python'
[0.394s] Level 1:colcon.colcon_core.package_identification:_identify(src/RL/DRL_robot_navigation_ros2/src/td3/scripts/runs) by extensions ['python_setup_py']
[0.394s] Level 1:colcon.colcon_core.package_identification:_identify(src/RL/DRL_robot_navigation_ros2/src/td3/scripts/runs) by extension 'python_setup_py'
[0.394s] Level 1:colcon.colcon_core.package_identification:_identify(src/RL/__pycache__) by extensions ['ignore', 'ignore_ament_install']
[0.394s] Level 1:colcon.colcon_core.package_identification:_identify(src/RL/__pycache__) by extension 'ignore'
[0.394s] Level 1:colcon.colcon_core.package_identification:_identify(src/RL/__pycache__) by extension 'ignore_ament_install'
[0.394s] Level 1:colcon.colcon_core.package_identification:_identify(src/RL/__pycache__) by extensions ['colcon_pkg']
[0.394s] Level 1:colcon.colcon_core.package_identification:_identify(src/RL/__pycache__) by extension 'colcon_pkg'
[0.394s] Level 1:colcon.colcon_core.package_identification:_identify(src/RL/__pycache__) by extensions ['colcon_meta']
[0.394s] Level 1:colcon.colcon_core.package_identification:_identify(src/RL/__pycache__) by extension 'colcon_meta'
[0.394s] Level 1:colcon.colcon_core.package_identification:_identify(src/RL/__pycache__) by extensions ['ros']
[0.394s] Level 1:colcon.colcon_core.package_identification:_identify(src/RL/__pycache__) by extension 'ros'
[0.395s] Level 1:colcon.colcon_core.package_identification:_identify(src/RL/__pycache__) by extensions ['cmake', 'python']
[0.395s] Level 1:colcon.colcon_core.package_identification:_identify(src/RL/__pycache__) by extension 'cmake'
[0.395s] Level 1:colcon.colcon_core.package_identification:_identify(src/RL/__pycache__) by extension 'python'
[0.395s] Level 1:colcon.colcon_core.package_identification:_identify(src/RL/__pycache__) by extensions ['python_setup_py']
[0.395s] Level 1:colcon.colcon_core.package_identification:_identify(src/RL/__pycache__) by extension 'python_setup_py'
[0.395s] Level 1:colcon.colcon_core.package_identification:_identify(src/RL/pytorch_models) by extensions ['ignore', 'ignore_ament_install']
[0.395s] Level 1:colcon.colcon_core.package_identification:_identify(src/RL/pytorch_models) by extension 'ignore'
[0.395s] Level 1:colcon.colcon_core.package_identification:_identify(src/RL/pytorch_models) by extension 'ignore_ament_install'
[0.395s] Level 1:colcon.colcon_core.package_identification:_identify(src/RL/pytorch_models) by extensions ['colcon_pkg']
[0.395s] Level 1:colcon.colcon_core.package_identification:_identify(src/RL/pytorch_models) by extension 'colcon_pkg'
[0.395s] Level 1:colcon.colcon_core.package_identification:_identify(src/RL/pytorch_models) by extensions ['colcon_meta']
[0.395s] Level 1:colcon.colcon_core.package_identification:_identify(src/RL/pytorch_models) by extension 'colcon_meta'
[0.395s] Level 1:colcon.colcon_core.package_identification:_identify(src/RL/pytorch_models) by extensions ['ros']
[0.395s] Level 1:colcon.colcon_core.package_identification:_identify(src/RL/pytorch_models) by extension 'ros'
[0.395s] Level 1:colcon.colcon_core.package_identification:_identify(src/RL/pytorch_models) by extensions ['cmake', 'python']
[0.395s] Level 1:colcon.colcon_core.package_identification:_identify(src/RL/pytorch_models) by extension 'cmake'
[0.395s] Level 1:colcon.colcon_core.package_identification:_identify(src/RL/pytorch_models) by extension 'python'
[0.395s] Level 1:colcon.colcon_core.package_identification:_identify(src/RL/pytorch_models) by extensions ['python_setup_py']
[0.395s] Level 1:colcon.colcon_core.package_identification:_identify(src/RL/pytorch_models) by extension 'python_setup_py'
[0.395s] Level 1:colcon.colcon_core.package_identification:_identify(src/RL/results) by extensions ['ignore', 'ignore_ament_install']
[0.395s] Level 1:colcon.colcon_core.package_identification:_identify(src/RL/results) by extension 'ignore'
[0.395s] Level 1:colcon.colcon_core.package_identification:_identify(src/RL/results) by extension 'ignore_ament_install'
[0.395s] Level 1:colcon.colcon_core.package_identification:_identify(src/RL/results) by extensions ['colcon_pkg']
[0.395s] Level 1:colcon.colcon_core.package_identification:_identify(src/RL/results) by extension 'colcon_pkg'
[0.396s] Level 1:colcon.colcon_core.package_identification:_identify(src/RL/results) by extensions ['colcon_meta']
[0.396s] Level 1:colcon.colcon_core.package_identification:_identify(src/RL/results) by extension 'colcon_meta'
[0.396s] Level 1:colcon.colcon_core.package_identification:_identify(src/RL/results) by extensions ['ros']
[0.396s] Level 1:colcon.colcon_core.package_identification:_identify(src/RL/results) by extension 'ros'
[0.396s] Level 1:colcon.colcon_core.package_identification:_identify(src/RL/results) by extensions ['cmake', 'python']
[0.396s] Level 1:colcon.colcon_core.package_identification:_identify(src/RL/results) by extension 'cmake'
[0.396s] Level 1:colcon.colcon_core.package_identification:_identify(src/RL/results) by extension 'python'
[0.396s] Level 1:colcon.colcon_core.package_identification:_identify(src/RL/results) by extensions ['python_setup_py']
[0.396s] Level 1:colcon.colcon_core.package_identification:_identify(src/RL/results) by extension 'python_setup_py'
[0.396s] Level 1:colcon.colcon_core.package_identification:_identify(src/RL/runs) by extensions ['ignore', 'ignore_ament_install']
[0.396s] Level 1:colcon.colcon_core.package_identification:_identify(src/RL/runs) by extension 'ignore'
[0.396s] Level 1:colcon.colcon_core.package_identification:_identify(src/RL/runs) by extension 'ignore_ament_install'
[0.396s] Level 1:colcon.colcon_core.package_identification:_identify(src/RL/runs) by extensions ['colcon_pkg']
[0.396s] Level 1:colcon.colcon_core.package_identification:_identify(src/RL/runs) by extension 'colcon_pkg'
[0.396s] Level 1:colcon.colcon_core.package_identification:_identify(src/RL/runs) by extensions ['colcon_meta']
[0.396s] Level 1:colcon.colcon_core.package_identification:_identify(src/RL/runs) by extension 'colcon_meta'
[0.396s] Level 1:colcon.colcon_core.package_identification:_identify(src/RL/runs) by extensions ['ros']
[0.396s] Level 1:colcon.colcon_core.package_identification:_identify(src/RL/runs) by extension 'ros'
[0.396s] Level 1:colcon.colcon_core.package_identification:_identify(src/RL/runs) by extensions ['cmake', 'python']
[0.396s] Level 1:colcon.colcon_core.package_identification:_identify(src/RL/runs) by extension 'cmake'
[0.396s] Level 1:colcon.colcon_core.package_identification:_identify(src/RL/runs) by extension 'python'
[0.396s] Level 1:colcon.colcon_core.package_identification:_identify(src/RL/runs) by extensions ['python_setup_py']
[0.396s] Level 1:colcon.colcon_core.package_identification:_identify(src/RL/runs) by extension 'python_setup_py'
[0.396s] Level 1:colcon.colcon_core.package_identification:_identify(src/autobot_recog) by extensions ['ignore', 'ignore_ament_install']
[0.396s] Level 1:colcon.colcon_core.package_identification:_identify(src/autobot_recog) by extension 'ignore'
[0.396s] Level 1:colcon.colcon_core.package_identification:_identify(src/autobot_recog) by extension 'ignore_ament_install'
[0.396s] Level 1:colcon.colcon_core.package_identification:_identify(src/autobot_recog) by extensions ['colcon_pkg']
[0.397s] Level 1:colcon.colcon_core.package_identification:_identify(src/autobot_recog) by extension 'colcon_pkg'
[0.397s] Level 1:colcon.colcon_core.package_identification:_identify(src/autobot_recog) by extensions ['colcon_meta']
[0.397s] Level 1:colcon.colcon_core.package_identification:_identify(src/autobot_recog) by extension 'colcon_meta'
[0.397s] Level 1:colcon.colcon_core.package_identification:_identify(src/autobot_recog) by extensions ['ros']
[0.397s] Level 1:colcon.colcon_core.package_identification:_identify(src/autobot_recog) by extension 'ros'
[0.399s] DEBUG:colcon.colcon_core.package_identification:Package 'src/autobot_recog' with type 'ros.ament_python' and name 'autobot_recog'
[0.399s] Level 1:colcon.colcon_core.package_identification:_identify(src/communication_msgs) by extensions ['ignore', 'ignore_ament_install']
[0.399s] Level 1:colcon.colcon_core.package_identification:_identify(src/communication_msgs) by extension 'ignore'
[0.399s] Level 1:colcon.colcon_core.package_identification:_identify(src/communication_msgs) by extension 'ignore_ament_install'
[0.399s] Level 1:colcon.colcon_core.package_identification:_identify(src/communication_msgs) by extensions ['colcon_pkg']
[0.399s] Level 1:colcon.colcon_core.package_identification:_identify(src/communication_msgs) by extension 'colcon_pkg'
[0.399s] Level 1:colcon.colcon_core.package_identification:_identify(src/communication_msgs) by extensions ['colcon_meta']
[0.399s] Level 1:colcon.colcon_core.package_identification:_identify(src/communication_msgs) by extension 'colcon_meta'
[0.399s] Level 1:colcon.colcon_core.package_identification:_identify(src/communication_msgs) by extensions ['ros']
[0.399s] Level 1:colcon.colcon_core.package_identification:_identify(src/communication_msgs) by extension 'ros'
[0.400s] DEBUG:colcon.colcon_core.package_identification:Package 'src/communication_msgs' with type 'ros.ament_cmake' and name 'communication_msgs'
[0.400s] Level 1:colcon.colcon_core.package_identification:_identify(src/td3) by extensions ['ignore', 'ignore_ament_install']
[0.400s] Level 1:colcon.colcon_core.package_identification:_identify(src/td3) by extension 'ignore'
[0.400s] Level 1:colcon.colcon_core.package_identification:_identify(src/td3) by extension 'ignore_ament_install'
[0.400s] Level 1:colcon.colcon_core.package_identification:_identify(src/td3) by extensions ['colcon_pkg']
[0.400s] Level 1:colcon.colcon_core.package_identification:_identify(src/td3) by extension 'colcon_pkg'
[0.400s] Level 1:colcon.colcon_core.package_identification:_identify(src/td3) by extensions ['colcon_meta']
[0.400s] Level 1:colcon.colcon_core.package_identification:_identify(src/td3) by extension 'colcon_meta'
[0.400s] Level 1:colcon.colcon_core.package_identification:_identify(src/td3) by extensions ['ros']
[0.400s] Level 1:colcon.colcon_core.package_identification:_identify(src/td3) by extension 'ros'
[0.400s] Level 1:colcon.colcon_core.package_identification:_identify(src/td3) by extensions ['cmake', 'python']
[0.400s] Level 1:colcon.colcon_core.package_identification:_identify(src/td3) by extension 'cmake'
[0.400s] Level 1:colcon.colcon_core.package_identification:_identify(src/td3) by extension 'python'
[0.400s] Level 1:colcon.colcon_core.package_identification:_identify(src/td3) by extensions ['python_setup_py']
[0.400s] Level 1:colcon.colcon_core.package_identification:_identify(src/td3) by extension 'python_setup_py'
[0.401s] Level 1:colcon.colcon_core.package_identification:_identify(src/td3/__pycache__) by extensions ['ignore', 'ignore_ament_install']
[0.401s] Level 1:colcon.colcon_core.package_identification:_identify(src/td3/__pycache__) by extension 'ignore'
[0.401s] Level 1:colcon.colcon_core.package_identification:_identify(src/td3/__pycache__) by extension 'ignore_ament_install'
[0.401s] Level 1:colcon.colcon_core.package_identification:_identify(src/td3/__pycache__) by extensions ['colcon_pkg']
[0.401s] Level 1:colcon.colcon_core.package_identification:_identify(src/td3/__pycache__) by extension 'colcon_pkg'
[0.401s] Level 1:colcon.colcon_core.package_identification:_identify(src/td3/__pycache__) by extensions ['colcon_meta']
[0.401s] Level 1:colcon.colcon_core.package_identification:_identify(src/td3/__pycache__) by extension 'colcon_meta'
[0.401s] Level 1:colcon.colcon_core.package_identification:_identify(src/td3/__pycache__) by extensions ['ros']
[0.401s] Level 1:colcon.colcon_core.package_identification:_identify(src/td3/__pycache__) by extension 'ros'
[0.401s] Level 1:colcon.colcon_core.package_identification:_identify(src/td3/__pycache__) by extensions ['cmake', 'python']
[0.401s] Level 1:colcon.colcon_core.package_identification:_identify(src/td3/__pycache__) by extension 'cmake'
[0.401s] Level 1:colcon.colcon_core.package_identification:_identify(src/td3/__pycache__) by extension 'python'
[0.401s] Level 1:colcon.colcon_core.package_identification:_identify(src/td3/__pycache__) by extensions ['python_setup_py']
[0.401s] Level 1:colcon.colcon_core.package_identification:_identify(src/td3/__pycache__) by extension 'python_setup_py'
[0.401s] Level 1:colcon.colcon_core.package_identification:_identify(src/td3/pytorch_models) by extensions ['ignore', 'ignore_ament_install']
[0.401s] Level 1:colcon.colcon_core.package_identification:_identify(src/td3/pytorch_models) by extension 'ignore'
[0.401s] Level 1:colcon.colcon_core.package_identification:_identify(src/td3/pytorch_models) by extension 'ignore_ament_install'
[0.401s] Level 1:colcon.colcon_core.package_identification:_identify(src/td3/pytorch_models) by extensions ['colcon_pkg']
[0.401s] Level 1:colcon.colcon_core.package_identification:_identify(src/td3/pytorch_models) by extension 'colcon_pkg'
[0.401s] Level 1:colcon.colcon_core.package_identification:_identify(src/td3/pytorch_models) by extensions ['colcon_meta']
[0.401s] Level 1:colcon.colcon_core.package_identification:_identify(src/td3/pytorch_models) by extension 'colcon_meta'
[0.401s] Level 1:colcon.colcon_core.package_identification:_identify(src/td3/pytorch_models) by extensions ['ros']
[0.401s] Level 1:colcon.colcon_core.package_identification:_identify(src/td3/pytorch_models) by extension 'ros'
[0.401s] Level 1:colcon.colcon_core.package_identification:_identify(src/td3/pytorch_models) by extensions ['cmake', 'python']
[0.401s] Level 1:colcon.colcon_core.package_identification:_identify(src/td3/pytorch_models) by extension 'cmake'
[0.401s] Level 1:colcon.colcon_core.package_identification:_identify(src/td3/pytorch_models) by extension 'python'
[0.401s] Level 1:colcon.colcon_core.package_identification:_identify(src/td3/pytorch_models) by extensions ['python_setup_py']
[0.402s] Level 1:colcon.colcon_core.package_identification:_identify(src/td3/pytorch_models) by extension 'python_setup_py'
[0.402s] Level 1:colcon.colcon_core.package_identification:_identify(src/td3/results) by extensions ['ignore', 'ignore_ament_install']
[0.402s] Level 1:colcon.colcon_core.package_identification:_identify(src/td3/results) by extension 'ignore'
[0.402s] Level 1:colcon.colcon_core.package_identification:_identify(src/td3/results) by extension 'ignore_ament_install'
[0.402s] Level 1:colcon.colcon_core.package_identification:_identify(src/td3/results) by extensions ['colcon_pkg']
[0.402s] Level 1:colcon.colcon_core.package_identification:_identify(src/td3/results) by extension 'colcon_pkg'
[0.402s] Level 1:colcon.colcon_core.package_identification:_identify(src/td3/results) by extensions ['colcon_meta']
[0.402s] Level 1:colcon.colcon_core.package_identification:_identify(src/td3/results) by extension 'colcon_meta'
[0.402s] Level 1:colcon.colcon_core.package_identification:_identify(src/td3/results) by extensions ['ros']
[0.402s] Level 1:colcon.colcon_core.package_identification:_identify(src/td3/results) by extension 'ros'
[0.402s] Level 1:colcon.colcon_core.package_identification:_identify(src/td3/results) by extensions ['cmake', 'python']
[0.402s] Level 1:colcon.colcon_core.package_identification:_identify(src/td3/results) by extension 'cmake'
[0.402s] Level 1:colcon.colcon_core.package_identification:_identify(src/td3/results) by extension 'python'
[0.402s] Level 1:colcon.colcon_core.package_identification:_identify(src/td3/results) by extensions ['python_setup_py']
[0.402s] Level 1:colcon.colcon_core.package_identification:_identify(src/td3/results) by extension 'python_setup_py'
[0.402s] Level 1:colcon.colcon_core.package_identification:_identify(src/td3/runs) by extensions ['ignore', 'ignore_ament_install']
[0.402s] Level 1:colcon.colcon_core.package_identification:_identify(src/td3/runs) by extension 'ignore'
[0.402s] Level 1:colcon.colcon_core.package_identification:_identify(src/td3/runs) by extension 'ignore_ament_install'
[0.402s] Level 1:colcon.colcon_core.package_identification:_identify(src/td3/runs) by extensions ['colcon_pkg']
[0.402s] Level 1:colcon.colcon_core.package_identification:_identify(src/td3/runs) by extension 'colcon_pkg'
[0.402s] Level 1:colcon.colcon_core.package_identification:_identify(src/td3/runs) by extensions ['colcon_meta']
[0.402s] Level 1:colcon.colcon_core.package_identification:_identify(src/td3/runs) by extension 'colcon_meta'
[0.402s] Level 1:colcon.colcon_core.package_identification:_identify(src/td3/runs) by extensions ['ros']
[0.402s] Level 1:colcon.colcon_core.package_identification:_identify(src/td3/runs) by extension 'ros'
[0.403s] Level 1:colcon.colcon_core.package_identification:_identify(src/td3/runs) by extensions ['cmake', 'python']
[0.403s] Level 1:colcon.colcon_core.package_identification:_identify(src/td3/runs) by extension 'cmake'
[0.403s] Level 1:colcon.colcon_core.package_identification:_identify(src/td3/runs) by extension 'python'
[0.403s] Level 1:colcon.colcon_core.package_identification:_identify(src/td3/runs) by extensions ['python_setup_py']
[0.403s] Level 1:colcon.colcon_core.package_identification:_identify(src/td3/runs) by extension 'python_setup_py'
[0.403s] Level 1:colcon.colcon_core.package_discovery:discover_packages(recursive) using defaults
[0.403s] Level 1:colcon.colcon_core.package_discovery:discover_packages(ignore) discover
[0.403s] Level 1:colcon.colcon_core.package_discovery:discover_packages(ignore) using defaults
[0.403s] Level 1:colcon.colcon_core.package_discovery:discover_packages(path) discover
[0.403s] Level 1:colcon.colcon_core.package_discovery:discover_packages(path) using defaults
[0.422s] Level 1:colcon.colcon_core.package_discovery:discover_packages(prefix_path) check parameters
[0.422s] Level 1:colcon.colcon_core.package_discovery:discover_packages(prefix_path) discover
[0.425s] DEBUG:colcon.colcon_installed_package_information.package_discovery:Found 2 installed packages in /home/rudra/bharatforge/abhiroop/install
[0.426s] DEBUG:colcon.colcon_installed_package_information.package_discovery:Found 1 installed packages in /home/rudra/turtlebot3_ws/install
[0.426s] DEBUG:colcon.colcon_installed_package_information.package_discovery:Found 2 installed packages in /home/rudra/abhiroop/install
[0.427s] DEBUG:colcon.colcon_installed_package_information.package_discovery:Found 3 installed packages in /home/rudra/ws_offboard_control/install
[0.428s] DEBUG:colcon.colcon_installed_package_information.package_discovery:Found 406 installed packages in /opt/ros/humble
[0.429s] Level 1:colcon.colcon_core.package_discovery:discover_packages(prefix_path) using defaults
[0.474s] Level 5:colcon.colcon_core.verb:set package 'autobot_recog' build argument 'cmake_args' from command line to 'None'
[0.474s] Level 5:colcon.colcon_core.verb:set package 'autobot_recog' build argument 'cmake_target' from command line to 'None'
[0.474s] Level 5:colcon.colcon_core.verb:set package 'autobot_recog' build argument 'cmake_target_skip_unavailable' from command line to 'False'
[0.474s] Level 5:colcon.colcon_core.verb:set package 'autobot_recog' build argument 'cmake_clean_cache' from command line to 'False'
[0.474s] Level 5:colcon.colcon_core.verb:set package 'autobot_recog' build argument 'cmake_clean_first' from command line to 'False'
[0.474s] Level 5:colcon.colcon_core.verb:set package 'autobot_recog' build argument 'cmake_force_configure' from command line to 'False'
[0.474s] Level 5:colcon.colcon_core.verb:set package 'autobot_recog' build argument 'ament_cmake_args' from command line to 'None'
[0.474s] Level 5:colcon.colcon_core.verb:set package 'autobot_recog' build argument 'catkin_cmake_args' from command line to 'None'
[0.474s] Level 5:colcon.colcon_core.verb:set package 'autobot_recog' build argument 'catkin_skip_building_tests' from command line to 'False'
[0.474s] DEBUG:colcon.colcon_core.verb:Building package 'autobot_recog' with the following arguments: {'ament_cmake_args': None, 'build_base': '/home/rudra/bharatforge/abhiroop/build/autobot_recog', 'catkin_cmake_args': None, 'catkin_skip_building_tests': False, 'cmake_args': None, 'cmake_clean_cache': False, 'cmake_clean_first': False, 'cmake_force_configure': False, 'cmake_target': None, 'cmake_target_skip_unavailable': False, 'install_base': '/home/rudra/bharatforge/abhiroop/install/autobot_recog', 'merge_install': False, 'path': '/home/rudra/bharatforge/abhiroop/src/autobot_recog', 'symlink_install': False, 'test_result_base': None}
[0.474s] Level 5:colcon.colcon_core.verb:set package 'communication_msgs' build argument 'cmake_args' from command line to 'None'
[0.475s] Level 5:colcon.colcon_core.verb:set package 'communication_msgs' build argument 'cmake_target' from command line to 'None'
[0.475s] Level 5:colcon.colcon_core.verb:set package 'communication_msgs' build argument 'cmake_target_skip_unavailable' from command line to 'False'
[0.475s] Level 5:colcon.colcon_core.verb:set package 'communication_msgs' build argument 'cmake_clean_cache' from command line to 'False'
[0.475s] Level 5:colcon.colcon_core.verb:set package 'communication_msgs' build argument 'cmake_clean_first' from command line to 'False'
[0.475s] Level 5:colcon.colcon_core.verb:set package 'communication_msgs' build argument 'cmake_force_configure' from command line to 'False'
[0.475s] Level 5:colcon.colcon_core.verb:set package 'communication_msgs' build argument 'ament_cmake_args' from command line to 'None'
[0.475s] Level 5:colcon.colcon_core.verb:set package 'communication_msgs' build argument 'catkin_cmake_args' from command line to 'None'
[0.475s] Level 5:colcon.colcon_core.verb:set package 'communication_msgs' build argument 'catkin_skip_building_tests' from command line to 'False'
[0.475s] DEBUG:colcon.colcon_core.verb:Building package 'communication_msgs' with the following arguments: {'ament_cmake_args': None, 'build_base': '/home/rudra/bharatforge/abhiroop/build/communication_msgs', 'catkin_cmake_args': None, 'catkin_skip_building_tests': False, 'cmake_args': None, 'cmake_clean_cache': False, 'cmake_clean_first': False, 'cmake_force_configure': False, 'cmake_target': None, 'cmake_target_skip_unavailable': False, 'install_base': '/home/rudra/bharatforge/abhiroop/install/communication_msgs', 'merge_install': False, 'path': '/home/rudra/bharatforge/abhiroop/src/communication_msgs', 'symlink_install': False, 'test_result_base': None}
[0.475s] INFO:colcon.colcon_core.executor:Executing jobs using 'parallel' executor
[0.476s] DEBUG:colcon.colcon_parallel_executor.executor.parallel:run_until_complete
[0.476s] INFO:colcon.colcon_ros.task.ament_python.build:Building ROS package in '/home/rudra/bharatforge/abhiroop/src/autobot_recog' with build type 'ament_python'
[0.476s] Level 1:colcon.colcon_core.shell:create_environment_hook('autobot_recog', 'ament_prefix_path')
[0.479s] INFO:colcon.colcon_core.plugin_system:Skipping extension 'colcon_core.shell.bat': Not used on non-Windows systems
[0.479s] INFO:colcon.colcon_core.shell:Creating environment hook '/home/rudra/bharatforge/abhiroop/install/autobot_recog/share/autobot_recog/hook/ament_prefix_path.ps1'
[0.480s] INFO:colcon.colcon_core.shell:Creating environment descriptor '/home/rudra/bharatforge/abhiroop/install/autobot_recog/share/autobot_recog/hook/ament_prefix_path.dsv'
[0.480s] INFO:colcon.colcon_core.shell:Creating environment hook '/home/rudra/bharatforge/abhiroop/install/autobot_recog/share/autobot_recog/hook/ament_prefix_path.sh'
[0.481s] INFO:colcon.colcon_core.shell:Skip shell extension 'powershell' for command environment: Not usable outside of PowerShell
[0.481s] DEBUG:colcon.colcon_core.shell:Skip shell extension 'dsv' for command environment
[0.486s] INFO:colcon.colcon_ros.task.ament_cmake.build:Building ROS package in '/home/rudra/bharatforge/abhiroop/src/communication_msgs' with build type 'ament_cmake'
[0.486s] INFO:colcon.colcon_cmake.task.cmake.build:Building CMake package in '/home/rudra/bharatforge/abhiroop/src/communication_msgs'
[0.486s] INFO:colcon.colcon_core.shell:Skip shell extension 'powershell' for command environment: Not usable outside of PowerShell
[0.486s] DEBUG:colcon.colcon_core.shell:Skip shell extension 'dsv' for command environment
[0.749s] INFO:colcon.colcon_core.task.python.build:Building Python package in '/home/rudra/bharatforge/abhiroop/src/autobot_recog'
[0.749s] INFO:colcon.colcon_core.shell:Skip shell extension 'powershell' for command environment: Not usable outside of PowerShell
[0.749s] DEBUG:colcon.colcon_core.shell:Skip shell extension 'dsv' for command environment
[0.758s] DEBUG:colcon.colcon_core.event_handler.log_command:Invoking command in '/home/rudra/bharatforge/abhiroop/build/communication_msgs': CMAKE_PREFIX_PATH=/home/rudra/bharatforge/abhiroop/install/communication_msgs:/home/rudra/abhiroop/install/communication_msgs:/home/rudra/ws_offboard_control/install/px4_ros_com:/home/rudra/ws_offboard_control/install/px4_msgs:/home/rudra/bharatforge/abhiroop/install/autobot_recog:/home/rudra/abhiroop/install/autobot_recog:/opt/ros/humble:/home/rudra/ws_offboard_control/install/lidar_bridge /usr/bin/cmake --build /home/rudra/bharatforge/abhiroop/build/communication_msgs -- -j12 -l12
[1.157s] DEBUG:colcon.colcon_core.event_handler.log_command:Invoked command in '/home/rudra/bharatforge/abhiroop/build/communication_msgs' returned '0': CMAKE_PREFIX_PATH=/home/rudra/bharatforge/abhiroop/install/communication_msgs:/home/rudra/abhiroop/install/communication_msgs:/home/rudra/ws_offboard_control/install/px4_ros_com:/home/rudra/ws_offboard_control/install/px4_msgs:/home/rudra/bharatforge/abhiroop/install/autobot_recog:/home/rudra/abhiroop/install/autobot_recog:/opt/ros/humble:/home/rudra/ws_offboard_control/install/lidar_bridge /usr/bin/cmake --build /home/rudra/bharatforge/abhiroop/build/communication_msgs -- -j12 -l12
[1.171s] DEBUG:colcon.colcon_core.event_handler.log_command:Invoking command in '/home/rudra/bharatforge/abhiroop/build/communication_msgs': CMAKE_PREFIX_PATH=/home/rudra/bharatforge/abhiroop/install/communication_msgs:/home/rudra/abhiroop/install/communication_msgs:/home/rudra/ws_offboard_control/install/px4_ros_com:/home/rudra/ws_offboard_control/install/px4_msgs:/home/rudra/bharatforge/abhiroop/install/autobot_recog:/home/rudra/abhiroop/install/autobot_recog:/opt/ros/humble:/home/rudra/ws_offboard_control/install/lidar_bridge /usr/bin/cmake --install /home/rudra/bharatforge/abhiroop/build/communication_msgs
[1.193s] DEBUG:colcon.colcon_core.event_handler.log_command:Invoking command in '/home/rudra/bharatforge/abhiroop/src/autobot_recog': PYTHONPATH=/home/rudra/bharatforge/abhiroop/build/autobot_recog/prefix_override:/usr/lib/python3/dist-packages/colcon_core/task/python/colcon_distutils_commands:/home/rudra/bharatforge/abhiroop/install/autobot_recog/lib/python3.10/site-packages:${PYTHONPATH} /usr/bin/python3 -W ignore:setup.py install is deprecated -W ignore:easy_install command is deprecated setup.py egg_info --egg-base ../../build/autobot_recog build --build-base /home/rudra/bharatforge/abhiroop/build/autobot_recog/build install --record /home/rudra/bharatforge/abhiroop/build/autobot_recog/install.log --single-version-externally-managed install_data
[1.258s] Level 1:colcon.colcon_core.environment:create_environment_scripts_only(communication_msgs)
[1.259s] DEBUG:colcon.colcon_core.event_handler.log_command:Invoked command in '/home/rudra/bharatforge/abhiroop/build/communication_msgs' returned '0': CMAKE_PREFIX_PATH=/home/rudra/bharatforge/abhiroop/install/communication_msgs:/home/rudra/abhiroop/install/communication_msgs:/home/rudra/ws_offboard_control/install/px4_ros_com:/home/rudra/ws_offboard_control/install/px4_msgs:/home/rudra/bharatforge/abhiroop/install/autobot_recog:/home/rudra/abhiroop/install/autobot_recog:/opt/ros/humble:/home/rudra/ws_offboard_control/install/lidar_bridge /usr/bin/cmake --install /home/rudra/bharatforge/abhiroop/build/communication_msgs
[1.262s] Level 1:colcon.colcon_core.environment:checking '/home/rudra/bharatforge/abhiroop/install/communication_msgs' for CMake module files
[1.263s] Level 1:colcon.colcon_core.environment:checking '/home/rudra/bharatforge/abhiroop/install/communication_msgs' for CMake config files
[1.264s] Level 1:colcon.colcon_core.shell:create_environment_hook('communication_msgs', 'cmake_prefix_path')
[1.264s] INFO:colcon.colcon_core.shell:Creating environment hook '/home/rudra/bharatforge/abhiroop/install/communication_msgs/share/communication_msgs/hook/cmake_prefix_path.ps1'
[1.264s] INFO:colcon.colcon_core.shell:Creating environment descriptor '/home/rudra/bharatforge/abhiroop/install/communication_msgs/share/communication_msgs/hook/cmake_prefix_path.dsv'
[1.265s] INFO:colcon.colcon_core.shell:Creating environment hook '/home/rudra/bharatforge/abhiroop/install/communication_msgs/share/communication_msgs/hook/cmake_prefix_path.sh'
[1.265s] Level 1:colcon.colcon_core.environment:checking '/home/rudra/bharatforge/abhiroop/install/communication_msgs/lib'
[1.265s] Level 1:colcon.colcon_core.shell:create_environment_hook('communication_msgs', 'ld_library_path_lib')
[1.265s] INFO:colcon.colcon_core.shell:Creating environment hook '/home/rudra/bharatforge/abhiroop/install/communication_msgs/share/communication_msgs/hook/ld_library_path_lib.ps1'
[1.266s] INFO:colcon.colcon_core.shell:Creating environment descriptor '/home/rudra/bharatforge/abhiroop/install/communication_msgs/share/communication_msgs/hook/ld_library_path_lib.dsv'
[1.266s] INFO:colcon.colcon_core.shell:Creating environment hook '/home/rudra/bharatforge/abhiroop/install/communication_msgs/share/communication_msgs/hook/ld_library_path_lib.sh'
[1.266s] Level 1:colcon.colcon_core.environment:checking '/home/rudra/bharatforge/abhiroop/install/communication_msgs/bin'
[1.266s] Level 1:colcon.colcon_core.environment:checking '/home/rudra/bharatforge/abhiroop/install/communication_msgs/lib/pkgconfig/communication_msgs.pc'
[1.267s] Level 1:colcon.colcon_core.environment:checking '/home/rudra/bharatforge/abhiroop/install/communication_msgs/lib/python3.10/site-packages'
[1.267s] Level 1:colcon.colcon_core.environment:checking '/home/rudra/bharatforge/abhiroop/install/communication_msgs/bin'
[1.267s] INFO:colcon.colcon_core.shell:Creating package script '/home/rudra/bharatforge/abhiroop/install/communication_msgs/share/communication_msgs/package.ps1'
[1.268s] INFO:colcon.colcon_core.shell:Creating package descriptor '/home/rudra/bharatforge/abhiroop/install/communication_msgs/share/communication_msgs/package.dsv'
[1.268s] INFO:colcon.colcon_core.shell:Creating package script '/home/rudra/bharatforge/abhiroop/install/communication_msgs/share/communication_msgs/package.sh'
[1.269s] INFO:colcon.colcon_core.shell:Creating package script '/home/rudra/bharatforge/abhiroop/install/communication_msgs/share/communication_msgs/package.bash'
[1.269s] INFO:colcon.colcon_core.shell:Creating package script '/home/rudra/bharatforge/abhiroop/install/communication_msgs/share/communication_msgs/package.zsh'
[1.270s] Level 1:colcon.colcon_core.environment:create_file_with_runtime_dependencies(/home/rudra/bharatforge/abhiroop/install/communication_msgs/share/colcon-core/packages/communication_msgs)
[1.271s] Level 1:colcon.colcon_core.environment:create_environment_scripts_only(communication_msgs)
[1.271s] Level 1:colcon.colcon_core.environment:checking '/home/rudra/bharatforge/abhiroop/install/communication_msgs' for CMake module files
[1.271s] Level 1:colcon.colcon_core.environment:checking '/home/rudra/bharatforge/abhiroop/install/communication_msgs' for CMake config files
[1.271s] Level 1:colcon.colcon_core.shell:create_environment_hook('communication_msgs', 'cmake_prefix_path')
[1.272s] INFO:colcon.colcon_core.shell:Creating environment hook '/home/rudra/bharatforge/abhiroop/install/communication_msgs/share/communication_msgs/hook/cmake_prefix_path.ps1'
[1.272s] INFO:colcon.colcon_core.shell:Creating environment descriptor '/home/rudra/bharatforge/abhiroop/install/communication_msgs/share/communication_msgs/hook/cmake_prefix_path.dsv'
[1.272s] INFO:colcon.colcon_core.shell:Creating environment hook '/home/rudra/bharatforge/abhiroop/install/communication_msgs/share/communication_msgs/hook/cmake_prefix_path.sh'
[1.273s] Level 1:colcon.colcon_core.environment:checking '/home/rudra/bharatforge/abhiroop/install/communication_msgs/lib'
[1.273s] Level 1:colcon.colcon_core.shell:create_environment_hook('communication_msgs', 'ld_library_path_lib')
[1.273s] INFO:colcon.colcon_core.shell:Creating environment hook '/home/rudra/bharatforge/abhiroop/install/communication_msgs/share/communication_msgs/hook/ld_library_path_lib.ps1'
[1.273s] INFO:colcon.colcon_core.shell:Creating environment descriptor '/home/rudra/bharatforge/abhiroop/install/communication_msgs/share/communication_msgs/hook/ld_library_path_lib.dsv'
[1.273s] INFO:colcon.colcon_core.shell:Creating environment hook '/home/rudra/bharatforge/abhiroop/install/communication_msgs/share/communication_msgs/hook/ld_library_path_lib.sh'
[1.274s] Level 1:colcon.colcon_core.environment:checking '/home/rudra/bharatforge/abhiroop/install/communication_msgs/bin'
[1.274s] Level 1:colcon.colcon_core.environment:checking '/home/rudra/bharatforge/abhiroop/install/communication_msgs/lib/pkgconfig/communication_msgs.pc'
[1.274s] Level 1:colcon.colcon_core.environment:checking '/home/rudra/bharatforge/abhiroop/install/communication_msgs/lib/python3.10/site-packages'
[1.274s] Level 1:colcon.colcon_core.environment:checking '/home/rudra/bharatforge/abhiroop/install/communication_msgs/bin'
[1.274s] INFO:colcon.colcon_core.shell:Creating package script '/home/rudra/bharatforge/abhiroop/install/communication_msgs/share/communication_msgs/package.ps1'
[1.275s] INFO:colcon.colcon_core.shell:Creating package descriptor '/home/rudra/bharatforge/abhiroop/install/communication_msgs/share/communication_msgs/package.dsv'
[1.275s] INFO:colcon.colcon_core.shell:Creating package script '/home/rudra/bharatforge/abhiroop/install/communication_msgs/share/communication_msgs/package.sh'
[1.275s] INFO:colcon.colcon_core.shell:Creating package script '/home/rudra/bharatforge/abhiroop/install/communication_msgs/share/communication_msgs/package.bash'
[1.276s] INFO:colcon.colcon_core.shell:Creating package script '/home/rudra/bharatforge/abhiroop/install/communication_msgs/share/communication_msgs/package.zsh'
[1.276s] Level 1:colcon.colcon_core.environment:create_file_with_runtime_dependencies(/home/rudra/bharatforge/abhiroop/install/communication_msgs/share/colcon-core/packages/communication_msgs)
[1.488s] Level 1:colcon.colcon_core.environment:checking '/home/rudra/bharatforge/abhiroop/install/autobot_recog' for CMake module files
[1.489s] DEBUG:colcon.colcon_core.event_handler.log_command:Invoked command in '/home/rudra/bharatforge/abhiroop/src/autobot_recog' returned '0': PYTHONPATH=/home/rudra/bharatforge/abhiroop/build/autobot_recog/prefix_override:/usr/lib/python3/dist-packages/colcon_core/task/python/colcon_distutils_commands:/home/rudra/bharatforge/abhiroop/install/autobot_recog/lib/python3.10/site-packages:${PYTHONPATH} /usr/bin/python3 -W ignore:setup.py install is deprecated -W ignore:easy_install command is deprecated setup.py egg_info --egg-base ../../build/autobot_recog build --build-base /home/rudra/bharatforge/abhiroop/build/autobot_recog/build install --record /home/rudra/bharatforge/abhiroop/build/autobot_recog/install.log --single-version-externally-managed install_data
[1.489s] Level 1:colcon.colcon_core.environment:checking '/home/rudra/bharatforge/abhiroop/install/autobot_recog' for CMake config files
[1.490s] Level 1:colcon.colcon_core.environment:checking '/home/rudra/bharatforge/abhiroop/install/autobot_recog/lib'
[1.490s] Level 1:colcon.colcon_core.environment:checking '/home/rudra/bharatforge/abhiroop/install/autobot_recog/bin'
[1.490s] Level 1:colcon.colcon_core.environment:checking '/home/rudra/bharatforge/abhiroop/install/autobot_recog/lib/pkgconfig/autobot_recog.pc'
[1.490s] Level 1:colcon.colcon_core.environment:checking '/home/rudra/bharatforge/abhiroop/install/autobot_recog/lib/python3.10/site-packages'
[1.491s] Level 1:colcon.colcon_core.shell:create_environment_hook('autobot_recog', 'pythonpath')
[1.491s] INFO:colcon.colcon_core.shell:Creating environment hook '/home/rudra/bharatforge/abhiroop/install/autobot_recog/share/autobot_recog/hook/pythonpath.ps1'
[1.491s] INFO:colcon.colcon_core.shell:Creating environment descriptor '/home/rudra/bharatforge/abhiroop/install/autobot_recog/share/autobot_recog/hook/pythonpath.dsv'
[1.492s] INFO:colcon.colcon_core.shell:Creating environment hook '/home/rudra/bharatforge/abhiroop/install/autobot_recog/share/autobot_recog/hook/pythonpath.sh'
[1.492s] Level 1:colcon.colcon_core.environment:checking '/home/rudra/bharatforge/abhiroop/install/autobot_recog/bin'
[1.492s] Level 1:colcon.colcon_core.environment:create_environment_scripts_only(autobot_recog)
[1.493s] INFO:colcon.colcon_core.shell:Creating package script '/home/rudra/bharatforge/abhiroop/install/autobot_recog/share/autobot_recog/package.ps1'
[1.493s] INFO:colcon.colcon_core.shell:Creating package descriptor '/home/rudra/bharatforge/abhiroop/install/autobot_recog/share/autobot_recog/package.dsv'
[1.493s] INFO:colcon.colcon_core.shell:Creating package script '/home/rudra/bharatforge/abhiroop/install/autobot_recog/share/autobot_recog/package.sh'
[1.494s] INFO:colcon.colcon_core.shell:Creating package script '/home/rudra/bharatforge/abhiroop/install/autobot_recog/share/autobot_recog/package.bash'
[1.494s] INFO:colcon.colcon_core.shell:Creating package script '/home/rudra/bharatforge/abhiroop/install/autobot_recog/share/autobot_recog/package.zsh'
[1.494s] Level 1:colcon.colcon_core.environment:create_file_with_runtime_dependencies(/home/rudra/bharatforge/abhiroop/install/autobot_recog/share/colcon-core/packages/autobot_recog)
[1.494s] DEBUG:colcon.colcon_parallel_executor.executor.parallel:closing loop
[1.495s] DEBUG:colcon.colcon_parallel_executor.executor.parallel:loop closed
[1.495s] DEBUG:colcon.colcon_parallel_executor.executor.parallel:run_until_complete finished with '0'
[1.495s] DEBUG:colcon.colcon_core.event_reactor:joining thread
[1.501s] INFO:colcon.colcon_core.plugin_system:Skipping extension 'colcon_notification.desktop_notification.terminal_notifier': Not used on non-Darwin systems
[1.501s] INFO:colcon.colcon_core.plugin_system:Skipping extension 'colcon_notification.desktop_notification.win32': Not used on non-Windows systems
[1.501s] INFO:colcon.colcon_notification.desktop_notification:Sending desktop notification using 'notify2'
[1.518s] DEBUG:colcon.colcon_core.event_reactor:joined thread
[1.518s] INFO:colcon.colcon_core.shell:Creating prefix script '/home/rudra/bharatforge/abhiroop/install/local_setup.ps1'
[1.520s] INFO:colcon.colcon_core.shell:Creating prefix util module '/home/rudra/bharatforge/abhiroop/install/_local_setup_util_ps1.py'
[1.521s] INFO:colcon.colcon_core.shell:Creating prefix chain script '/home/rudra/bharatforge/abhiroop/install/setup.ps1'
[1.522s] INFO:colcon.colcon_core.shell:Creating prefix script '/home/rudra/bharatforge/abhiroop/install/local_setup.sh'
[1.523s] INFO:colcon.colcon_core.shell:Creating prefix util module '/home/rudra/bharatforge/abhiroop/install/_local_setup_util_sh.py'
[1.523s] INFO:colcon.colcon_core.shell:Creating prefix chain script '/home/rudra/bharatforge/abhiroop/install/setup.sh'
[1.525s] INFO:colcon.colcon_core.shell:Creating prefix script '/home/rudra/bharatforge/abhiroop/install/local_setup.bash'
[1.525s] INFO:colcon.colcon_core.shell:Creating prefix chain script '/home/rudra/bharatforge/abhiroop/install/setup.bash'
[1.527s] INFO:colcon.colcon_core.shell:Creating prefix script '/home/rudra/bharatforge/abhiroop/install/local_setup.zsh'
[1.527s] INFO:colcon.colcon_core.shell:Creating prefix chain script '/home/rudra/bharatforge/abhiroop/install/setup.zsh'
