[0.608s] Invoking command in '/home/rudra/bharatforge/abhiroop/build/autobot_recog': PYTHONPATH=/home/rudra/bharatforge/abhiroop/build/autobot_recog/prefix_override:/usr/lib/python3/dist-packages/colcon_core/task/python/colcon_distutils_commands:/home/rudra/bharatforge/abhiroop/install/autobot_recog/lib/python3.10/site-packages:${PYTHONPATH} /usr/bin/python3 -W ignore:setup.py install is deprecated -W ignore:easy_install command is deprecated setup.py develop --editable --build-directory /home/rudra/bharatforge/abhiroop/build/autobot_recog/build --no-deps symlink_data
[0.855s] running develop
[1.031s] running egg_info
[1.031s] writing autobot_recog.egg-info/PKG-INFO
[1.031s] writing dependency_links to autobot_recog.egg-info/dependency_links.txt
[1.031s] writing entry points to autobot_recog.egg-info/entry_points.txt
[1.032s] writing requirements to autobot_recog.egg-info/requires.txt
[1.032s] writing top-level names to autobot_recog.egg-info/top_level.txt
[1.033s] reading manifest file 'autobot_recog.egg-info/SOURCES.txt'
[1.034s] writing manifest file 'autobot_recog.egg-info/SOURCES.txt'
[1.035s] running build_ext
[1.035s] Creating /home/rudra/bharatforge/abhiroop/install/autobot_recog/lib/python3.10/site-packages/autobot-recog.egg-link (link to .)
[1.036s] Installing agent_node script to /home/rudra/bharatforge/abhiroop/install/autobot_recog/lib/autobot_recog
[1.036s] Installing image_save script to /home/rudra/bharatforge/abhiroop/install/autobot_recog/lib/autobot_recog
[1.036s] Installing move script to /home/rudra/bharatforge/abhiroop/install/autobot_recog/lib/autobot_recog
[1.036s] Installing multi_move script to /home/rudra/bharatforge/abhiroop/install/autobot_recog/lib/autobot_recog
[1.037s] Installing move.py script to /home/rudra/bharatforge/abhiroop/install/autobot_recog/lib/autobot_recog
[1.037s] Installing image_save.py script to /home/rudra/bharatforge/abhiroop/install/autobot_recog/lib/autobot_recog
[1.038s] Installing agent_node.py script to /home/rudra/bharatforge/abhiroop/install/autobot_recog/lib/autobot_recog
[1.038s] Installing multi_move.py script to /home/rudra/bharatforge/abhiroop/install/autobot_recog/lib/autobot_recog
[1.038s] 
[1.038s] Installed /home/rudra/bharatforge/abhiroop/build/autobot_recog
[1.038s] running symlink_data
[1.038s] creating /home/rudra/bharatforge/abhiroop/install/autobot_recog/share/ament_index
[1.039s] creating /home/rudra/bharatforge/abhiroop/install/autobot_recog/share/ament_index/resource_index
[1.039s] creating /home/rudra/bharatforge/abhiroop/install/autobot_recog/share/ament_index/resource_index/packages
[1.039s] symbolically linking /home/rudra/bharatforge/abhiroop/build/autobot_recog/resource/autobot_recog -> /home/rudra/bharatforge/abhiroop/install/autobot_recog/share/ament_index/resource_index/packages
[1.039s] symbolically linking /home/rudra/bharatforge/abhiroop/build/autobot_recog/package.xml -> /home/rudra/bharatforge/abhiroop/install/autobot_recog/share/autobot_recog
[1.039s] creating /home/rudra/bharatforge/abhiroop/install/autobot_recog/share/autobot_recog/launch
[1.039s] symbolically linking /home/rudra/bharatforge/abhiroop/build/autobot_recog/launch/office_launch.launch.py -> /home/rudra/bharatforge/abhiroop/install/autobot_recog/share/autobot_recog/launch
[1.039s] symbolically linking /home/rudra/bharatforge/abhiroop/build/autobot_recog/launch/warehouse_launch.launch.py -> /home/rudra/bharatforge/abhiroop/install/autobot_recog/share/autobot_recog/launch
[1.039s] symbolically linking /home/rudra/bharatforge/abhiroop/build/autobot_recog/launch/spawn_turtlebot_with_realsense.launch.py -> /home/rudra/bharatforge/abhiroop/install/autobot_recog/share/autobot_recog/launch
[1.039s] symbolically linking /home/rudra/bharatforge/abhiroop/build/autobot_recog/launch/multi_bot.launch.py -> /home/rudra/bharatforge/abhiroop/install/autobot_recog/share/autobot_recog/launch
[1.039s] symbolically linking /home/rudra/bharatforge/abhiroop/build/autobot_recog/launch/robot_state_publisher.launch.py -> /home/rudra/bharatforge/abhiroop/install/autobot_recog/share/autobot_recog/launch
[1.039s] symbolically linking /home/rudra/bharatforge/abhiroop/build/autobot_recog/launch/spawn_turtlebot_cam.launch.py -> /home/rudra/bharatforge/abhiroop/install/autobot_recog/share/autobot_recog/launch
[1.039s] symbolically linking /home/rudra/bharatforge/abhiroop/build/autobot_recog/launch/multi_turtlebot3.launch.py -> /home/rudra/bharatforge/abhiroop/install/autobot_recog/share/autobot_recog/launch
[1.039s] symbolically linking /home/rudra/bharatforge/abhiroop/build/autobot_recog/launch/multi_realsense_bot.launch.py -> /home/rudra/bharatforge/abhiroop/install/autobot_recog/share/autobot_recog/launch
[1.039s] symbolically linking /home/rudra/bharatforge/abhiroop/build/autobot_recog/launch/gazebo.launch.py -> /home/rudra/bharatforge/abhiroop/install/autobot_recog/share/autobot_recog/launch
[1.040s] symbolically linking /home/rudra/bharatforge/abhiroop/build/autobot_recog/launch/actor.launch.py -> /home/rudra/bharatforge/abhiroop/install/autobot_recog/share/autobot_recog/launch
[1.040s] symbolically linking /home/rudra/bharatforge/abhiroop/build/autobot_recog/launch/2.launch.py -> /home/rudra/bharatforge/abhiroop/install/autobot_recog/share/autobot_recog/launch
[1.040s] symbolically linking /home/rudra/bharatforge/abhiroop/build/autobot_recog/launch/1.launch.py -> /home/rudra/bharatforge/abhiroop/install/autobot_recog/share/autobot_recog/launch
[1.040s] symbolically linking /home/rudra/bharatforge/abhiroop/build/autobot_recog/launch/world_launch.launch.py -> /home/rudra/bharatforge/abhiroop/install/autobot_recog/share/autobot_recog/launch
[1.040s] symbolically linking /home/rudra/bharatforge/abhiroop/build/autobot_recog/launch/4.launch.py -> /home/rudra/bharatforge/abhiroop/install/autobot_recog/share/autobot_recog/launch
[1.040s] symbolically linking /home/rudra/bharatforge/abhiroop/build/autobot_recog/launch/rviz_gazebo_camera.launch.py -> /home/rudra/bharatforge/abhiroop/install/autobot_recog/share/autobot_recog/launch
[1.040s] symbolically linking /home/rudra/bharatforge/abhiroop/build/autobot_recog/launch/turtlebot3_Office_world.launch.py -> /home/rudra/bharatforge/abhiroop/install/autobot_recog/share/autobot_recog/launch
[1.040s] symbolically linking /home/rudra/bharatforge/abhiroop/build/autobot_recog/launch/multiple_bots.launch.py -> /home/rudra/bharatforge/abhiroop/install/autobot_recog/share/autobot_recog/launch
[1.040s] symbolically linking /home/rudra/bharatforge/abhiroop/build/autobot_recog/launch/spawn_turtlebot3.launch.py -> /home/rudra/bharatforge/abhiroop/install/autobot_recog/share/autobot_recog/launch
[1.040s] creating /home/rudra/bharatforge/abhiroop/install/autobot_recog/share/autobot_recog/urdf
[1.064s] Invoked command in '/home/rudra/bharatforge/abhiroop/build/autobot_recog' returned '0': PYTHONPATH=/home/rudra/bharatforge/abhiroop/build/autobot_recog/prefix_override:/usr/lib/python3/dist-packages/colcon_core/task/python/colcon_distutils_commands:/home/rudra/bharatforge/abhiroop/install/autobot_recog/lib/python3.10/site-packages:${PYTHONPATH} /usr/bin/python3 -W ignore:setup.py install is deprecated -W ignore:easy_install command is deprecated setup.py develop --editable --build-directory /home/rudra/bharatforge/abhiroop/build/autobot_recog/build --no-deps symlink_data
