[0.672s] Invoking command in '/home/rudra/bharatforge/abhiroop/src/autobot_recog/build/autobot_recog': PYTHONPATH=/home/rudra/bharatforge/abhiroop/src/autobot_recog/build/autobot_recog/prefix_override:/usr/lib/python3/dist-packages/colcon_core/task/python/colcon_distutils_commands:/home/rudra/bharatforge/abhiroop/src/autobot_recog/install/autobot_recog/lib/python3.10/site-packages:${PYTHONPATH} /usr/bin/python3 -W ignore:setup.py install is deprecated -W ignore:easy_install command is deprecated setup.py develop --editable --build-directory /home/rudra/bharatforge/abhiroop/src/autobot_recog/build/autobot_recog/build --no-deps symlink_data
[0.921s] running develop
[1.097s] running egg_info
[1.098s] writing autobot_recog.egg-info/PKG-INFO
[1.098s] writing dependency_links to autobot_recog.egg-info/dependency_links.txt
[1.098s] writing entry points to autobot_recog.egg-info/entry_points.txt
[1.098s] writing requirements to autobot_recog.egg-info/requires.txt
[1.098s] writing top-level names to autobot_recog.egg-info/top_level.txt
[1.106s] reading manifest file 'autobot_recog.egg-info/SOURCES.txt'
[1.107s] writing manifest file 'autobot_recog.egg-info/SOURCES.txt'
[1.108s] running build_ext
[1.108s] Creating /home/rudra/bharatforge/abhiroop/src/autobot_recog/install/autobot_recog/lib/python3.10/site-packages/autobot-recog.egg-link (link to .)
[1.109s] Installing agent_node script to /home/rudra/bharatforge/abhiroop/src/autobot_recog/install/autobot_recog/lib/autobot_recog
[1.109s] Installing image_save script to /home/rudra/bharatforge/abhiroop/src/autobot_recog/install/autobot_recog/lib/autobot_recog
[1.109s] Installing move script to /home/rudra/bharatforge/abhiroop/src/autobot_recog/install/autobot_recog/lib/autobot_recog
[1.109s] Installing multi_move script to /home/rudra/bharatforge/abhiroop/src/autobot_recog/install/autobot_recog/lib/autobot_recog
[1.110s] Installing move.py script to /home/rudra/bharatforge/abhiroop/src/autobot_recog/install/autobot_recog/lib/autobot_recog
[1.111s] Installing image_save.py script to /home/rudra/bharatforge/abhiroop/src/autobot_recog/install/autobot_recog/lib/autobot_recog
[1.112s] Installing agent_node.py script to /home/rudra/bharatforge/abhiroop/src/autobot_recog/install/autobot_recog/lib/autobot_recog
[1.112s] Installing multi_move.py script to /home/rudra/bharatforge/abhiroop/src/autobot_recog/install/autobot_recog/lib/autobot_recog
[1.112s] 
[1.112s] Installed /home/rudra/bharatforge/abhiroop/src/autobot_recog/build/autobot_recog
[1.112s] running symlink_data
[1.113s] symbolically linking /home/rudra/bharatforge/abhiroop/src/autobot_recog/build/autobot_recog/launch/spwan_turtlebot_cam.launch.py -> /home/rudra/bharatforge/abhiroop/src/autobot_recog/install/autobot_recog/share/autobot_recog/launch
[1.114s] error: can't copy '/home/rudra/bharatforge/abhiroop/src/autobot_recog/build/autobot_recog/launch/spawn_yolobot.py': doesn't exist or not a regular file
[1.139s] Invoked command in '/home/rudra/bharatforge/abhiroop/src/autobot_recog/build/autobot_recog' returned '1': PYTHONPATH=/home/rudra/bharatforge/abhiroop/src/autobot_recog/build/autobot_recog/prefix_override:/usr/lib/python3/dist-packages/colcon_core/task/python/colcon_distutils_commands:/home/rudra/bharatforge/abhiroop/src/autobot_recog/install/autobot_recog/lib/python3.10/site-packages:${PYTHONPATH} /usr/bin/python3 -W ignore:setup.py install is deprecated -W ignore:easy_install command is deprecated setup.py develop --editable --build-directory /home/rudra/bharatforge/abhiroop/src/autobot_recog/build/autobot_recog/build --no-deps symlink_data
