[0.631s] Invoking command in '/home/rudra/bharatforge/abhiroop/build/autobot_recog': PYTHONPATH=/home/rudra/bharatforge/abhiroop/build/autobot_recog/prefix_override:/usr/lib/python3/dist-packages/colcon_core/task/python/colcon_distutils_commands:/home/rudra/bharatforge/abhiroop/install/autobot_recog/lib/python3.10/site-packages:${PYTHONPATH} /usr/bin/python3 -W ignore:setup.py install is deprecated -W ignore:easy_install command is deprecated setup.py develop --editable --build-directory /home/rudra/bharatforge/abhiroop/build/autobot_recog/build --no-deps symlink_data
[0.878s] running develop
[1.054s] running egg_info
[1.054s] writing autobot_recog.egg-info/PKG-INFO
[1.054s] writing dependency_links to autobot_recog.egg-info/dependency_links.txt
[1.054s] writing entry points to autobot_recog.egg-info/entry_points.txt
[1.055s] writing requirements to autobot_recog.egg-info/requires.txt
[1.055s] writing top-level names to autobot_recog.egg-info/top_level.txt
[1.056s] reading manifest file 'autobot_recog.egg-info/SOURCES.txt'
[1.057s] writing manifest file 'autobot_recog.egg-info/SOURCES.txt'
[1.058s] running build_ext
[1.058s] Creating /home/rudra/bharatforge/abhiroop/install/autobot_recog/lib/python3.10/site-packages/autobot-recog.egg-link (link to .)
[1.059s] Installing agent_node script to /home/rudra/bharatforge/abhiroop/install/autobot_recog/lib/autobot_recog
[1.059s] Installing image_save script to /home/rudra/bharatforge/abhiroop/install/autobot_recog/lib/autobot_recog
[1.059s] Installing move script to /home/rudra/bharatforge/abhiroop/install/autobot_recog/lib/autobot_recog
[1.059s] Installing multi_move script to /home/rudra/bharatforge/abhiroop/install/autobot_recog/lib/autobot_recog
[1.060s] Installing move.py script to /home/rudra/bharatforge/abhiroop/install/autobot_recog/lib/autobot_recog
[1.060s] Installing image_save.py script to /home/rudra/bharatforge/abhiroop/install/autobot_recog/lib/autobot_recog
[1.061s] Installing agent_node.py script to /home/rudra/bharatforge/abhiroop/install/autobot_recog/lib/autobot_recog
[1.061s] Installing multi_move.py script to /home/rudra/bharatforge/abhiroop/install/autobot_recog/lib/autobot_recog
[1.061s] 
[1.062s] Installed /home/rudra/bharatforge/abhiroop/build/autobot_recog
[1.062s] running symlink_data
[1.062s] symbolically linking /home/rudra/bharatforge/abhiroop/build/autobot_recog/launch/multiple_bots.launch.py -> /home/rudra/bharatforge/abhiroop/install/autobot_recog/share/autobot_recog/launch
[1.062s] error: [Errno 17] File exists: '/home/rudra/bharatforge/abhiroop/build/autobot_recog/launch/multiple_bots.launch.py' -> '/home/rudra/bharatforge/abhiroop/install/autobot_recog/share/autobot_recog/launch/multiple_bots.launch.py'
[1.083s] Invoked command in '/home/rudra/bharatforge/abhiroop/build/autobot_recog' returned '1': PYTHONPATH=/home/rudra/bharatforge/abhiroop/build/autobot_recog/prefix_override:/usr/lib/python3/dist-packages/colcon_core/task/python/colcon_distutils_commands:/home/rudra/bharatforge/abhiroop/install/autobot_recog/lib/python3.10/site-packages:${PYTHONPATH} /usr/bin/python3 -W ignore:setup.py install is deprecated -W ignore:easy_install command is deprecated setup.py develop --editable --build-directory /home/rudra/bharatforge/abhiroop/build/autobot_recog/build --no-deps symlink_data
