[0.755s] Invoking command in '/home/rudra/bharatforge/abhiroop/build/autobot_recog': PYTHONPATH=/home/rudra/bharatforge/abhiroop/build/autobot_recog/prefix_override:/usr/lib/python3/dist-packages/colcon_core/task/python/colcon_distutils_commands:/home/rudra/bharatforge/abhiroop/install/autobot_recog/lib/python3.10/site-packages:${PYTHONPATH} /usr/bin/python3 -W ignore:setup.py install is deprecated -W ignore:easy_install command is deprecated setup.py develop --editable --build-directory /home/rudra/bharatforge/abhiroop/build/autobot_recog/build --no-deps symlink_data --force
[1.011s] running develop
[1.197s] running egg_info
[1.198s] writing autobot_recog.egg-info/PKG-INFO
[1.198s] writing dependency_links to autobot_recog.egg-info/dependency_links.txt
[1.198s] writing entry points to autobot_recog.egg-info/entry_points.txt
[1.198s] writing requirements to autobot_recog.egg-info/requires.txt
[1.198s] writing top-level names to autobot_recog.egg-info/top_level.txt
[1.200s] reading manifest file 'autobot_recog.egg-info/SOURCES.txt'
[1.201s] writing manifest file 'autobot_recog.egg-info/SOURCES.txt'
[1.202s] running build_ext
[1.203s] Creating /home/rudra/bharatforge/abhiroop/install/autobot_recog/lib/python3.10/site-packages/autobot-recog.egg-link (link to .)
[1.203s] Installing agent_node script to /home/rudra/bharatforge/abhiroop/install/autobot_recog/lib/autobot_recog
[1.203s] Installing image_save script to /home/rudra/bharatforge/abhiroop/install/autobot_recog/lib/autobot_recog
[1.203s] Installing move script to /home/rudra/bharatforge/abhiroop/install/autobot_recog/lib/autobot_recog
[1.204s] Installing multi_move script to /home/rudra/bharatforge/abhiroop/install/autobot_recog/lib/autobot_recog
[1.204s] Installing move.py script to /home/rudra/bharatforge/abhiroop/install/autobot_recog/lib/autobot_recog
[1.205s] Installing image_save.py script to /home/rudra/bharatforge/abhiroop/install/autobot_recog/lib/autobot_recog
[1.206s] Installing agent_node.py script to /home/rudra/bharatforge/abhiroop/install/autobot_recog/lib/autobot_recog
[1.206s] Installing multi_move.py script to /home/rudra/bharatforge/abhiroop/install/autobot_recog/lib/autobot_recog
[1.206s] 
[1.206s] Installed /home/rudra/bharatforge/abhiroop/build/autobot_recog
[1.207s] running symlink_data
[1.207s] symbolically linking /home/rudra/bharatforge/abhiroop/build/autobot_recog/resource/autobot_recog -> /home/rudra/bharatforge/abhiroop/install/autobot_recog/share/ament_index/resource_index/packages
[1.207s] symbolically linking /home/rudra/bharatforge/abhiroop/build/autobot_recog/package.xml -> /home/rudra/bharatforge/abhiroop/install/autobot_recog/share/autobot_recog
[1.207s] symbolically linking /home/rudra/bharatforge/abhiroop/build/autobot_recog/launch/office_launch.launch.py -> /home/rudra/bharatforge/abhiroop/install/autobot_recog/share/autobot_recog/launch
[1.207s] symbolically linking /home/rudra/bharatforge/abhiroop/build/autobot_recog/launch/warehouse_launch.launch.py -> /home/rudra/bharatforge/abhiroop/install/autobot_recog/share/autobot_recog/launch
[1.207s] symbolically linking /home/rudra/bharatforge/abhiroop/build/autobot_recog/launch/spawn_turtlebot_with_realsense.launch.py -> /home/rudra/bharatforge/abhiroop/install/autobot_recog/share/autobot_recog/launch
[1.207s] symbolically linking /home/rudra/bharatforge/abhiroop/build/autobot_recog/launch/multi_bot.launch.py -> /home/rudra/bharatforge/abhiroop/install/autobot_recog/share/autobot_recog/launch
[1.207s] symbolically linking /home/rudra/bharatforge/abhiroop/build/autobot_recog/launch/robot_state_publisher.launch.py -> /home/rudra/bharatforge/abhiroop/install/autobot_recog/share/autobot_recog/launch
[1.207s] symbolically linking /home/rudra/bharatforge/abhiroop/build/autobot_recog/launch/spawn_yolobot.py -> /home/rudra/bharatforge/abhiroop/install/autobot_recog/share/autobot_recog/launch
[1.207s] error: [Errno 2] No such file or directory: '/home/rudra/bharatforge/abhiroop/install/autobot_recog/share/autobot_recog/launch/multi_turtlebot3.launch.py'
[1.237s] Invoked command in '/home/rudra/bharatforge/abhiroop/build/autobot_recog' returned '1': PYTHONPATH=/home/rudra/bharatforge/abhiroop/build/autobot_recog/prefix_override:/usr/lib/python3/dist-packages/colcon_core/task/python/colcon_distutils_commands:/home/rudra/bharatforge/abhiroop/install/autobot_recog/lib/python3.10/site-packages:${PYTHONPATH} /usr/bin/python3 -W ignore:setup.py install is deprecated -W ignore:easy_install command is deprecated setup.py develop --editable --build-directory /home/rudra/bharatforge/abhiroop/build/autobot_recog/build --no-deps symlink_data --force
